{"/Users/maartenvandeperre/workspace/rag-example/frontend/src/App.js": {"path":"/Users/maartenvandeperre/workspace/rag-example/frontend/src/App.js","statementMap":{"0":{"start":{"line":12,"column":56},"end":{"line":12,"column":71}},"1":{"start":{"line":13,"column":36},"end":{"line":13,"column":50}},"2":{"start":{"line":14,"column":17},"end":{"line":14,"column":56}},"3":{"start":{"line":15,"column":26},"end":{"line":15,"column":68}},"4":{"start":{"line":16,"column":24},"end":{"line":19,"column":47}},"5":{"start":{"line":21,"column":2},"end":{"line":28,"column":9}},"6":{"start":{"line":22,"column":4},"end":{"line":27,"column":9}},"7":{"start":{"line":23,"column":18},"end":{"line":23,"column":46}},"8":{"start":{"line":25,"column":8},"end":{"line":25,"column":36}},"9":{"start":{"line":26,"column":8},"end":{"line":26,"column":37}},"10":{"start":{"line":30,"column":2},"end":{"line":32,"column":3}},"11":{"start":{"line":31,"column":4},"end":{"line":31,"column":77}},"12":{"start":{"line":34,"column":2},"end":{"line":48,"column":4}}},"fnMap":{"0":{"name":"App","decl":{"start":{"line":11,"column":9},"end":{"line":11,"column":12}},"loc":{"start":{"line":11,"column":15},"end":{"line":49,"column":1}},"line":11},"1":{"name":"(anonymous_1)","decl":{"start":{"line":21,"column":12},"end":{"line":21,"column":13}},"loc":{"start":{"line":21,"column":18},"end":{"line":28,"column":3}},"line":21},"2":{"name":"(anonymous_2)","decl":{"start":{"line":23,"column":12},"end":{"line":23,"column":13}},"loc":{"start":{"line":23,"column":18},"end":{"line":23,"column":46}},"line":23},"3":{"name":"(anonymous_3)","decl":{"start":{"line":24,"column":13},"end":{"line":24,"column":14}},"loc":{"start":{"line":24,"column":24},"end":{"line":27,"column":7}},"line":24}},"branchMap":{"0":{"loc":{"start":{"line":14,"column":17},"end":{"line":14,"column":56}},"type":"binary-expr","locations":[{"start":{"line":14,"column":17},"end":{"line":14,"column":46}},{"start":{"line":14,"column":50},"end":{"line":14,"column":56}}],"line":14},"1":{"loc":{"start":{"line":15,"column":26},"end":{"line":15,"column":68}},"type":"binary-expr","locations":[{"start":{"line":15,"column":26},"end":{"line":15,"column":57}},{"start":{"line":15,"column":61},"end":{"line":15,"column":68}}],"line":15},"2":{"loc":{"start":{"line":16,"column":24},"end":{"line":19,"column":47}},"type":"binary-expr","locations":[{"start":{"line":16,"column":24},"end":{"line":16,"column":53}},{"start":{"line":17,"column":8},"end":{"line":19,"column":46}}],"line":16},"3":{"loc":{"start":{"line":17,"column":8},"end":{"line":19,"column":46}},"type":"cond-expr","locations":[{"start":{"line":18,"column":8},"end":{"line":18,"column":46}},{"start":{"line":19,"column":8},"end":{"line":19,"column":46}}],"line":17},"4":{"loc":{"start":{"line":30,"column":2},"end":{"line":32,"column":3}},"type":"if","locations":[{"start":{"line":30,"column":2},"end":{"line":32,"column":3}},{"start":{},"end":{}}],"line":30},"5":{"loc":{"start":{"line":39,"column":13},"end":{"line":41,"column":20}},"type":"cond-expr","locations":[{"start":{"line":40,"column":14},"end":{"line":40,"column":96}},{"start":{"line":41,"column":16},"end":{"line":41,"column":20}}],"line":39},"6":{"loc":{"start":{"line":39,"column":13},"end":{"line":39,"column":69}},"type":"binary-expr","locations":[{"start":{"line":39,"column":13},"end":{"line":39,"column":22}},{"start":{"line":39,"column":26},"end":{"line":39,"column":69}}],"line":39}},"s":{"0":2,"1":2,"2":2,"3":2,"4":2,"5":2,"6":1,"7":1,"8":0,"9":0,"10":2,"11":1,"12":1},"f":{"0":2,"1":1,"2":1,"3":0},"b":{"0":[2,2],"1":[2,2],"2":[2,2],"3":[2,0],"4":[1,1],"5":[0,1],"6":[1,0]},"_coverageSchema":"1a1c01bbd47fc00a2c39e90264f33305004495a9","hash":"e94f45e7512c410cc41483f244e596ccf68e4dc1"}
,"/Users/maartenvandeperre/workspace/rag-example/frontend/src/index.js": {"path":"/Users/maartenvandeperre/workspace/rag-example/frontend/src/index.js","statementMap":{"0":{"start":{"line":6,"column":13},"end":{"line":6,"column":65}},"1":{"start":{"line":8,"column":0},"end":{"line":12,"column":2}}},"fnMap":{},"branchMap":{},"s":{"0":0,"1":0},"f":{},"b":{}}
,"/Users/maartenvandeperre/workspace/rag-example/frontend/src/components/AdminProgress/AdminProgress.jsx": {"path":"/Users/maartenvandeperre/workspace/rag-example/frontend/src/components/AdminProgress/AdminProgress.jsx","statementMap":{"0":{"start":{"line":9,"column":34},"end":{"line":9,"column":48}},"1":{"start":{"line":10,"column":32},"end":{"line":10,"column":62}},"2":{"start":{"line":11,"column":28},"end":{"line":11,"column":40}},"3":{"start":{"line":12,"column":38},"end":{"line":12,"column":49}},"4":{"start":{"line":14,"column":19},"end":{"line":14,"column":80}},"5":{"start":{"line":14,"column":33},"end":{"line":14,"column":69}},"6":{"start":{"line":16,"column":2},"end":{"line":60,"column":58}},"7":{"start":{"line":17,"column":4},"end":{"line":20,"column":5}},"8":{"start":{"line":18,"column":6},"end":{"line":18,"column":24}},"9":{"start":{"line":19,"column":6},"end":{"line":19,"column":23}},"10":{"start":{"line":22,"column":20},"end":{"line":22,"column":25}},"11":{"start":{"line":25,"column":6},"end":{"line":25,"column":23}},"12":{"start":{"line":26,"column":6},"end":{"line":26,"column":19}},"13":{"start":{"line":28,"column":6},"end":{"line":52,"column":7}},"14":{"start":{"line":29,"column":25},"end":{"line":34,"column":10}},"15":{"start":{"line":35,"column":24},"end":{"line":35,"column":45}},"16":{"start":{"line":37,"column":8},"end":{"line":39,"column":9}},"17":{"start":{"line":38,"column":10},"end":{"line":38,"column":78}},"18":{"start":{"line":41,"column":8},"end":{"line":43,"column":9}},"19":{"start":{"line":42,"column":10},"end":{"line":42,"column":31}},"20":{"start":{"line":45,"column":8},"end":{"line":47,"column":9}},"21":{"start":{"line":46,"column":10},"end":{"line":46,"column":76}},"22":{"start":{"line":49,"column":8},"end":{"line":51,"column":9}},"23":{"start":{"line":50,"column":10},"end":{"line":50,"column":28}},"24":{"start":{"line":55,"column":4},"end":{"line":55,"column":19}},"25":{"start":{"line":57,"column":4},"end":{"line":59,"column":6}},"26":{"start":{"line":58,"column":6},"end":{"line":58,"column":23}},"27":{"start":{"line":62,"column":2},"end":{"line":74,"column":3}},"28":{"start":{"line":63,"column":4},"end":{"line":73,"column":6}},"29":{"start":{"line":76,"column":2},"end":{"line":108,"column":4}},"30":{"start":{"line":89,"column":25},"end":{"line":89,"column":64}},"31":{"start":{"line":89,"column":52},"end":{"line":89,"column":63}}},"fnMap":{"0":{"name":"AdminProgress","decl":{"start":{"line":8,"column":9},"end":{"line":8,"column":22}},"loc":{"start":{"line":8,"column":72},"end":{"line":109,"column":1}},"line":8},"1":{"name":"(anonymous_1)","decl":{"start":{"line":14,"column":27},"end":{"line":14,"column":28}},"loc":{"start":{"line":14,"column":33},"end":{"line":14,"column":69}},"line":14},"2":{"name":"(anonymous_2)","decl":{"start":{"line":16,"column":12},"end":{"line":16,"column":13}},"loc":{"start":{"line":16,"column":18},"end":{"line":60,"column":3}},"line":16},"3":{"name":"loadProgress","decl":{"start":{"line":24,"column":19},"end":{"line":24,"column":31}},"loc":{"start":{"line":24,"column":34},"end":{"line":53,"column":5}},"line":24},"4":{"name":"(anonymous_4)","decl":{"start":{"line":57,"column":11},"end":{"line":57,"column":12}},"loc":{"start":{"line":57,"column":17},"end":{"line":59,"column":5}},"line":57},"5":{"name":"(anonymous_5)","decl":{"start":{"line":89,"column":19},"end":{"line":89,"column":20}},"loc":{"start":{"line":89,"column":25},"end":{"line":89,"column":64}},"line":89},"6":{"name":"(anonymous_6)","decl":{"start":{"line":89,"column":39},"end":{"line":89,"column":40}},"loc":{"start":{"line":89,"column":52},"end":{"line":89,"column":63}},"line":89}},"branchMap":{"0":{"loc":{"start":{"line":8,"column":51},"end":{"line":8,"column":68}},"type":"default-arg","locations":[{"start":{"line":8,"column":63},"end":{"line":8,"column":68}}],"line":8},"1":{"loc":{"start":{"line":17,"column":4},"end":{"line":20,"column":5}},"type":"if","locations":[{"start":{"line":17,"column":4},"end":{"line":20,"column":5}},{"start":{},"end":{}}],"line":17},"2":{"loc":{"start":{"line":37,"column":8},"end":{"line":39,"column":9}},"type":"if","locations":[{"start":{"line":37,"column":8},"end":{"line":39,"column":9}},{"start":{},"end":{}}],"line":37},"3":{"loc":{"start":{"line":38,"column":26},"end":{"line":38,"column":76}},"type":"binary-expr","locations":[{"start":{"line":38,"column":26},"end":{"line":38,"column":41}},{"start":{"line":38,"column":45},"end":{"line":38,"column":76}}],"line":38},"4":{"loc":{"start":{"line":41,"column":8},"end":{"line":43,"column":9}},"type":"if","locations":[{"start":{"line":41,"column":8},"end":{"line":43,"column":9}},{"start":{},"end":{}}],"line":41},"5":{"loc":{"start":{"line":45,"column":8},"end":{"line":47,"column":9}},"type":"if","locations":[{"start":{"line":45,"column":8},"end":{"line":47,"column":9}},{"start":{},"end":{}}],"line":45},"6":{"loc":{"start":{"line":46,"column":19},"end":{"line":46,"column":74}},"type":"binary-expr","locations":[{"start":{"line":46,"column":19},"end":{"line":46,"column":39}},{"start":{"line":46,"column":43},"end":{"line":46,"column":74}}],"line":46},"7":{"loc":{"start":{"line":49,"column":8},"end":{"line":51,"column":9}},"type":"if","locations":[{"start":{"line":49,"column":8},"end":{"line":51,"column":9}},{"start":{},"end":{}}],"line":49},"8":{"loc":{"start":{"line":62,"column":2},"end":{"line":74,"column":3}},"type":"if","locations":[{"start":{"line":62,"column":2},"end":{"line":74,"column":3}},{"start":{},"end":{}}],"line":62},"9":{"loc":{"start":{"line":95,"column":7},"end":{"line":95,"column":94}},"type":"cond-expr","locations":[{"start":{"line":95,"column":17},"end":{"line":95,"column":87}},{"start":{"line":95,"column":90},"end":{"line":95,"column":94}}],"line":95},"10":{"loc":{"start":{"line":96,"column":7},"end":{"line":96,"column":115}},"type":"cond-expr","locations":[{"start":{"line":96,"column":27},"end":{"line":96,"column":108}},{"start":{"line":96,"column":111},"end":{"line":96,"column":115}}],"line":96},"11":{"loc":{"start":{"line":96,"column":7},"end":{"line":96,"column":24}},"type":"binary-expr","locations":[{"start":{"line":96,"column":7},"end":{"line":96,"column":15}},{"start":{"line":96,"column":19},"end":{"line":96,"column":24}}],"line":96},"12":{"loc":{"start":{"line":98,"column":7},"end":{"line":106,"column":14}},"type":"cond-expr","locations":[{"start":{"line":99,"column":8},"end":{"line":105,"column":14}},{"start":{"line":106,"column":10},"end":{"line":106,"column":14}}],"line":98},"13":{"loc":{"start":{"line":98,"column":7},"end":{"line":98,"column":37}},"type":"binary-expr","locations":[{"start":{"line":98,"column":7},"end":{"line":98,"column":15}},{"start":{"line":98,"column":19},"end":{"line":98,"column":25}},{"start":{"line":98,"column":29},"end":{"line":98,"column":37}}],"line":98}},"s":{"0":10,"1":10,"2":10,"3":10,"4":10,"5":4,"6":10,"7":5,"8":1,"9":1,"10":4,"11":4,"12":4,"13":4,"14":4,"15":4,"16":4,"17":0,"18":4,"19":4,"20":0,"21":0,"22":4,"23":4,"24":4,"25":4,"26":4,"27":10,"28":1,"29":9,"30":1,"31":1},"f":{"0":10,"1":4,"2":5,"3":4,"4":4,"5":1,"6":1},"b":{"0":[2],"1":[1,4],"2":[0,4],"3":[0,0],"4":[4,0],"5":[0,0],"6":[0,0],"7":[4,0],"8":[1,9],"9":[4,5],"10":[0,9],"11":[9,5],"12":[5,4],"13":[9,5,5]},"_coverageSchema":"1a1c01bbd47fc00a2c39e90264f33305004495a9","hash":"8132de960a0a968d377b49eeafde2b91e534ebea"}
,"/Users/maartenvandeperre/workspace/rag-example/frontend/src/components/AdminProgress/FailedDocumentsList.jsx": {"path":"/Users/maartenvandeperre/workspace/rag-example/frontend/src/components/AdminProgress/FailedDocumentsList.jsx","statementMap":{"0":{"start":{"line":2,"column":2},"end":{"line":4,"column":3}},"1":{"start":{"line":3,"column":4},"end":{"line":3,"column":17}},"2":{"start":{"line":6,"column":16},"end":{"line":6,"column":39}},"3":{"start":{"line":7,"column":20},"end":{"line":7,"column":91}},"4":{"start":{"line":8,"column":16},"end":{"line":8,"column":40}},"5":{"start":{"line":9,"column":2},"end":{"line":9,"column":73}},"6":{"start":{"line":13,"column":2},"end":{"line":16,"column":29}},"7":{"start":{"line":20,"column":2},"end":{"line":60,"column":4}},"8":{"start":{"line":42,"column":16},"end":{"line":53,"column":21}}},"fnMap":{"0":{"name":"formatBytes","decl":{"start":{"line":1,"column":9},"end":{"line":1,"column":20}},"loc":{"start":{"line":1,"column":27},"end":{"line":10,"column":1}},"line":1},"1":{"name":"formatDate","decl":{"start":{"line":12,"column":9},"end":{"line":12,"column":19}},"loc":{"start":{"line":12,"column":27},"end":{"line":17,"column":1}},"line":12},"2":{"name":"FailedDocumentsList","decl":{"start":{"line":19,"column":9},"end":{"line":19,"column":28}},"loc":{"start":{"line":19,"column":50},"end":{"line":61,"column":1}},"line":19},"3":{"name":"(anonymous_3)","decl":{"start":{"line":41,"column":35},"end":{"line":41,"column":36}},"loc":{"start":{"line":42,"column":16},"end":{"line":53,"column":21}},"line":42}},"branchMap":{"0":{"loc":{"start":{"line":2,"column":2},"end":{"line":4,"column":3}},"type":"if","locations":[{"start":{"line":2,"column":2},"end":{"line":4,"column":3}},{"start":{},"end":{}}],"line":2},"1":{"loc":{"start":{"line":9,"column":26},"end":{"line":9,"column":49}},"type":"cond-expr","locations":[{"start":{"line":9,"column":44},"end":{"line":9,"column":45}},{"start":{"line":9,"column":48},"end":{"line":9,"column":49}}],"line":9},"2":{"loc":{"start":{"line":26,"column":7},"end":{"line":58,"column":7}},"type":"cond-expr","locations":[{"start":{"line":27,"column":8},"end":{"line":27,"column":79}},{"start":{"line":29,"column":8},"end":{"line":57,"column":14}}],"line":26}},"s":{"0":4,"1":0,"2":4,"3":4,"4":4,"5":4,"6":4,"7":5,"8":4},"f":{"0":4,"1":4,"2":5,"3":4},"b":{"0":[0,4],"1":[0,4],"2":[1,4]},"_coverageSchema":"1a1c01bbd47fc00a2c39e90264f33305004495a9","hash":"f0235c3dfdcb54215faaeffa6e7f7e6444b21694"}
,"/Users/maartenvandeperre/workspace/rag-example/frontend/src/components/AdminProgress/ProcessingDocumentsList.jsx": {"path":"/Users/maartenvandeperre/workspace/rag-example/frontend/src/components/AdminProgress/ProcessingDocumentsList.jsx","statementMap":{"0":{"start":{"line":4,"column":2},"end":{"line":7,"column":29}},"1":{"start":{"line":11,"column":25},"end":{"line":11,"column":94}},"2":{"start":{"line":12,"column":16},"end":{"line":12,"column":49}},"3":{"start":{"line":13,"column":18},"end":{"line":13,"column":58}},"4":{"start":{"line":14,"column":18},"end":{"line":14,"column":37}},"5":{"start":{"line":16,"column":2},"end":{"line":18,"column":3}},"6":{"start":{"line":17,"column":4},"end":{"line":17,"column":47}},"7":{"start":{"line":20,"column":2},"end":{"line":22,"column":3}},"8":{"start":{"line":21,"column":4},"end":{"line":21,"column":37}},"9":{"start":{"line":24,"column":2},"end":{"line":24,"column":23}},"10":{"start":{"line":28,"column":24},"end":{"line":28,"column":44}},"11":{"start":{"line":30,"column":2},"end":{"line":33,"column":9}},"12":{"start":{"line":31,"column":23},"end":{"line":31,"column":73}},"13":{"start":{"line":31,"column":48},"end":{"line":31,"column":66}},"14":{"start":{"line":32,"column":4},"end":{"line":32,"column":50}},"15":{"start":{"line":32,"column":17},"end":{"line":32,"column":49}},"16":{"start":{"line":35,"column":2},"end":{"line":72,"column":4}},"17":{"start":{"line":57,"column":16},"end":{"line":65,"column":21}}},"fnMap":{"0":{"name":"formatDate","decl":{"start":{"line":3,"column":9},"end":{"line":3,"column":19}},"loc":{"start":{"line":3,"column":27},"end":{"line":8,"column":1}},"line":3},"1":{"name":"formatDuration","decl":{"start":{"line":10,"column":9},"end":{"line":10,"column":23}},"loc":{"start":{"line":10,"column":40},"end":{"line":25,"column":1}},"line":10},"2":{"name":"ProcessingDocumentsList","decl":{"start":{"line":27,"column":9},"end":{"line":27,"column":32}},"loc":{"start":{"line":27,"column":58},"end":{"line":73,"column":1}},"line":27},"3":{"name":"(anonymous_3)","decl":{"start":{"line":30,"column":12},"end":{"line":30,"column":13}},"loc":{"start":{"line":30,"column":18},"end":{"line":33,"column":3}},"line":30},"4":{"name":"(anonymous_4)","decl":{"start":{"line":31,"column":42},"end":{"line":31,"column":43}},"loc":{"start":{"line":31,"column":48},"end":{"line":31,"column":66}},"line":31},"5":{"name":"(anonymous_5)","decl":{"start":{"line":32,"column":11},"end":{"line":32,"column":12}},"loc":{"start":{"line":32,"column":17},"end":{"line":32,"column":49}},"line":32},"6":{"name":"(anonymous_6)","decl":{"start":{"line":56,"column":39},"end":{"line":56,"column":40}},"loc":{"start":{"line":57,"column":16},"end":{"line":65,"column":21}},"line":57}},"branchMap":{"0":{"loc":{"start":{"line":16,"column":2},"end":{"line":18,"column":3}},"type":"if","locations":[{"start":{"line":16,"column":2},"end":{"line":18,"column":3}},{"start":{},"end":{}}],"line":16},"1":{"loc":{"start":{"line":20,"column":2},"end":{"line":22,"column":3}},"type":"if","locations":[{"start":{"line":20,"column":2},"end":{"line":22,"column":3}},{"start":{},"end":{}}],"line":20},"2":{"loc":{"start":{"line":41,"column":7},"end":{"line":70,"column":7}},"type":"cond-expr","locations":[{"start":{"line":42,"column":8},"end":{"line":42,"column":87}},{"start":{"line":44,"column":8},"end":{"line":69,"column":14}}],"line":41}},"s":{"0":8,"1":4,"2":4,"3":4,"4":4,"5":4,"6":0,"7":4,"8":4,"9":0,"10":5,"11":5,"12":4,"13":0,"14":4,"15":4,"16":5,"17":4},"f":{"0":8,"1":4,"2":5,"3":4,"4":0,"5":4,"6":4},"b":{"0":[0,4],"1":[4,0],"2":[1,4]},"_coverageSchema":"1a1c01bbd47fc00a2c39e90264f33305004495a9","hash":"8f01670b4dddd2aad50f81f043f76c9c9d366b55"}
,"/Users/maartenvandeperre/workspace/rag-example/frontend/src/components/AdminProgress/ProcessingStatistics.jsx": {"path":"/Users/maartenvandeperre/workspace/rag-example/frontend/src/components/AdminProgress/ProcessingStatistics.jsx","statementMap":{"0":{"start":{"line":1,"column":22},"end":{"line":6,"column":1}},"1":{"start":{"line":9,"column":2},"end":{"line":11,"column":3}},"2":{"start":{"line":10,"column":4},"end":{"line":10,"column":13}},"3":{"start":{"line":13,"column":2},"end":{"line":13,"column":43}},"4":{"start":{"line":17,"column":16},"end":{"line":17,"column":47}},"5":{"start":{"line":19,"column":2},"end":{"line":45,"column":4}},"6":{"start":{"line":27,"column":24},"end":{"line":27,"column":53}},"7":{"start":{"line":28,"column":24},"end":{"line":28,"column":48}},"8":{"start":{"line":30,"column":10},"end":{"line":41,"column":12}}},"fnMap":{"0":{"name":"percentage","decl":{"start":{"line":8,"column":9},"end":{"line":8,"column":19}},"loc":{"start":{"line":8,"column":34},"end":{"line":14,"column":1}},"line":8},"1":{"name":"ProcessingStatistics","decl":{"start":{"line":16,"column":9},"end":{"line":16,"column":29}},"loc":{"start":{"line":16,"column":46},"end":{"line":46,"column":1}},"line":16},"2":{"name":"(anonymous_2)","decl":{"start":{"line":26,"column":27},"end":{"line":26,"column":28}},"loc":{"start":{"line":26,"column":39},"end":{"line":42,"column":9}},"line":26}},"branchMap":{"0":{"loc":{"start":{"line":9,"column":2},"end":{"line":11,"column":3}},"type":"if","locations":[{"start":{"line":9,"column":2},"end":{"line":11,"column":3}},{"start":{},"end":{}}],"line":9},"1":{"loc":{"start":{"line":17,"column":16},"end":{"line":17,"column":47}},"type":"binary-expr","locations":[{"start":{"line":17,"column":16},"end":{"line":17,"column":42}},{"start":{"line":17,"column":46},"end":{"line":17,"column":47}}],"line":17},"2":{"loc":{"start":{"line":27,"column":24},"end":{"line":27,"column":53}},"type":"binary-expr","locations":[{"start":{"line":27,"column":24},"end":{"line":27,"column":48}},{"start":{"line":27,"column":52},"end":{"line":27,"column":53}}],"line":27}},"s":{"0":2,"1":20,"2":0,"3":20,"4":5,"5":5,"6":20,"7":20,"8":20},"f":{"0":20,"1":5,"2":20},"b":{"0":[0,20],"1":[5,0],"2":[20,0]},"_coverageSchema":"1a1c01bbd47fc00a2c39e90264f33305004495a9","hash":"84bf934d0327570003938b3ffef9a8473f30de86"}
,"/Users/maartenvandeperre/workspace/rag-example/frontend/src/components/ChatWorkspace/ChatMessage.jsx": {"path":"/Users/maartenvandeperre/workspace/rag-example/frontend/src/components/ChatWorkspace/ChatMessage.jsx","statementMap":{"0":{"start":{"line":4,"column":2},"end":{"line":20,"column":4}},"1":{"start":{"line":15,"column":12},"end":{"line":15,"column":121}}},"fnMap":{"0":{"name":"ChatMessage","decl":{"start":{"line":3,"column":9},"end":{"line":3,"column":20}},"loc":{"start":{"line":3,"column":34},"end":{"line":21,"column":1}},"line":3},"1":{"name":"(anonymous_1)","decl":{"start":{"line":14,"column":34},"end":{"line":14,"column":35}},"loc":{"start":{"line":15,"column":12},"end":{"line":15,"column":121}},"line":15}},"branchMap":{"0":{"loc":{"start":{"line":7,"column":45},"end":{"line":7,"column":93}},"type":"cond-expr","locations":[{"start":{"line":7,"column":71},"end":{"line":7,"column":76}},{"start":{"line":7,"column":79},"end":{"line":7,"column":93}}],"line":7},"1":{"loc":{"start":{"line":11,"column":7},"end":{"line":11,"column":95}},"type":"cond-expr","locations":[{"start":{"line":11,"column":25},"end":{"line":11,"column":88}},{"start":{"line":11,"column":91},"end":{"line":11,"column":95}}],"line":11},"2":{"loc":{"start":{"line":12,"column":7},"end":{"line":18,"column":14}},"type":"cond-expr","locations":[{"start":{"line":13,"column":8},"end":{"line":17,"column":14}},{"start":{"line":18,"column":10},"end":{"line":18,"column":14}}],"line":12},"3":{"loc":{"start":{"line":12,"column":7},"end":{"line":12,"column":58}},"type":"binary-expr","locations":[{"start":{"line":12,"column":7},"end":{"line":12,"column":25}},{"start":{"line":12,"column":29},"end":{"line":12,"column":58}}],"line":12}},"s":{"0":24,"1":1},"f":{"0":24,"1":1},"b":{"0":[6,18],"1":[3,21],"2":[1,23],"3":[24,18]},"_coverageSchema":"1a1c01bbd47fc00a2c39e90264f33305004495a9","hash":"aa65ef4c5f30b7a9f9d588bfad02c27af9e5e12f"}
,"/Users/maartenvandeperre/workspace/rag-example/frontend/src/components/ChatWorkspace/ChatWorkspace.jsx": {"path":"/Users/maartenvandeperre/workspace/rag-example/frontend/src/components/ChatWorkspace/ChatWorkspace.jsx","statementMap":{"0":{"start":{"line":8,"column":24},"end":{"line":11,"column":45}},"1":{"start":{"line":12,"column":27},"end":{"line":12,"column":32}},"2":{"start":{"line":15,"column":2},"end":{"line":18,"column":24}},"3":{"start":{"line":22,"column":34},"end":{"line":22,"column":46}},"4":{"start":{"line":23,"column":34},"end":{"line":23,"column":46}},"5":{"start":{"line":24,"column":28},"end":{"line":24,"column":40}},"6":{"start":{"line":25,"column":36},"end":{"line":25,"column":51}},"7":{"start":{"line":26,"column":20},"end":{"line":29,"column":27}},"8":{"start":{"line":26,"column":34},"end":{"line":29,"column":4}},"9":{"start":{"line":28,"column":21},"end":{"line":28,"column":27}},"10":{"start":{"line":31,"column":23},"end":{"line":39,"column":3}},"11":{"start":{"line":32,"column":11},"end":{"line":37,"column":5}},"12":{"start":{"line":41,"column":26},"end":{"line":41,"column":94}},"13":{"start":{"line":41,"column":40},"end":{"line":41,"column":67}},"14":{"start":{"line":43,"column":23},"end":{"line":88,"column":3}},"15":{"start":{"line":44,"column":28},"end":{"line":44,"column":43}},"16":{"start":{"line":46,"column":4},"end":{"line":48,"column":5}},"17":{"start":{"line":47,"column":6},"end":{"line":47,"column":13}},"18":{"start":{"line":50,"column":20},"end":{"line":50,"column":38}},"19":{"start":{"line":51,"column":22},"end":{"line":51,"column":45}},"20":{"start":{"line":53,"column":4},"end":{"line":53,"column":17}},"21":{"start":{"line":54,"column":4},"end":{"line":54,"column":23}},"22":{"start":{"line":55,"column":4},"end":{"line":55,"column":20}},"23":{"start":{"line":56,"column":4},"end":{"line":60,"column":7}},"24":{"start":{"line":56,"column":29},"end":{"line":60,"column":5}},"25":{"start":{"line":62,"column":4},"end":{"line":87,"column":5}},"26":{"start":{"line":63,"column":23},"end":{"line":63,"column":103}},"27":{"start":{"line":64,"column":6},"end":{"line":81,"column":9}},"28":{"start":{"line":65,"column":31},"end":{"line":65,"column":84}},"29":{"start":{"line":65,"column":59},"end":{"line":65,"column":83}},"30":{"start":{"line":67,"column":8},"end":{"line":70,"column":9}},"31":{"start":{"line":68,"column":10},"end":{"line":68,"column":76}},"32":{"start":{"line":69,"column":10},"end":{"line":69,"column":32}},"33":{"start":{"line":72,"column":8},"end":{"line":80,"column":10}},"34":{"start":{"line":83,"column":6},"end":{"line":83,"column":86}},"35":{"start":{"line":83,"column":31},"end":{"line":83,"column":84}},"36":{"start":{"line":83,"column":59},"end":{"line":83,"column":83}},"37":{"start":{"line":84,"column":6},"end":{"line":84,"column":37}},"38":{"start":{"line":86,"column":6},"end":{"line":86,"column":26}},"39":{"start":{"line":90,"column":2},"end":{"line":111,"column":4}},"40":{"start":{"line":103,"column":12},"end":{"line":103,"column":83}}},"fnMap":{"0":{"name":"currentTimeLabel","decl":{"start":{"line":14,"column":9},"end":{"line":14,"column":25}},"loc":{"start":{"line":14,"column":28},"end":{"line":19,"column":1}},"line":14},"1":{"name":"ChatWorkspace","decl":{"start":{"line":21,"column":9},"end":{"line":21,"column":22}},"loc":{"start":{"line":21,"column":107},"end":{"line":112,"column":1}},"line":21},"2":{"name":"(anonymous_2)","decl":{"start":{"line":26,"column":28},"end":{"line":26,"column":29}},"loc":{"start":{"line":26,"column":34},"end":{"line":29,"column":4}},"line":26},"3":{"name":"(anonymous_3)","decl":{"start":{"line":28,"column":15},"end":{"line":28,"column":16}},"loc":{"start":{"line":28,"column":21},"end":{"line":28,"column":27}},"line":28},"4":{"name":"(anonymous_4)","decl":{"start":{"line":32,"column":4},"end":{"line":32,"column":5}},"loc":{"start":{"line":32,"column":11},"end":{"line":37,"column":5}},"line":32},"5":{"name":"(anonymous_5)","decl":{"start":{"line":41,"column":34},"end":{"line":41,"column":35}},"loc":{"start":{"line":41,"column":40},"end":{"line":41,"column":67}},"line":41},"6":{"name":"(anonymous_6)","decl":{"start":{"line":43,"column":23},"end":{"line":43,"column":24}},"loc":{"start":{"line":43,"column":35},"end":{"line":88,"column":3}},"line":43},"7":{"name":"(anonymous_7)","decl":{"start":{"line":56,"column":16},"end":{"line":56,"column":17}},"loc":{"start":{"line":56,"column":29},"end":{"line":60,"column":5}},"line":56},"8":{"name":"(anonymous_8)","decl":{"start":{"line":64,"column":18},"end":{"line":64,"column":19}},"loc":{"start":{"line":64,"column":31},"end":{"line":81,"column":7}},"line":64},"9":{"name":"(anonymous_9)","decl":{"start":{"line":65,"column":46},"end":{"line":65,"column":47}},"loc":{"start":{"line":65,"column":59},"end":{"line":65,"column":83}},"line":65},"10":{"name":"(anonymous_10)","decl":{"start":{"line":83,"column":18},"end":{"line":83,"column":19}},"loc":{"start":{"line":83,"column":31},"end":{"line":83,"column":84}},"line":83},"11":{"name":"(anonymous_11)","decl":{"start":{"line":83,"column":46},"end":{"line":83,"column":47}},"loc":{"start":{"line":83,"column":59},"end":{"line":83,"column":83}},"line":83},"12":{"name":"(anonymous_12)","decl":{"start":{"line":102,"column":31},"end":{"line":102,"column":32}},"loc":{"start":{"line":103,"column":12},"end":{"line":103,"column":83}},"line":103}},"branchMap":{"0":{"loc":{"start":{"line":8,"column":24},"end":{"line":11,"column":45}},"type":"binary-expr","locations":[{"start":{"line":8,"column":24},"end":{"line":8,"column":61}},{"start":{"line":9,"column":6},"end":{"line":11,"column":44}}],"line":8},"1":{"loc":{"start":{"line":9,"column":6},"end":{"line":11,"column":44}},"type":"cond-expr","locations":[{"start":{"line":10,"column":6},"end":{"line":10,"column":44}},{"start":{"line":11,"column":6},"end":{"line":11,"column":44}}],"line":9},"2":{"loc":{"start":{"line":21,"column":25},"end":{"line":21,"column":77}},"type":"default-arg","locations":[{"start":{"line":21,"column":38},"end":{"line":21,"column":77}}],"line":21},"3":{"loc":{"start":{"line":21,"column":38},"end":{"line":21,"column":77}},"type":"binary-expr","locations":[{"start":{"line":21,"column":38},"end":{"line":21,"column":67}},{"start":{"line":21,"column":71},"end":{"line":21,"column":77}}],"line":21},"4":{"loc":{"start":{"line":21,"column":79},"end":{"line":21,"column":103}},"type":"default-arg","locations":[{"start":{"line":21,"column":88},"end":{"line":21,"column":103}}],"line":21},"5":{"loc":{"start":{"line":46,"column":4},"end":{"line":48,"column":5}},"type":"if","locations":[{"start":{"line":46,"column":4},"end":{"line":48,"column":5}},{"start":{},"end":{}}],"line":46},"6":{"loc":{"start":{"line":46,"column":8},"end":{"line":46,"column":37}},"type":"binary-expr","locations":[{"start":{"line":46,"column":8},"end":{"line":46,"column":24}},{"start":{"line":46,"column":28},"end":{"line":46,"column":37}}],"line":46},"7":{"loc":{"start":{"line":67,"column":8},"end":{"line":70,"column":9}},"type":"if","locations":[{"start":{"line":67,"column":8},"end":{"line":70,"column":9}},{"start":{},"end":{}}],"line":67},"8":{"loc":{"start":{"line":68,"column":19},"end":{"line":68,"column":74}},"type":"binary-expr","locations":[{"start":{"line":68,"column":19},"end":{"line":68,"column":40}},{"start":{"line":68,"column":44},"end":{"line":68,"column":74}}],"line":68},"9":{"loc":{"start":{"line":78,"column":24},"end":{"line":78,"column":57}},"type":"binary-expr","locations":[{"start":{"line":78,"column":24},"end":{"line":78,"column":51}},{"start":{"line":78,"column":55},"end":{"line":78,"column":57}}],"line":78},"10":{"loc":{"start":{"line":105,"column":11},"end":{"line":105,"column":72}},"type":"cond-expr","locations":[{"start":{"line":105,"column":19},"end":{"line":105,"column":65}},{"start":{"line":105,"column":68},"end":{"line":105,"column":72}}],"line":105}},"s":{"0":1,"1":1,"2":9,"3":13,"4":13,"5":13,"6":13,"7":13,"8":4,"9":0,"10":13,"11":4,"12":13,"13":10,"14":13,"15":3,"16":3,"17":0,"18":3,"19":3,"20":3,"21":3,"22":3,"23":3,"24":3,"25":3,"26":3,"27":2,"28":2,"29":4,"30":2,"31":0,"32":0,"33":2,"34":1,"35":1,"36":2,"37":1,"38":3,"39":13,"40":24},"f":{"0":9,"1":13,"2":4,"3":0,"4":4,"5":10,"6":3,"7":3,"8":2,"9":4,"10":1,"11":2,"12":24},"b":{"0":[1,1],"1":[0,1],"2":[13],"3":[13,13],"4":[13],"5":[0,3],"6":[3,3],"7":[0,2],"8":[0,0],"9":[2,0],"10":[1,12]},"_coverageSchema":"1a1c01bbd47fc00a2c39e90264f33305004495a9","hash":"4aecbd04680a09c7127ae6bb5ea85564a7cd748c"}
,"/Users/maartenvandeperre/workspace/rag-example/frontend/src/components/ChatWorkspace/DocumentReference.jsx": {"path":"/Users/maartenvandeperre/workspace/rag-example/frontend/src/components/ChatWorkspace/DocumentReference.jsx","statementMap":{"0":{"start":{"line":2,"column":16},"end":{"line":2,"column":58}},"1":{"start":{"line":4,"column":2},"end":{"line":10,"column":4}}},"fnMap":{"0":{"name":"DocumentReference","decl":{"start":{"line":1,"column":9},"end":{"line":1,"column":26}},"loc":{"start":{"line":1,"column":42},"end":{"line":11,"column":1}},"line":1}},"branchMap":{"0":{"loc":{"start":{"line":5,"column":40},"end":{"line":5,"column":67}},"type":"binary-expr","locations":[{"start":{"line":5,"column":40},"end":{"line":5,"column":54}},{"start":{"line":5,"column":58},"end":{"line":5,"column":67}}],"line":5}},"s":{"0":1,"1":1},"f":{"0":1},"b":{"0":[1,0]},"_coverageSchema":"1a1c01bbd47fc00a2c39e90264f33305004495a9","hash":"d4073d0530d8d0807414001b94e7a27b730516a7"}
,"/Users/maartenvandeperre/workspace/rag-example/frontend/src/components/ChatWorkspace/QuestionInput.jsx": {"path":"/Users/maartenvandeperre/workspace/rag-example/frontend/src/components/ChatWorkspace/QuestionInput.jsx","statementMap":{"0":{"start":{"line":3,"column":28},"end":{"line":3,"column":31}},"1":{"start":{"line":6,"column":20},"end":{"line":6,"column":78}},"2":{"start":{"line":6,"column":34},"end":{"line":6,"column":68}},"3":{"start":{"line":8,"column":23},"end":{"line":11,"column":3}},"4":{"start":{"line":9,"column":4},"end":{"line":9,"column":27}},"5":{"start":{"line":10,"column":4},"end":{"line":10,"column":15}},"6":{"start":{"line":13,"column":2},"end":{"line":37,"column":4}},"7":{"start":{"line":23,"column":31},"end":{"line":23,"column":89}}},"fnMap":{"0":{"name":"QuestionInput","decl":{"start":{"line":5,"column":9},"end":{"line":5,"column":22}},"loc":{"start":{"line":5,"column":64},"end":{"line":38,"column":1}},"line":5},"1":{"name":"(anonymous_1)","decl":{"start":{"line":6,"column":28},"end":{"line":6,"column":29}},"loc":{"start":{"line":6,"column":34},"end":{"line":6,"column":68}},"line":6},"2":{"name":"(anonymous_2)","decl":{"start":{"line":8,"column":23},"end":{"line":8,"column":24}},"loc":{"start":{"line":8,"column":34},"end":{"line":11,"column":3}},"line":8},"3":{"name":"(anonymous_3)","decl":{"start":{"line":23,"column":20},"end":{"line":23,"column":21}},"loc":{"start":{"line":23,"column":31},"end":{"line":23,"column":89}},"line":23}},"branchMap":{"0":{"loc":{"start":{"line":28,"column":68},"end":{"line":28,"column":93}},"type":"binary-expr","locations":[{"start":{"line":28,"column":68},"end":{"line":28,"column":76}},{"start":{"line":28,"column":80},"end":{"line":28,"column":93}}],"line":28},"1":{"loc":{"start":{"line":29,"column":11},"end":{"line":29,"column":43}},"type":"cond-expr","locations":[{"start":{"line":29,"column":22},"end":{"line":29,"column":35}},{"start":{"line":29,"column":38},"end":{"line":29,"column":43}}],"line":29}},"s":{"0":1,"1":13,"2":10,"3":13,"4":3,"5":3,"6":13,"7":3},"f":{"0":13,"1":10,"2":3,"3":3},"b":{"0":[13,10],"1":[3,10]},"_coverageSchema":"1a1c01bbd47fc00a2c39e90264f33305004495a9","hash":"684a30088a01319d7ea85df2b1238907ad70564f"}
,"/Users/maartenvandeperre/workspace/rag-example/frontend/src/components/DevTools/DevPanel.jsx": {"path":"/Users/maartenvandeperre/workspace/rag-example/frontend/src/components/DevTools/DevPanel.jsx","statementMap":{"0":{"start":{"line":7,"column":30},"end":{"line":7,"column":45}},"1":{"start":{"line":8,"column":44},"end":{"line":8,"column":58}},"2":{"start":{"line":9,"column":34},"end":{"line":9,"column":48}},"3":{"start":{"line":11,"column":2},"end":{"line":20,"column":9}},"4":{"start":{"line":12,"column":4},"end":{"line":14,"column":5}},"5":{"start":{"line":13,"column":6},"end":{"line":13,"column":13}},"6":{"start":{"line":16,"column":4},"end":{"line":16,"column":31}},"7":{"start":{"line":17,"column":4},"end":{"line":19,"column":7}},"8":{"start":{"line":18,"column":6},"end":{"line":18,"column":49}},"9":{"start":{"line":22,"column":2},"end":{"line":24,"column":3}},"10":{"start":{"line":23,"column":4},"end":{"line":23,"column":16}},"11":{"start":{"line":26,"column":2},"end":{"line":47,"column":4}},"12":{"start":{"line":28,"column":43},"end":{"line":28,"column":75}},"13":{"start":{"line":28,"column":66},"end":{"line":28,"column":74}},"14":{"start":{"line":40,"column":49},"end":{"line":40,"column":65}},"15":{"start":{"line":41,"column":49},"end":{"line":41,"column":66}},"16":{"start":{"line":42,"column":49},"end":{"line":42,"column":73}}},"fnMap":{"0":{"name":"DevPanel","decl":{"start":{"line":6,"column":9},"end":{"line":6,"column":17}},"loc":{"start":{"line":6,"column":20},"end":{"line":48,"column":1}},"line":6},"1":{"name":"(anonymous_1)","decl":{"start":{"line":11,"column":12},"end":{"line":11,"column":13}},"loc":{"start":{"line":11,"column":18},"end":{"line":20,"column":3}},"line":11},"2":{"name":"(anonymous_2)","decl":{"start":{"line":17,"column":54},"end":{"line":17,"column":55}},"loc":{"start":{"line":17,"column":65},"end":{"line":19,"column":5}},"line":17},"3":{"name":"(anonymous_3)","decl":{"start":{"line":28,"column":37},"end":{"line":28,"column":38}},"loc":{"start":{"line":28,"column":43},"end":{"line":28,"column":75}},"line":28},"4":{"name":"(anonymous_4)","decl":{"start":{"line":28,"column":53},"end":{"line":28,"column":54}},"loc":{"start":{"line":28,"column":66},"end":{"line":28,"column":74}},"line":28},"5":{"name":"(anonymous_5)","decl":{"start":{"line":40,"column":43},"end":{"line":40,"column":44}},"loc":{"start":{"line":40,"column":49},"end":{"line":40,"column":65}},"line":40},"6":{"name":"(anonymous_6)","decl":{"start":{"line":41,"column":43},"end":{"line":41,"column":44}},"loc":{"start":{"line":41,"column":49},"end":{"line":41,"column":66}},"line":41},"7":{"name":"(anonymous_7)","decl":{"start":{"line":42,"column":43},"end":{"line":42,"column":44}},"loc":{"start":{"line":42,"column":49},"end":{"line":42,"column":73}},"line":42}},"branchMap":{"0":{"loc":{"start":{"line":12,"column":4},"end":{"line":14,"column":5}},"type":"if","locations":[{"start":{"line":12,"column":4},"end":{"line":14,"column":5}},{"start":{},"end":{}}],"line":12},"1":{"loc":{"start":{"line":22,"column":2},"end":{"line":24,"column":3}},"type":"if","locations":[{"start":{"line":22,"column":2},"end":{"line":24,"column":3}},{"start":{},"end":{}}],"line":22},"2":{"loc":{"start":{"line":29,"column":9},"end":{"line":29,"column":33}},"type":"cond-expr","locations":[{"start":{"line":29,"column":18},"end":{"line":29,"column":24}},{"start":{"line":29,"column":27},"end":{"line":29,"column":33}}],"line":29},"3":{"loc":{"start":{"line":31,"column":7},"end":{"line":45,"column":14}},"type":"cond-expr","locations":[{"start":{"line":32,"column":8},"end":{"line":44,"column":14}},{"start":{"line":45,"column":10},"end":{"line":45,"column":14}}],"line":31},"4":{"loc":{"start":{"line":38,"column":16},"end":{"line":38,"column":81}},"type":"cond-expr","locations":[{"start":{"line":38,"column":33},"end":{"line":38,"column":68}},{"start":{"line":38,"column":71},"end":{"line":38,"column":81}}],"line":38}},"s":{"0":3,"1":3,"2":3,"3":3,"4":1,"5":0,"6":1,"7":1,"8":0,"9":3,"10":0,"11":3,"12":0,"13":0,"14":0,"15":0,"16":0},"f":{"0":3,"1":1,"2":0,"3":0,"4":0,"5":0,"6":0,"7":0},"b":{"0":[0,1],"1":[0,3],"2":[0,3],"3":[0,3],"4":[0,0]},"_coverageSchema":"1a1c01bbd47fc00a2c39e90264f33305004495a9","hash":"a6bc218ac1b97c5ceebdd26c6d7f3e1139d1fd84"}
,"/Users/maartenvandeperre/workspace/rag-example/frontend/src/components/DocumentLibrary/DocumentLibrary.jsx": {"path":"/Users/maartenvandeperre/workspace/rag-example/frontend/src/components/DocumentLibrary/DocumentLibrary.jsx","statementMap":{"0":{"start":{"line":7,"column":24},"end":{"line":10,"column":45}},"1":{"start":{"line":13,"column":20},"end":{"line":13,"column":78}},"2":{"start":{"line":15,"column":2},"end":{"line":15,"column":102}},"3":{"start":{"line":15,"column":46},"end":{"line":15,"column":100}},"4":{"start":{"line":19,"column":20},"end":{"line":19,"column":42}},"5":{"start":{"line":20,"column":2},"end":{"line":22,"column":3}},"6":{"start":{"line":21,"column":4},"end":{"line":21,"column":17}},"7":{"start":{"line":23,"column":2},"end":{"line":25,"column":3}},"8":{"start":{"line":24,"column":4},"end":{"line":24,"column":22}},"9":{"start":{"line":26,"column":2},"end":{"line":26,"column":22}},"10":{"start":{"line":30,"column":36},"end":{"line":30,"column":48}},"11":{"start":{"line":31,"column":36},"end":{"line":31,"column":50}},"12":{"start":{"line":32,"column":40},"end":{"line":32,"column":55}},"13":{"start":{"line":33,"column":28},"end":{"line":33,"column":40}},"14":{"start":{"line":34,"column":48},"end":{"line":34,"column":60}},"15":{"start":{"line":35,"column":34},"end":{"line":35,"column":45}},"16":{"start":{"line":36,"column":42},"end":{"line":36,"column":56}},"17":{"start":{"line":37,"column":26},"end":{"line":37,"column":38}},"18":{"start":{"line":39,"column":20},"end":{"line":42,"column":27}},"19":{"start":{"line":39,"column":34},"end":{"line":42,"column":4}},"20":{"start":{"line":41,"column":21},"end":{"line":41,"column":27}},"21":{"start":{"line":44,"column":2},"end":{"line":74,"column":26}},"22":{"start":{"line":45,"column":17},"end":{"line":45,"column":22}},"23":{"start":{"line":48,"column":6},"end":{"line":48,"column":25}},"24":{"start":{"line":49,"column":6},"end":{"line":49,"column":19}},"25":{"start":{"line":50,"column":6},"end":{"line":63,"column":7}},"26":{"start":{"line":51,"column":24},"end":{"line":51,"column":75}},"27":{"start":{"line":52,"column":8},"end":{"line":54,"column":9}},"28":{"start":{"line":53,"column":10},"end":{"line":53,"column":52}},"29":{"start":{"line":56,"column":8},"end":{"line":58,"column":9}},"30":{"start":{"line":57,"column":10},"end":{"line":57,"column":39}},"31":{"start":{"line":60,"column":8},"end":{"line":62,"column":9}},"32":{"start":{"line":61,"column":10},"end":{"line":61,"column":30}},"33":{"start":{"line":66,"column":4},"end":{"line":66,"column":20}},"34":{"start":{"line":68,"column":4},"end":{"line":73,"column":6}},"35":{"start":{"line":69,"column":6},"end":{"line":69,"column":20}},"36":{"start":{"line":70,"column":6},"end":{"line":72,"column":7}},"37":{"start":{"line":71,"column":8},"end":{"line":71,"column":41}},"38":{"start":{"line":76,"column":16},"end":{"line":80,"column":18}},"39":{"start":{"line":76,"column":31},"end":{"line":80,"column":3}},"40":{"start":{"line":78,"column":42},"end":{"line":78,"column":69}},"41":{"start":{"line":79,"column":47},"end":{"line":79,"column":79}},"42":{"start":{"line":82,"column":30},"end":{"line":89,"column":3}},"43":{"start":{"line":83,"column":17},"end":{"line":83,"column":34}},"44":{"start":{"line":84,"column":22},"end":{"line":84,"column":40}},"45":{"start":{"line":85,"column":4},"end":{"line":85,"column":34}},"46":{"start":{"line":86,"column":4},"end":{"line":86,"column":40}},"47":{"start":{"line":87,"column":4},"end":{"line":87,"column":17}},"48":{"start":{"line":88,"column":4},"end":{"line":88,"column":19}},"49":{"start":{"line":91,"column":23},"end":{"line":130,"column":3}},"50":{"start":{"line":92,"column":22},"end":{"line":92,"column":48}},"51":{"start":{"line":93,"column":4},"end":{"line":96,"column":5}},"52":{"start":{"line":94,"column":6},"end":{"line":94,"column":36}},"53":{"start":{"line":95,"column":6},"end":{"line":95,"column":13}},"54":{"start":{"line":98,"column":4},"end":{"line":98,"column":25}},"55":{"start":{"line":99,"column":4},"end":{"line":99,"column":27}},"56":{"start":{"line":100,"column":4},"end":{"line":100,"column":17}},"57":{"start":{"line":101,"column":4},"end":{"line":101,"column":20}},"58":{"start":{"line":103,"column":4},"end":{"line":129,"column":5}},"59":{"start":{"line":104,"column":28},"end":{"line":106,"column":20}},"60":{"start":{"line":105,"column":8},"end":{"line":105,"column":29}},"61":{"start":{"line":107,"column":6},"end":{"line":107,"column":46}},"62":{"start":{"line":109,"column":22},"end":{"line":109,"column":49}},"63":{"start":{"line":111,"column":26},"end":{"line":118,"column":7}},"64":{"start":{"line":120,"column":6},"end":{"line":120,"column":97}},"65":{"start":{"line":120,"column":41},"end":{"line":120,"column":95}},"66":{"start":{"line":121,"column":6},"end":{"line":121,"column":28}},"67":{"start":{"line":122,"column":6},"end":{"line":122,"column":23}},"68":{"start":{"line":124,"column":6},"end":{"line":124,"column":36}},"69":{"start":{"line":125,"column":6},"end":{"line":125,"column":21}},"70":{"start":{"line":127,"column":6},"end":{"line":127,"column":37}},"71":{"start":{"line":128,"column":6},"end":{"line":128,"column":28}},"72":{"start":{"line":132,"column":2},"end":{"line":168,"column":4}}},"fnMap":{"0":{"name":"normalizeDocuments","decl":{"start":{"line":12,"column":9},"end":{"line":12,"column":27}},"loc":{"start":{"line":12,"column":37},"end":{"line":16,"column":1}},"line":12},"1":{"name":"(anonymous_1)","decl":{"start":{"line":15,"column":29},"end":{"line":15,"column":30}},"loc":{"start":{"line":15,"column":46},"end":{"line":15,"column":100}},"line":15},"2":{"name":"mapFileType","decl":{"start":{"line":18,"column":9},"end":{"line":18,"column":20}},"loc":{"start":{"line":18,"column":31},"end":{"line":27,"column":1}},"line":18},"3":{"name":"DocumentLibrary","decl":{"start":{"line":29,"column":9},"end":{"line":29,"column":24}},"loc":{"start":{"line":29,"column":109},"end":{"line":169,"column":1}},"line":29},"4":{"name":"(anonymous_4)","decl":{"start":{"line":39,"column":28},"end":{"line":39,"column":29}},"loc":{"start":{"line":39,"column":34},"end":{"line":42,"column":4}},"line":39},"5":{"name":"(anonymous_5)","decl":{"start":{"line":41,"column":15},"end":{"line":41,"column":16}},"loc":{"start":{"line":41,"column":21},"end":{"line":41,"column":27}},"line":41},"6":{"name":"(anonymous_6)","decl":{"start":{"line":44,"column":12},"end":{"line":44,"column":13}},"loc":{"start":{"line":44,"column":18},"end":{"line":74,"column":3}},"line":44},"7":{"name":"loadDocuments","decl":{"start":{"line":47,"column":19},"end":{"line":47,"column":32}},"loc":{"start":{"line":47,"column":35},"end":{"line":64,"column":5}},"line":47},"8":{"name":"(anonymous_8)","decl":{"start":{"line":68,"column":11},"end":{"line":68,"column":12}},"loc":{"start":{"line":68,"column":17},"end":{"line":73,"column":5}},"line":68},"9":{"name":"(anonymous_9)","decl":{"start":{"line":76,"column":24},"end":{"line":76,"column":25}},"loc":{"start":{"line":76,"column":31},"end":{"line":80,"column":3}},"line":76},"10":{"name":"(anonymous_10)","decl":{"start":{"line":78,"column":28},"end":{"line":78,"column":29}},"loc":{"start":{"line":78,"column":42},"end":{"line":78,"column":69}},"line":78},"11":{"name":"(anonymous_11)","decl":{"start":{"line":79,"column":33},"end":{"line":79,"column":34}},"loc":{"start":{"line":79,"column":47},"end":{"line":79,"column":79}},"line":79},"12":{"name":"(anonymous_12)","decl":{"start":{"line":82,"column":30},"end":{"line":82,"column":31}},"loc":{"start":{"line":82,"column":41},"end":{"line":89,"column":3}},"line":82},"13":{"name":"(anonymous_13)","decl":{"start":{"line":91,"column":23},"end":{"line":91,"column":24}},"loc":{"start":{"line":91,"column":35},"end":{"line":130,"column":3}},"line":91},"14":{"name":"(anonymous_14)","decl":{"start":{"line":104,"column":67},"end":{"line":104,"column":68}},"loc":{"start":{"line":104,"column":84},"end":{"line":106,"column":7}},"line":104},"15":{"name":"(anonymous_15)","decl":{"start":{"line":120,"column":19},"end":{"line":120,"column":20}},"loc":{"start":{"line":120,"column":41},"end":{"line":120,"column":95}},"line":120}},"branchMap":{"0":{"loc":{"start":{"line":7,"column":24},"end":{"line":10,"column":45}},"type":"binary-expr","locations":[{"start":{"line":7,"column":24},"end":{"line":7,"column":61}},{"start":{"line":8,"column":6},"end":{"line":10,"column":44}}],"line":7},"1":{"loc":{"start":{"line":8,"column":6},"end":{"line":10,"column":44}},"type":"cond-expr","locations":[{"start":{"line":9,"column":6},"end":{"line":9,"column":44}},{"start":{"line":10,"column":6},"end":{"line":10,"column":44}}],"line":8},"2":{"loc":{"start":{"line":13,"column":20},"end":{"line":13,"column":78}},"type":"cond-expr","locations":[{"start":{"line":13,"column":45},"end":{"line":13,"column":52}},{"start":{"line":13,"column":55},"end":{"line":13,"column":78}}],"line":13},"3":{"loc":{"start":{"line":13,"column":55},"end":{"line":13,"column":78}},"type":"binary-expr","locations":[{"start":{"line":13,"column":55},"end":{"line":13,"column":72}},{"start":{"line":13,"column":76},"end":{"line":13,"column":78}}],"line":13},"4":{"loc":{"start":{"line":20,"column":2},"end":{"line":22,"column":3}},"type":"if","locations":[{"start":{"line":20,"column":2},"end":{"line":22,"column":3}},{"start":{},"end":{}}],"line":20},"5":{"loc":{"start":{"line":23,"column":2},"end":{"line":25,"column":3}},"type":"if","locations":[{"start":{"line":23,"column":2},"end":{"line":25,"column":3}},{"start":{},"end":{}}],"line":23},"6":{"loc":{"start":{"line":29,"column":27},"end":{"line":29,"column":79}},"type":"default-arg","locations":[{"start":{"line":29,"column":40},"end":{"line":29,"column":79}}],"line":29},"7":{"loc":{"start":{"line":29,"column":40},"end":{"line":29,"column":79}},"type":"binary-expr","locations":[{"start":{"line":29,"column":40},"end":{"line":29,"column":69}},{"start":{"line":29,"column":73},"end":{"line":29,"column":79}}],"line":29},"8":{"loc":{"start":{"line":29,"column":81},"end":{"line":29,"column":105}},"type":"default-arg","locations":[{"start":{"line":29,"column":90},"end":{"line":29,"column":105}}],"line":29},"9":{"loc":{"start":{"line":52,"column":8},"end":{"line":54,"column":9}},"type":"if","locations":[{"start":{"line":52,"column":8},"end":{"line":54,"column":9}},{"start":{},"end":{}}],"line":52},"10":{"loc":{"start":{"line":56,"column":8},"end":{"line":58,"column":9}},"type":"if","locations":[{"start":{"line":56,"column":8},"end":{"line":58,"column":9}},{"start":{},"end":{}}],"line":56},"11":{"loc":{"start":{"line":60,"column":8},"end":{"line":62,"column":9}},"type":"if","locations":[{"start":{"line":60,"column":8},"end":{"line":62,"column":9}},{"start":{},"end":{}}],"line":60},"12":{"loc":{"start":{"line":70,"column":6},"end":{"line":72,"column":7}},"type":"if","locations":[{"start":{"line":70,"column":6},"end":{"line":72,"column":7}},{"start":{},"end":{}}],"line":70},"13":{"loc":{"start":{"line":83,"column":17},"end":{"line":83,"column":34}},"type":"binary-expr","locations":[{"start":{"line":83,"column":17},"end":{"line":83,"column":22}},{"start":{"line":83,"column":26},"end":{"line":83,"column":34}}],"line":83},"14":{"loc":{"start":{"line":85,"column":20},"end":{"line":85,"column":32}},"type":"binary-expr","locations":[{"start":{"line":85,"column":20},"end":{"line":85,"column":24}},{"start":{"line":85,"column":28},"end":{"line":85,"column":32}}],"line":85},"15":{"loc":{"start":{"line":86,"column":23},"end":{"line":86,"column":38}},"type":"binary-expr","locations":[{"start":{"line":86,"column":23},"end":{"line":86,"column":32}},{"start":{"line":86,"column":36},"end":{"line":86,"column":38}}],"line":86},"16":{"loc":{"start":{"line":93,"column":4},"end":{"line":96,"column":5}},"type":"if","locations":[{"start":{"line":93,"column":4},"end":{"line":96,"column":5}},{"start":{},"end":{}}],"line":93}},"s":{"0":0,"1":0,"2":0,"3":0,"4":0,"5":0,"6":0,"7":0,"8":0,"9":0,"10":0,"11":0,"12":0,"13":0,"14":0,"15":0,"16":0,"17":0,"18":0,"19":0,"20":0,"21":0,"22":0,"23":0,"24":0,"25":0,"26":0,"27":0,"28":0,"29":0,"30":0,"31":0,"32":0,"33":0,"34":0,"35":0,"36":0,"37":0,"38":0,"39":0,"40":0,"41":0,"42":0,"43":0,"44":0,"45":0,"46":0,"47":0,"48":0,"49":0,"50":0,"51":0,"52":0,"53":0,"54":0,"55":0,"56":0,"57":0,"58":0,"59":0,"60":0,"61":0,"62":0,"63":0,"64":0,"65":0,"66":0,"67":0,"68":0,"69":0,"70":0,"71":0,"72":0},"f":{"0":0,"1":0,"2":0,"3":0,"4":0,"5":0,"6":0,"7":0,"8":0,"9":0,"10":0,"11":0,"12":0,"13":0,"14":0,"15":0},"b":{"0":[0,0],"1":[0,0],"2":[0,0],"3":[0,0],"4":[0,0],"5":[0,0],"6":[0],"7":[0,0],"8":[0],"9":[0,0],"10":[0,0],"11":[0,0],"12":[0,0],"13":[0,0],"14":[0,0],"15":[0,0],"16":[0,0]}}
,"/Users/maartenvandeperre/workspace/rag-example/frontend/src/components/DocumentLibrary/DocumentList.jsx": {"path":"/Users/maartenvandeperre/workspace/rag-example/frontend/src/components/DocumentLibrary/DocumentList.jsx","statementMap":{"0":{"start":{"line":4,"column":2},"end":{"line":6,"column":3}},"1":{"start":{"line":5,"column":4},"end":{"line":5,"column":54}},"2":{"start":{"line":7,"column":2},"end":{"line":9,"column":3}},"3":{"start":{"line":8,"column":4},"end":{"line":8,"column":44}},"4":{"start":{"line":10,"column":2},"end":{"line":10,"column":22}},"5":{"start":{"line":14,"column":2},"end":{"line":14,"column":35}},"6":{"start":{"line":18,"column":2},"end":{"line":23,"column":5}},"7":{"start":{"line":27,"column":2},"end":{"line":29,"column":3}},"8":{"start":{"line":28,"column":4},"end":{"line":28,"column":83}},"9":{"start":{"line":31,"column":2},"end":{"line":33,"column":3}},"10":{"start":{"line":32,"column":4},"end":{"line":32,"column":127}},"11":{"start":{"line":35,"column":2},"end":{"line":60,"column":4}},"12":{"start":{"line":50,"column":10},"end":{"line":56,"column":16}}},"fnMap":{"0":{"name":"formatFileSize","decl":{"start":{"line":3,"column":9},"end":{"line":3,"column":23}},"loc":{"start":{"line":3,"column":31},"end":{"line":11,"column":1}},"line":3},"1":{"name":"formatFileType","decl":{"start":{"line":13,"column":9},"end":{"line":13,"column":23}},"loc":{"start":{"line":13,"column":30},"end":{"line":15,"column":1}},"line":13},"2":{"name":"formatUploadDate","decl":{"start":{"line":17,"column":9},"end":{"line":17,"column":25}},"loc":{"start":{"line":17,"column":33},"end":{"line":24,"column":1}},"line":17},"3":{"name":"DocumentList","decl":{"start":{"line":26,"column":9},"end":{"line":26,"column":21}},"loc":{"start":{"line":26,"column":48},"end":{"line":61,"column":1}},"line":26},"4":{"name":"(anonymous_4)","decl":{"start":{"line":49,"column":23},"end":{"line":49,"column":24}},"loc":{"start":{"line":50,"column":10},"end":{"line":56,"column":16}},"line":50}},"branchMap":{"0":{"loc":{"start":{"line":4,"column":2},"end":{"line":6,"column":3}},"type":"if","locations":[{"start":{"line":4,"column":2},"end":{"line":6,"column":3}},{"start":{},"end":{}}],"line":4},"1":{"loc":{"start":{"line":7,"column":2},"end":{"line":9,"column":3}},"type":"if","locations":[{"start":{"line":7,"column":2},"end":{"line":9,"column":3}},{"start":{},"end":{}}],"line":7},"2":{"loc":{"start":{"line":27,"column":2},"end":{"line":29,"column":3}},"type":"if","locations":[{"start":{"line":27,"column":2},"end":{"line":29,"column":3}},{"start":{},"end":{}}],"line":27},"3":{"loc":{"start":{"line":31,"column":2},"end":{"line":33,"column":3}},"type":"if","locations":[{"start":{"line":31,"column":2},"end":{"line":33,"column":3}},{"start":{},"end":{}}],"line":31}},"s":{"0":0,"1":0,"2":0,"3":0,"4":0,"5":0,"6":0,"7":0,"8":0,"9":0,"10":0,"11":0,"12":0},"f":{"0":0,"1":0,"2":0,"3":0,"4":0},"b":{"0":[0,0],"1":[0,0],"2":[0,0],"3":[0,0]}}
,"/Users/maartenvandeperre/workspace/rag-example/frontend/src/components/DocumentLibrary/FileUpload.jsx": {"path":"/Users/maartenvandeperre/workspace/rag-example/frontend/src/components/DocumentLibrary/FileUpload.jsx","statementMap":{"0":{"start":{"line":1,"column":22},"end":{"line":1,"column":30}},"1":{"start":{"line":2,"column":28},"end":{"line":2,"column":51}},"2":{"start":{"line":5,"column":2},"end":{"line":7,"column":3}},"3":{"start":{"line":6,"column":4},"end":{"line":6,"column":45}},"4":{"start":{"line":9,"column":20},"end":{"line":9,"column":43}},"5":{"start":{"line":10,"column":22},"end":{"line":10,"column":92}},"6":{"start":{"line":10,"column":62},"end":{"line":10,"column":91}},"7":{"start":{"line":12,"column":2},"end":{"line":14,"column":3}},"8":{"start":{"line":13,"column":4},"end":{"line":13,"column":64}},"9":{"start":{"line":16,"column":2},"end":{"line":18,"column":3}},"10":{"start":{"line":17,"column":4},"end":{"line":17,"column":61}},"11":{"start":{"line":20,"column":2},"end":{"line":20,"column":14}},"12":{"start":{"line":32,"column":21},"end":{"line":35,"column":3}},"13":{"start":{"line":33,"column":4},"end":{"line":33,"column":27}},"14":{"start":{"line":34,"column":4},"end":{"line":34,"column":46}},"15":{"start":{"line":37,"column":25},"end":{"line":39,"column":3}},"16":{"start":{"line":38,"column":4},"end":{"line":38,"column":27}},"17":{"start":{"line":41,"column":2},"end":{"line":74,"column":4}},"18":{"start":{"line":54,"column":31},"end":{"line":54,"column":66}}},"fnMap":{"0":{"name":"validateFile","decl":{"start":{"line":4,"column":9},"end":{"line":4,"column":21}},"loc":{"start":{"line":4,"column":28},"end":{"line":21,"column":1}},"line":4},"1":{"name":"(anonymous_1)","decl":{"start":{"line":10,"column":47},"end":{"line":10,"column":48}},"loc":{"start":{"line":10,"column":62},"end":{"line":10,"column":91}},"line":10},"2":{"name":"FileUpload","decl":{"start":{"line":23,"column":9},"end":{"line":23,"column":19}},"loc":{"start":{"line":31,"column":3},"end":{"line":75,"column":1}},"line":31},"3":{"name":"(anonymous_3)","decl":{"start":{"line":32,"column":21},"end":{"line":32,"column":22}},"loc":{"start":{"line":32,"column":32},"end":{"line":35,"column":3}},"line":32},"4":{"name":"(anonymous_4)","decl":{"start":{"line":37,"column":25},"end":{"line":37,"column":26}},"loc":{"start":{"line":37,"column":36},"end":{"line":39,"column":3}},"line":37},"5":{"name":"(anonymous_5)","decl":{"start":{"line":54,"column":20},"end":{"line":54,"column":21}},"loc":{"start":{"line":54,"column":31},"end":{"line":54,"column":66}},"line":54}},"branchMap":{"0":{"loc":{"start":{"line":5,"column":2},"end":{"line":7,"column":3}},"type":"if","locations":[{"start":{"line":5,"column":2},"end":{"line":7,"column":3}},{"start":{},"end":{}}],"line":5},"1":{"loc":{"start":{"line":12,"column":2},"end":{"line":14,"column":3}},"type":"if","locations":[{"start":{"line":12,"column":2},"end":{"line":14,"column":3}},{"start":{},"end":{}}],"line":12},"2":{"loc":{"start":{"line":16,"column":2},"end":{"line":18,"column":3}},"type":"if","locations":[{"start":{"line":16,"column":2},"end":{"line":18,"column":3}},{"start":{},"end":{}}],"line":16},"3":{"loc":{"start":{"line":61,"column":7},"end":{"line":61,"column":99}},"type":"cond-expr","locations":[{"start":{"line":61,"column":22},"end":{"line":61,"column":92}},{"start":{"line":61,"column":95},"end":{"line":61,"column":99}}],"line":61},"4":{"loc":{"start":{"line":62,"column":7},"end":{"line":62,"column":97}},"type":"cond-expr","locations":[{"start":{"line":62,"column":25},"end":{"line":62,"column":90}},{"start":{"line":62,"column":93},"end":{"line":62,"column":97}}],"line":62},"5":{"loc":{"start":{"line":63,"column":7},"end":{"line":63,"column":77}},"type":"cond-expr","locations":[{"start":{"line":63,"column":15},"end":{"line":63,"column":70}},{"start":{"line":63,"column":73},"end":{"line":63,"column":77}}],"line":63},"6":{"loc":{"start":{"line":64,"column":7},"end":{"line":69,"column":14}},"type":"cond-expr","locations":[{"start":{"line":65,"column":8},"end":{"line":68,"column":14}},{"start":{"line":69,"column":10},"end":{"line":69,"column":14}}],"line":64},"7":{"loc":{"start":{"line":70,"column":89},"end":{"line":70,"column":138}},"type":"binary-expr","locations":[{"start":{"line":70,"column":89},"end":{"line":70,"column":102}},{"start":{"line":70,"column":106},"end":{"line":70,"column":123}},{"start":{"line":70,"column":127},"end":{"line":70,"column":138}}],"line":70},"8":{"loc":{"start":{"line":71,"column":9},"end":{"line":71,"column":57}},"type":"cond-expr","locations":[{"start":{"line":71,"column":23},"end":{"line":71,"column":37}},{"start":{"line":71,"column":40},"end":{"line":71,"column":57}}],"line":71}},"s":{"0":0,"1":0,"2":0,"3":0,"4":0,"5":0,"6":0,"7":0,"8":0,"9":0,"10":0,"11":0,"12":0,"13":0,"14":0,"15":0,"16":0,"17":0,"18":0},"f":{"0":0,"1":0,"2":0,"3":0,"4":0,"5":0},"b":{"0":[0,0],"1":[0,0],"2":[0,0],"3":[0,0],"4":[0,0],"5":[0,0],"6":[0,0],"7":[0,0,0],"8":[0,0]}}
,"/Users/maartenvandeperre/workspace/rag-example/frontend/src/components/DocumentLibrary/StatusBadge.jsx": {"path":"/Users/maartenvandeperre/workspace/rag-example/frontend/src/components/DocumentLibrary/StatusBadge.jsx","statementMap":{"0":{"start":{"line":1,"column":22},"end":{"line":6,"column":1}},"1":{"start":{"line":9,"column":17},"end":{"line":9,"column":87}},"2":{"start":{"line":11,"column":2},"end":{"line":18,"column":4}}},"fnMap":{"0":{"name":"StatusBadge","decl":{"start":{"line":8,"column":9},"end":{"line":8,"column":20}},"loc":{"start":{"line":8,"column":33},"end":{"line":19,"column":1}},"line":8}},"branchMap":{"0":{"loc":{"start":{"line":9,"column":17},"end":{"line":9,"column":87}},"type":"binary-expr","locations":[{"start":{"line":9,"column":17},"end":{"line":9,"column":38}},{"start":{"line":9,"column":42},"end":{"line":9,"column":87}}],"line":9}},"s":{"0":0,"1":0,"2":0},"f":{"0":0},"b":{"0":[0,0]}}
,"/Users/maartenvandeperre/workspace/rag-example/frontend/src/config/keycloak.js": {"path":"/Users/maartenvandeperre/workspace/rag-example/frontend/src/config/keycloak.js","statementMap":{"0":{"start":{"line":1,"column":22},"end":{"line":30,"column":1}},"1":{"start":{"line":8,"column":4},"end":{"line":8,"column":30}},"2":{"start":{"line":9,"column":4},"end":{"line":9,"column":29}},"3":{"start":{"line":10,"column":17},"end":{"line":10,"column":59}},"4":{"start":{"line":11,"column":4},"end":{"line":20,"column":6}},"5":{"start":{"line":23,"column":4},"end":{"line":23,"column":31}},"6":{"start":{"line":24,"column":4},"end":{"line":24,"column":22}},"7":{"start":{"line":25,"column":4},"end":{"line":25,"column":28}},"8":{"start":{"line":28,"column":4},"end":{"line":28,"column":34}},"9":{"start":{"line":32,"column":30},"end":{"line":36,"column":1}},"10":{"start":{"line":39,"column":2},"end":{"line":39,"column":40}},"11":{"start":{"line":40,"column":2},"end":{"line":45,"column":4}},"12":{"start":{"line":47,"column":2},"end":{"line":49,"column":3}},"13":{"start":{"line":48,"column":4},"end":{"line":48,"column":26}},"14":{"start":{"line":51,"column":2},"end":{"line":51,"column":23}},"15":{"start":{"line":55,"column":2},"end":{"line":55,"column":87}},"16":{"start":{"line":59,"column":2},"end":{"line":61,"column":3}},"17":{"start":{"line":60,"column":4},"end":{"line":60,"column":16}},"18":{"start":{"line":63,"column":2},"end":{"line":71,"column":4}}},"fnMap":{"0":{"name":"(anonymous_0)","decl":{"start":{"line":7,"column":2},"end":{"line":7,"column":3}},"loc":{"start":{"line":7,"column":10},"end":{"line":21,"column":3}},"line":7},"1":{"name":"(anonymous_1)","decl":{"start":{"line":22,"column":2},"end":{"line":22,"column":3}},"loc":{"start":{"line":22,"column":11},"end":{"line":26,"column":3}},"line":22},"2":{"name":"(anonymous_2)","decl":{"start":{"line":27,"column":2},"end":{"line":27,"column":3}},"loc":{"start":{"line":27,"column":16},"end":{"line":29,"column":3}},"line":27},"3":{"name":"initKeycloak","decl":{"start":{"line":38,"column":22},"end":{"line":38,"column":34}},"loc":{"start":{"line":38,"column":37},"end":{"line":52,"column":1}},"line":38},"4":{"name":"getAuthHeader","decl":{"start":{"line":54,"column":16},"end":{"line":54,"column":29}},"loc":{"start":{"line":54,"column":32},"end":{"line":56,"column":1}},"line":54},"5":{"name":"getUserInfo","decl":{"start":{"line":58,"column":16},"end":{"line":58,"column":27}},"loc":{"start":{"line":58,"column":30},"end":{"line":72,"column":1}},"line":58}},"branchMap":{"0":{"loc":{"start":{"line":10,"column":17},"end":{"line":10,"column":59}},"type":"binary-expr","locations":[{"start":{"line":10,"column":17},"end":{"line":10,"column":48}},{"start":{"line":10,"column":52},"end":{"line":10,"column":59}}],"line":10},"1":{"loc":{"start":{"line":12,"column":11},"end":{"line":12,"column":144}},"type":"binary-expr","locations":[{"start":{"line":12,"column":11},"end":{"line":12,"column":40}},{"start":{"line":12,"column":45},"end":{"line":12,"column":143}}],"line":12},"2":{"loc":{"start":{"line":12,"column":45},"end":{"line":12,"column":143}},"type":"cond-expr","locations":[{"start":{"line":12,"column":64},"end":{"line":12,"column":102}},{"start":{"line":12,"column":105},"end":{"line":12,"column":143}}],"line":12},"3":{"loc":{"start":{"line":13,"column":26},"end":{"line":13,"column":110}},"type":"binary-expr","locations":[{"start":{"line":13,"column":26},"end":{"line":13,"column":60}},{"start":{"line":13,"column":65},"end":{"line":13,"column":109}}],"line":13},"4":{"loc":{"start":{"line":13,"column":65},"end":{"line":13,"column":109}},"type":"cond-expr","locations":[{"start":{"line":13,"column":84},"end":{"line":13,"column":96}},{"start":{"line":13,"column":99},"end":{"line":13,"column":109}}],"line":13},"5":{"loc":{"start":{"line":14,"column":13},"end":{"line":14,"column":118}},"type":"binary-expr","locations":[{"start":{"line":14,"column":13},"end":{"line":14,"column":44}},{"start":{"line":14,"column":49},"end":{"line":14,"column":117}}],"line":14},"6":{"loc":{"start":{"line":14,"column":49},"end":{"line":14,"column":117}},"type":"cond-expr","locations":[{"start":{"line":14,"column":68},"end":{"line":14,"column":92}},{"start":{"line":14,"column":95},"end":{"line":14,"column":117}}],"line":14},"7":{"loc":{"start":{"line":15,"column":18},"end":{"line":15,"column":52}},"type":"cond-expr","locations":[{"start":{"line":15,"column":37},"end":{"line":15,"column":43}},{"start":{"line":15,"column":46},"end":{"line":15,"column":52}}],"line":15},"8":{"loc":{"start":{"line":16,"column":19},"end":{"line":16,"column":53}},"type":"cond-expr","locations":[{"start":{"line":16,"column":38},"end":{"line":16,"column":45}},{"start":{"line":16,"column":48},"end":{"line":16,"column":53}}],"line":16},"9":{"loc":{"start":{"line":33,"column":7},"end":{"line":33,"column":68}},"type":"binary-expr","locations":[{"start":{"line":33,"column":7},"end":{"line":33,"column":41}},{"start":{"line":33,"column":45},"end":{"line":33,"column":68}}],"line":33},"10":{"loc":{"start":{"line":34,"column":9},"end":{"line":34,"column":62}},"type":"binary-expr","locations":[{"start":{"line":34,"column":9},"end":{"line":34,"column":45}},{"start":{"line":34,"column":49},"end":{"line":34,"column":62}}],"line":34},"11":{"loc":{"start":{"line":35,"column":12},"end":{"line":35,"column":74}},"type":"binary-expr","locations":[{"start":{"line":35,"column":12},"end":{"line":35,"column":52}},{"start":{"line":35,"column":56},"end":{"line":35,"column":74}}],"line":35},"12":{"loc":{"start":{"line":47,"column":2},"end":{"line":49,"column":3}},"type":"if","locations":[{"start":{"line":47,"column":2},"end":{"line":49,"column":3}},{"start":{},"end":{}}],"line":47},"13":{"loc":{"start":{"line":47,"column":7},"end":{"line":47,"column":50}},"type":"binary-expr","locations":[{"start":{"line":47,"column":7},"end":{"line":47,"column":39}},{"start":{"line":47,"column":43},"end":{"line":47,"column":50}}],"line":47},"14":{"loc":{"start":{"line":55,"column":9},"end":{"line":55,"column":86}},"type":"cond-expr","locations":[{"start":{"line":55,"column":31},"end":{"line":55,"column":81}},{"start":{"line":55,"column":84},"end":{"line":55,"column":86}}],"line":55},"15":{"loc":{"start":{"line":59,"column":2},"end":{"line":61,"column":3}},"type":"if","locations":[{"start":{"line":59,"column":2},"end":{"line":61,"column":3}},{"start":{},"end":{}}],"line":59},"16":{"loc":{"start":{"line":69,"column":11},"end":{"line":69,"column":62}},"type":"binary-expr","locations":[{"start":{"line":69,"column":11},"end":{"line":69,"column":56}},{"start":{"line":69,"column":60},"end":{"line":69,"column":62}}],"line":69},"17":{"loc":{"start":{"line":70,"column":14},"end":{"line":70,"column":65}},"type":"binary-expr","locations":[{"start":{"line":70,"column":14},"end":{"line":70,"column":59}},{"start":{"line":70,"column":63},"end":{"line":70,"column":65}}],"line":70}},"s":{"0":3,"1":1,"2":1,"3":1,"4":1,"5":0,"6":0,"7":0,"8":0,"9":3,"10":1,"11":1,"12":1,"13":1,"14":1,"15":1,"16":1,"17":0,"18":1},"f":{"0":1,"1":0,"2":0,"3":1,"4":1,"5":1},"b":{"0":[1,1],"1":[1,1],"2":[1,0],"3":[1,1],"4":[1,0],"5":[1,1],"6":[1,0],"7":[1,0],"8":[1,0],"9":[3,3],"10":[3,3],"11":[3,3],"12":[1,0],"13":[1,0],"14":[0,1],"15":[0,1],"16":[1,0],"17":[1,0]},"_coverageSchema":"1a1c01bbd47fc00a2c39e90264f33305004495a9","hash":"02feb2ed4f09f17c3e5932b3df35914004c24f15"}
,"/Users/maartenvandeperre/workspace/rag-example/frontend/src/modules/chat-system/index.js": {"path":"/Users/maartenvandeperre/workspace/rag-example/frontend/src/modules/chat-system/index.js","statementMap":{"0":{"start":{"line":9,"column":32},"end":{"line":14,"column":1}}},"fnMap":{},"branchMap":{},"s":{"0":0},"f":{},"b":{}}
,"/Users/maartenvandeperre/workspace/rag-example/frontend/src/modules/chat-system/components/ChatWorkspace.jsx": {"path":"/Users/maartenvandeperre/workspace/rag-example/frontend/src/modules/chat-system/components/ChatWorkspace.jsx","statementMap":{},"fnMap":{},"branchMap":{},"s":{},"f":{},"b":{}}
,"/Users/maartenvandeperre/workspace/rag-example/frontend/src/modules/chat-system/components/MessageList.jsx": {"path":"/Users/maartenvandeperre/workspace/rag-example/frontend/src/modules/chat-system/components/MessageList.jsx","statementMap":{"0":{"start":{"line":4,"column":2},"end":{"line":6,"column":5}},"1":{"start":{"line":5,"column":4},"end":{"line":5,"column":88}}},"fnMap":{"0":{"name":"MessageList","decl":{"start":{"line":3,"column":9},"end":{"line":3,"column":20}},"loc":{"start":{"line":3,"column":35},"end":{"line":7,"column":1}},"line":3},"1":{"name":"(anonymous_1)","decl":{"start":{"line":4,"column":22},"end":{"line":4,"column":23}},"loc":{"start":{"line":5,"column":4},"end":{"line":5,"column":88}},"line":5}},"branchMap":{"0":{"loc":{"start":{"line":5,"column":25},"end":{"line":5,"column":55}},"type":"binary-expr","locations":[{"start":{"line":5,"column":25},"end":{"line":5,"column":42}},{"start":{"line":5,"column":46},"end":{"line":5,"column":55}}],"line":5}},"s":{"0":0,"1":0},"f":{"0":0,"1":0},"b":{"0":[0,0]}}
,"/Users/maartenvandeperre/workspace/rag-example/frontend/src/modules/chat-system/components/QueryInput.jsx": {"path":"/Users/maartenvandeperre/workspace/rag-example/frontend/src/modules/chat-system/components/QueryInput.jsx","statementMap":{},"fnMap":{},"branchMap":{},"s":{},"f":{},"b":{}}
,"/Users/maartenvandeperre/workspace/rag-example/frontend/src/modules/chat-system/hooks/useChatHistory.js": {"path":"/Users/maartenvandeperre/workspace/rag-example/frontend/src/modules/chat-system/hooks/useChatHistory.js","statementMap":{"0":{"start":{"line":4,"column":34},"end":{"line":4,"column":59}},"1":{"start":{"line":6,"column":2},"end":{"line":10,"column":4}},"2":{"start":{"line":8,"column":32},"end":{"line":8,"column":79}},"3":{"start":{"line":8,"column":57},"end":{"line":8,"column":78}},"4":{"start":{"line":9,"column":25},"end":{"line":9,"column":40}}},"fnMap":{"0":{"name":"useChatHistory","decl":{"start":{"line":3,"column":16},"end":{"line":3,"column":30}},"loc":{"start":{"line":3,"column":53},"end":{"line":11,"column":1}},"line":3},"1":{"name":"(anonymous_1)","decl":{"start":{"line":8,"column":19},"end":{"line":8,"column":20}},"loc":{"start":{"line":8,"column":32},"end":{"line":8,"column":79}},"line":8},"2":{"name":"(anonymous_2)","decl":{"start":{"line":8,"column":44},"end":{"line":8,"column":45}},"loc":{"start":{"line":8,"column":57},"end":{"line":8,"column":78}},"line":8},"3":{"name":"(anonymous_3)","decl":{"start":{"line":9,"column":19},"end":{"line":9,"column":20}},"loc":{"start":{"line":9,"column":25},"end":{"line":9,"column":40}},"line":9}},"branchMap":{"0":{"loc":{"start":{"line":3,"column":31},"end":{"line":3,"column":51}},"type":"default-arg","locations":[{"start":{"line":3,"column":49},"end":{"line":3,"column":51}}],"line":3}},"s":{"0":0,"1":0,"2":0,"3":0,"4":0},"f":{"0":0,"1":0,"2":0,"3":0},"b":{"0":[0]}}
,"/Users/maartenvandeperre/workspace/rag-example/frontend/src/modules/chat-system/hooks/useChatQuery.js": {"path":"/Users/maartenvandeperre/workspace/rag-example/frontend/src/modules/chat-system/hooks/useChatQuery.js","statementMap":{"0":{"start":{"line":7,"column":34},"end":{"line":7,"column":46}},"1":{"start":{"line":8,"column":32},"end":{"line":8,"column":47}},"2":{"start":{"line":9,"column":18},"end":{"line":9,"column":66}},"3":{"start":{"line":9,"column":32},"end":{"line":9,"column":54}},"4":{"start":{"line":10,"column":31},"end":{"line":10,"column":48}},"5":{"start":{"line":12,"column":22},"end":{"line":24,"column":33}},"6":{"start":{"line":13,"column":4},"end":{"line":13,"column":21}},"7":{"start":{"line":14,"column":4},"end":{"line":23,"column":5}},"8":{"start":{"line":15,"column":22},"end":{"line":15,"column":92}},"9":{"start":{"line":16,"column":6},"end":{"line":16,"column":54}},"10":{"start":{"line":16,"column":31},"end":{"line":16,"column":52}},"11":{"start":{"line":17,"column":6},"end":{"line":17,"column":21}},"12":{"start":{"line":19,"column":6},"end":{"line":19,"column":59}},"13":{"start":{"line":20,"column":6},"end":{"line":20,"column":18}},"14":{"start":{"line":22,"column":6},"end":{"line":22,"column":24}},"15":{"start":{"line":26,"column":2},"end":{"line":26,"column":82}},"16":{"start":{"line":26,"column":64},"end":{"line":26,"column":79}}},"fnMap":{"0":{"name":"useChatQuery","decl":{"start":{"line":6,"column":16},"end":{"line":6,"column":28}},"loc":{"start":{"line":6,"column":43},"end":{"line":27,"column":1}},"line":6},"1":{"name":"(anonymous_1)","decl":{"start":{"line":9,"column":26},"end":{"line":9,"column":27}},"loc":{"start":{"line":9,"column":32},"end":{"line":9,"column":54}},"line":9},"2":{"name":"(anonymous_2)","decl":{"start":{"line":12,"column":34},"end":{"line":12,"column":35}},"loc":{"start":{"line":12,"column":94},"end":{"line":24,"column":3}},"line":12},"3":{"name":"(anonymous_3)","decl":{"start":{"line":16,"column":18},"end":{"line":16,"column":19}},"loc":{"start":{"line":16,"column":31},"end":{"line":16,"column":52}},"line":16},"4":{"name":"(anonymous_4)","decl":{"start":{"line":26,"column":58},"end":{"line":26,"column":59}},"loc":{"start":{"line":26,"column":64},"end":{"line":26,"column":79}},"line":26}},"branchMap":{"0":{"loc":{"start":{"line":6,"column":29},"end":{"line":6,"column":41}},"type":"default-arg","locations":[{"start":{"line":6,"column":39},"end":{"line":6,"column":41}}],"line":6},"1":{"loc":{"start":{"line":12,"column":70},"end":{"line":12,"column":89}},"type":"default-arg","locations":[{"start":{"line":12,"column":87},"end":{"line":12,"column":89}}],"line":12}},"s":{"0":0,"1":0,"2":0,"3":0,"4":0,"5":0,"6":0,"7":0,"8":0,"9":0,"10":0,"11":0,"12":0,"13":0,"14":0,"15":0,"16":0},"f":{"0":0,"1":0,"2":0,"3":0,"4":0},"b":{"0":[0],"1":[0]}}
,"/Users/maartenvandeperre/workspace/rag-example/frontend/src/modules/chat-system/services/chatApi.js": {"path":"/Users/maartenvandeperre/workspace/rag-example/frontend/src/modules/chat-system/services/chatApi.js","statementMap":{"0":{"start":{"line":4,"column":20},"end":{"line":4,"column":44}},"1":{"start":{"line":6,"column":2},"end":{"line":10,"column":4}},"2":{"start":{"line":8,"column":6},"end":{"line":8,"column":84}}},"fnMap":{"0":{"name":"createChatApi","decl":{"start":{"line":3,"column":16},"end":{"line":3,"column":29}},"loc":{"start":{"line":3,"column":44},"end":{"line":11,"column":1}},"line":3},"1":{"name":"(anonymous_1)","decl":{"start":{"line":7,"column":4},"end":{"line":7,"column":5}},"loc":{"start":{"line":7,"column":66},"end":{"line":9,"column":5}},"line":7}},"branchMap":{"0":{"loc":{"start":{"line":3,"column":30},"end":{"line":3,"column":42}},"type":"default-arg","locations":[{"start":{"line":3,"column":40},"end":{"line":3,"column":42}}],"line":3},"1":{"loc":{"start":{"line":7,"column":45},"end":{"line":7,"column":64}},"type":"default-arg","locations":[{"start":{"line":7,"column":62},"end":{"line":7,"column":64}}],"line":7}},"s":{"0":0,"1":0,"2":0},"f":{"0":0,"1":0},"b":{"0":[0],"1":[0]}}
,"/Users/maartenvandeperre/workspace/rag-example/frontend/src/modules/document-management/index.js": {"path":"/Users/maartenvandeperre/workspace/rag-example/frontend/src/modules/document-management/index.js","statementMap":{"0":{"start":{"line":9,"column":40},"end":{"line":14,"column":1}}},"fnMap":{},"branchMap":{},"s":{"0":0},"f":{},"b":{}}
,"/Users/maartenvandeperre/workspace/rag-example/frontend/src/modules/document-management/components/DocumentLibrary.jsx": {"path":"/Users/maartenvandeperre/workspace/rag-example/frontend/src/modules/document-management/components/DocumentLibrary.jsx","statementMap":{},"fnMap":{},"branchMap":{},"s":{},"f":{},"b":{}}
,"/Users/maartenvandeperre/workspace/rag-example/frontend/src/modules/document-management/components/DocumentList.jsx": {"path":"/Users/maartenvandeperre/workspace/rag-example/frontend/src/modules/document-management/components/DocumentList.jsx","statementMap":{},"fnMap":{},"branchMap":{},"s":{},"f":{},"b":{}}
,"/Users/maartenvandeperre/workspace/rag-example/frontend/src/modules/document-management/components/FileUpload.jsx": {"path":"/Users/maartenvandeperre/workspace/rag-example/frontend/src/modules/document-management/components/FileUpload.jsx","statementMap":{},"fnMap":{},"branchMap":{},"s":{},"f":{},"b":{}}
,"/Users/maartenvandeperre/workspace/rag-example/frontend/src/modules/document-management/hooks/useDocumentList.js": {"path":"/Users/maartenvandeperre/workspace/rag-example/frontend/src/modules/document-management/hooks/useDocumentList.js","statementMap":{"0":{"start":{"line":6,"column":22},"end":{"line":6,"column":74}},"1":{"start":{"line":6,"column":36},"end":{"line":6,"column":62}},"2":{"start":{"line":8,"column":24},"end":{"line":10,"column":19}},"3":{"start":{"line":9,"column":4},"end":{"line":9,"column":68}},"4":{"start":{"line":12,"column":2},"end":{"line":12,"column":27}}},"fnMap":{"0":{"name":"useDocumentList","decl":{"start":{"line":5,"column":16},"end":{"line":5,"column":31}},"loc":{"start":{"line":5,"column":46},"end":{"line":13,"column":1}},"line":5},"1":{"name":"(anonymous_1)","decl":{"start":{"line":6,"column":30},"end":{"line":6,"column":31}},"loc":{"start":{"line":6,"column":36},"end":{"line":6,"column":62}},"line":6},"2":{"name":"(anonymous_2)","decl":{"start":{"line":8,"column":36},"end":{"line":8,"column":37}},"loc":{"start":{"line":8,"column":81},"end":{"line":10,"column":3}},"line":8}},"branchMap":{"0":{"loc":{"start":{"line":5,"column":32},"end":{"line":5,"column":44}},"type":"default-arg","locations":[{"start":{"line":5,"column":42},"end":{"line":5,"column":44}}],"line":5},"1":{"loc":{"start":{"line":8,"column":37},"end":{"line":8,"column":55}},"type":"default-arg","locations":[{"start":{"line":8,"column":50},"end":{"line":8,"column":55}}],"line":8},"2":{"loc":{"start":{"line":8,"column":57},"end":{"line":8,"column":76}},"type":"default-arg","locations":[{"start":{"line":8,"column":74},"end":{"line":8,"column":76}}],"line":8}},"s":{"0":0,"1":0,"2":0,"3":0,"4":0},"f":{"0":0,"1":0,"2":0},"b":{"0":[0],"1":[0],"2":[0]}}
,"/Users/maartenvandeperre/workspace/rag-example/frontend/src/modules/document-management/hooks/useDocumentUpload.js": {"path":"/Users/maartenvandeperre/workspace/rag-example/frontend/src/modules/document-management/hooks/useDocumentUpload.js","statementMap":{"0":{"start":{"line":7,"column":31},"end":{"line":7,"column":48}},"1":{"start":{"line":8,"column":22},"end":{"line":8,"column":74}},"2":{"start":{"line":8,"column":36},"end":{"line":8,"column":62}},"3":{"start":{"line":10,"column":25},"end":{"line":20,"column":37}},"4":{"start":{"line":11,"column":4},"end":{"line":19,"column":5}},"5":{"start":{"line":12,"column":22},"end":{"line":12,"column":82}},"6":{"start":{"line":13,"column":22},"end":{"line":13,"column":43}},"7":{"start":{"line":14,"column":6},"end":{"line":14,"column":68}},"8":{"start":{"line":15,"column":6},"end":{"line":15,"column":21}},"9":{"start":{"line":17,"column":6},"end":{"line":17,"column":61}},"10":{"start":{"line":18,"column":6},"end":{"line":18,"column":18}},"11":{"start":{"line":22,"column":2},"end":{"line":22,"column":28}}},"fnMap":{"0":{"name":"useDocumentUpload","decl":{"start":{"line":6,"column":16},"end":{"line":6,"column":33}},"loc":{"start":{"line":6,"column":48},"end":{"line":23,"column":1}},"line":6},"1":{"name":"(anonymous_1)","decl":{"start":{"line":8,"column":30},"end":{"line":8,"column":31}},"loc":{"start":{"line":8,"column":36},"end":{"line":8,"column":62}},"line":8},"2":{"name":"(anonymous_2)","decl":{"start":{"line":10,"column":37},"end":{"line":10,"column":38}},"loc":{"start":{"line":10,"column":86},"end":{"line":20,"column":3}},"line":10}},"branchMap":{"0":{"loc":{"start":{"line":6,"column":34},"end":{"line":6,"column":46}},"type":"default-arg","locations":[{"start":{"line":6,"column":44},"end":{"line":6,"column":46}}],"line":6},"1":{"loc":{"start":{"line":10,"column":62},"end":{"line":10,"column":81}},"type":"default-arg","locations":[{"start":{"line":10,"column":79},"end":{"line":10,"column":81}}],"line":10}},"s":{"0":0,"1":0,"2":0,"3":0,"4":0,"5":0,"6":0,"7":0,"8":0,"9":0,"10":0,"11":0},"f":{"0":0,"1":0,"2":0},"b":{"0":[0],"1":[0]}}
[...]
,"/Users/maartenvandeperre/workspace/rag-example/frontend/src/utils/HttpClient.js": {"path":"/Users/maartenvandeperre/workspace/rag-example/frontend/src/utils/HttpClient.js","statementMap":{"0":{"start":{"line":3,"column":27},"end":{"line":3,"column":32}},"1":{"start":{"line":6,"column":2},"end":{"line":18,"column":9}},"2":{"start":{"line":7,"column":4},"end":{"line":9,"column":5}},"3":{"start":{"line":8,"column":6},"end":{"line":8,"column":20}},"4":{"start":{"line":11,"column":4},"end":{"line":15,"column":7}},"5":{"start":{"line":12,"column":6},"end":{"line":14,"column":7}},"6":{"start":{"line":13,"column":8},"end":{"line":13,"column":28}},"7":{"start":{"line":17,"column":4},"end":{"line":17,"column":18}},"8":{"start":{"line":22,"column":2},"end":{"line":24,"column":3}},"9":{"start":{"line":23,"column":4},"end":{"line":23,"column":33}},"10":{"start":{"line":26,"column":2},"end":{"line":28,"column":3}},"11":{"start":{"line":27,"column":4},"end":{"line":27,"column":27}},"12":{"start":{"line":30,"column":2},"end":{"line":40,"column":5}},"13":{"start":{"line":31,"column":4},"end":{"line":33,"column":5}},"14":{"start":{"line":32,"column":6},"end":{"line":32,"column":18}},"15":{"start":{"line":35,"column":4},"end":{"line":39,"column":5}},"16":{"start":{"line":36,"column":6},"end":{"line":36,"column":30}},"17":{"start":{"line":38,"column":6},"end":{"line":38,"column":18}},"18":{"start":{"line":45,"column":4},"end":{"line":45,"column":78}},"19":{"start":{"line":46,"column":4},"end":{"line":46,"column":61}},"20":{"start":{"line":47,"column":4},"end":{"line":47,"column":61}},"21":{"start":{"line":47,"column":55},"end":{"line":47,"column":59}},"22":{"start":{"line":48,"column":4},"end":{"line":48,"column":55}},"23":{"start":{"line":48,"column":49},"end":{"line":48,"column":53}},"24":{"start":{"line":49,"column":4},"end":{"line":49,"column":65}},"25":{"start":{"line":50,"column":4},"end":{"line":50,"column":67}},"26":{"start":{"line":51,"column":4},"end":{"line":51,"column":61}},"27":{"start":{"line":55,"column":22},"end":{"line":55,"column":57}},"28":{"start":{"line":56,"column":23},"end":{"line":56,"column":44}},"29":{"start":{"line":57,"column":18},"end":{"line":57,"column":74}},"30":{"start":{"line":57,"column":35},"end":{"line":57,"column":62}},"31":{"start":{"line":59,"column":4},"end":{"line":89,"column":5}},"32":{"start":{"line":60,"column":28},"end":{"line":69,"column":8}},"33":{"start":{"line":71,"column":23},"end":{"line":71,"column":75}},"34":{"start":{"line":72,"column":22},"end":{"line":72,"column":75}},"35":{"start":{"line":74,"column":6},"end":{"line":76,"column":7}},"36":{"start":{"line":75,"column":8},"end":{"line":75,"column":46}},"37":{"start":{"line":78,"column":6},"end":{"line":78,"column":63}},"38":{"start":{"line":80,"column":30},"end":{"line":84,"column":30}},"39":{"start":{"line":86,"column":6},"end":{"line":86,"column":57}},"40":{"start":{"line":88,"column":6},"end":{"line":88,"column":26}},"41":{"start":{"line":93,"column":16},"end":{"line":93,"column":36}},"42":{"start":{"line":94,"column":20},"end":{"line":135,"column":6}},"43":{"start":{"line":95,"column":6},"end":{"line":95,"column":67}},"44":{"start":{"line":97,"column":6},"end":{"line":99,"column":9}},"45":{"start":{"line":98,"column":8},"end":{"line":98,"column":41}},"46":{"start":{"line":101,"column":6},"end":{"line":111,"column":7}},"47":{"start":{"line":102,"column":8},"end":{"line":110,"column":10}},"48":{"start":{"line":103,"column":10},"end":{"line":109,"column":11}},"49":{"start":{"line":104,"column":12},"end":{"line":108,"column":15}},"50":{"start":{"line":113,"column":6},"end":{"line":124,"column":8}},"51":{"start":{"line":114,"column":8},"end":{"line":123,"column":9}},"52":{"start":{"line":115,"column":26},"end":{"line":115,"column":80}},"53":{"start":{"line":116,"column":10},"end":{"line":118,"column":11}},"54":{"start":{"line":117,"column":12},"end":{"line":117,"column":64}},"55":{"start":{"line":120,"column":10},"end":{"line":120,"column":89}},"56":{"start":{"line":122,"column":10},"end":{"line":122,"column":65}},"57":{"start":{"line":126,"column":6},"end":{"line":128,"column":8}},"58":{"start":{"line":127,"column":8},"end":{"line":127,"column":88}},"59":{"start":{"line":130,"column":6},"end":{"line":132,"column":8}},"60":{"start":{"line":131,"column":8},"end":{"line":131,"column":99}},"61":{"start":{"line":134,"column":6},"end":{"line":134,"column":29}},"62":{"start":{"line":137,"column":4},"end":{"line":140,"column":6}},"63":{"start":{"line":138,"column":20},"end":{"line":138,"column":31}},"64":{"start":{"line":144,"column":22},"end":{"line":144,"column":62}},"65":{"start":{"line":145,"column":19},"end":{"line":145,"column":53}},"66":{"start":{"line":147,"column":4},"end":{"line":151,"column":6}},"67":{"start":{"line":155,"column":21},"end":{"line":155,"column":27}},"68":{"start":{"line":156,"column":4},"end":{"line":158,"column":5}},"69":{"start":{"line":157,"column":6},"end":{"line":157,"column":49}},"70":{"start":{"line":159,"column":4},"end":{"line":159,"column":22}},"71":{"start":{"line":163,"column":22},"end":{"line":163,"column":29}},"72":{"start":{"line":164,"column":4},"end":{"line":166,"column":5}},"73":{"start":{"line":165,"column":6},"end":{"line":165,"column":61}},"74":{"start":{"line":167,"column":4},"end":{"line":167,"column":23}},"75":{"start":{"line":171,"column":4},"end":{"line":171,"column":100}},"76":{"start":{"line":171,"column":69},"end":{"line":171,"column":91}}},"fnMap":{"0":{"name":"mergeHeaders","decl":{"start":{"line":5,"column":9},"end":{"line":5,"column":21}},"loc":{"start":{"line":5,"column":37},"end":{"line":19,"column":1}},"line":5},"1":{"name":"(anonymous_1)","decl":{"start":{"line":6,"column":27},"end":{"line":6,"column":28}},"loc":{"start":{"line":6,"column":48},"end":{"line":18,"column":3}},"line":6},"2":{"name":"(anonymous_2)","decl":{"start":{"line":11,"column":36},"end":{"line":11,"column":37}},"loc":{"start":{"line":11,"column":54},"end":{"line":15,"column":5}},"line":11},"3":{"name":"parseBody","decl":{"start":{"line":21,"column":9},"end":{"line":21,"column":18}},"loc":{"start":{"line":21,"column":52},"end":{"line":41,"column":1}},"line":21},"4":{"name":"(anonymous_4)","decl":{"start":{"line":30,"column":30},"end":{"line":30,"column":31}},"loc":{"start":{"line":30,"column":40},"end":{"line":40,"column":3}},"line":30},"5":{"name":"(anonymous_5)","decl":{"start":{"line":44,"column":2},"end":{"line":44,"column":3}},"loc":{"start":{"line":44,"column":28},"end":{"line":52,"column":3}},"line":44},"6":{"name":"(anonymous_6)","decl":{"start":{"line":47,"column":49},"end":{"line":47,"column":50}},"loc":{"start":{"line":47,"column":55},"end":{"line":47,"column":59}},"line":47},"7":{"name":"(anonymous_7)","decl":{"start":{"line":48,"column":43},"end":{"line":48,"column":44}},"loc":{"start":{"line":48,"column":49},"end":{"line":48,"column":53}},"line":48},"8":{"name":"(anonymous_8)","decl":{"start":{"line":54,"column":2},"end":{"line":54,"column":3}},"loc":{"start":{"line":54,"column":36},"end":{"line":90,"column":3}},"line":54},"9":{"name":"(anonymous_9)","decl":{"start":{"line":57,"column":29},"end":{"line":57,"column":30}},"loc":{"start":{"line":57,"column":35},"end":{"line":57,"column":62}},"line":57},"10":{"name":"(anonymous_10)","decl":{"start":{"line":92,"column":2},"end":{"line":92,"column":3}},"loc":{"start":{"line":92,"column":29},"end":{"line":141,"column":3}},"line":92},"11":{"name":"(anonymous_11)","decl":{"start":{"line":94,"column":32},"end":{"line":94,"column":33}},"loc":{"start":{"line":94,"column":53},"end":{"line":135,"column":5}},"line":94},"12":{"name":"(anonymous_12)","decl":{"start":{"line":97,"column":88},"end":{"line":97,"column":89}},"loc":{"start":{"line":97,"column":106},"end":{"line":99,"column":7}},"line":97},"13":{"name":"(anonymous_13)","decl":{"start":{"line":102,"column":32},"end":{"line":102,"column":33}},"loc":{"start":{"line":102,"column":43},"end":{"line":110,"column":9}},"line":102},"14":{"name":"(anonymous_14)","decl":{"start":{"line":113,"column":19},"end":{"line":113,"column":20}},"loc":{"start":{"line":113,"column":31},"end":{"line":124,"column":7}},"line":113},"15":{"name":"(anonymous_15)","decl":{"start":{"line":126,"column":20},"end":{"line":126,"column":21}},"loc":{"start":{"line":126,"column":26},"end":{"line":128,"column":7}},"line":126},"16":{"name":"(anonymous_16)","decl":{"start":{"line":130,"column":20},"end":{"line":130,"column":21}},"loc":{"start":{"line":130,"column":26},"end":{"line":132,"column":7}},"line":130},"17":{"name":"(anonymous_17)","decl":{"start":{"line":138,"column":14},"end":{"line":138,"column":15}},"loc":{"start":{"line":138,"column":20},"end":{"line":138,"column":31}},"line":138},"18":{"name":"(anonymous_18)","decl":{"start":{"line":143,"column":2},"end":{"line":143,"column":3}},"loc":{"start":{"line":143,"column":34},"end":{"line":152,"column":3}},"line":143},"19":{"name":"(anonymous_19)","decl":{"start":{"line":154,"column":2},"end":{"line":154,"column":3}},"loc":{"start":{"line":154,"column":41},"end":{"line":160,"column":3}},"line":154},"20":{"name":"(anonymous_20)","decl":{"start":{"line":162,"column":2},"end":{"line":162,"column":3}},"loc":{"start":{"line":162,"column":53},"end":{"line":168,"column":3}},"line":162},"21":{"name":"(anonymous_21)","decl":{"start":{"line":170,"column":2},"end":{"line":170,"column":3}},"loc":{"start":{"line":170,"column":32},"end":{"line":172,"column":3}},"line":170},"22":{"name":"(anonymous_22)","decl":{"start":{"line":171,"column":41},"end":{"line":171,"column":42}},"loc":{"start":{"line":171,"column":69},"end":{"line":171,"column":91}},"line":171}},"branchMap":{"0":{"loc":{"start":{"line":7,"column":4},"end":{"line":9,"column":5}},"type":"if","locations":[{"start":{"line":7,"column":4},"end":{"line":9,"column":5}},{"start":{},"end":{}}],"line":7},"1":{"loc":{"start":{"line":12,"column":6},"end":{"line":14,"column":7}},"type":"if","locations":[{"start":{"line":12,"column":6},"end":{"line":14,"column":7}},{"start":{},"end":{}}],"line":12},"2":{"loc":{"start":{"line":12,"column":10},"end":{"line":12,"column":63}},"type":"binary-expr","locations":[{"start":{"line":12,"column":10},"end":{"line":12,"column":29}},{"start":{"line":12,"column":33},"end":{"line":12,"column":47}},{"start":{"line":12,"column":51},"end":{"line":12,"column":63}}],"line":12},"3":{"loc":{"start":{"line":21,"column":29},"end":{"line":21,"column":50}},"type":"default-arg","locations":[{"start":{"line":21,"column":44},"end":{"line":21,"column":50}}],"line":21},"4":{"loc":{"start":{"line":22,"column":2},"end":{"line":24,"column":3}},"type":"if","locations":[{"start":{"line":22,"column":2},"end":{"line":24,"column":3}},{"start":{},"end":{}}],"line":22},"5":{"loc":{"start":{"line":26,"column":2},"end":{"line":28,"column":3}},"type":"if","locations":[{"start":{"line":26,"column":2},"end":{"line":28,"column":3}},{"start":{},"end":{}}],"line":26},"6":{"loc":{"start":{"line":31,"column":4},"end":{"line":33,"column":5}},"type":"if","locations":[{"start":{"line":31,"column":4},"end":{"line":33,"column":5}},{"start":{},"end":{}}],"line":31},"7":{"loc":{"start":{"line":44,"column":14},"end":{"line":44,"column":26}},"type":"default-arg","locations":[{"start":{"line":44,"column":24},"end":{"line":44,"column":26}}],"line":44},"8":{"loc":{"start":{"line":45,"column":19},"end":{"line":45,"column":77}},"type":"binary-expr","locations":[{"start":{"line":45,"column":19},"end":{"line":45,"column":34}},{"start":{"line":45,"column":38},"end":{"line":45,"column":67}},{"start":{"line":45,"column":71},"end":{"line":45,"column":77}}],"line":45},"9":{"loc":{"start":{"line":46,"column":21},"end":{"line":46,"column":60}},"type":"binary-expr","locations":[{"start":{"line":46,"column":21},"end":{"line":46,"column":38}},{"start":{"line":46,"column":42},"end":{"line":46,"column":60}}],"line":46},"10":{"loc":{"start":{"line":47,"column":24},"end":{"line":47,"column":60}},"type":"binary-expr","locations":[{"start":{"line":47,"column":24},"end":{"line":47,"column":44}},{"start":{"line":47,"column":49},"end":{"line":47,"column":59}}],"line":47},"11":{"loc":{"start":{"line":48,"column":21},"end":{"line":48,"column":54}},"type":"binary-expr","locations":[{"start":{"line":48,"column":21},"end":{"line":48,"column":38}},{"start":{"line":48,"column":43},"end":{"line":48,"column":53}}],"line":48},"12":{"loc":{"start":{"line":49,"column":31},"end":{"line":49,"column":64}},"type":"binary-expr","locations":[{"start":{"line":49,"column":31},"end":{"line":49,"column":58}},{"start":{"line":49,"column":62},"end":{"line":49,"column":64}}],"line":49},"13":{"loc":{"start":{"line":50,"column":32},"end":{"line":50,"column":66}},"type":"binary-expr","locations":[{"start":{"line":50,"column":32},"end":{"line":50,"column":60}},{"start":{"line":50,"column":64},"end":{"line":50,"column":66}}],"line":50},"14":{"loc":{"start":{"line":51,"column":29},"end":{"line":51,"column":60}},"type":"binary-expr","locations":[{"start":{"line":51,"column":29},"end":{"line":51,"column":54}},{"start":{"line":51,"column":58},"end":{"line":51,"column":60}}],"line":51},"15":{"loc":{"start":{"line":54,"column":22},"end":{"line":54,"column":34}},"type":"default-arg","locations":[{"start":{"line":54,"column":32},"end":{"line":54,"column":34}}],"line":54},"16":{"loc":{"start":{"line":55,"column":22},"end":{"line":55,"column":57}},"type":"binary-expr","locations":[{"start":{"line":55,"column":22},"end":{"line":55,"column":39}},{"start":{"line":55,"column":43},"end":{"line":55,"column":57}}],"line":55},"17":{"loc":{"start":{"line":61,"column":16},"end":{"line":61,"column":39}},"type":"binary-expr","locations":[{"start":{"line":61,"column":16},"end":{"line":61,"column":30}},{"start":{"line":61,"column":34},"end":{"line":61,"column":39}}],"line":61},"18":{"loc":{"start":{"line":67,"column":16},"end":{"line":67,"column":51}},"type":"binary-expr","locations":[{"start":{"line":67,"column":16},"end":{"line":67,"column":30}},{"start":{"line":67,"column":34},"end":{"line":67,"column":51}}],"line":67},"19":{"loc":{"start":{"line":68,"column":22},"end":{"line":68,"column":52}},"type":"binary-expr","locations":[{"start":{"line":68,"column":22},"end":{"line":68,"column":42}},{"start":{"line":68,"column":46},"end":{"line":68,"column":52}}],"line":68},"20":{"loc":{"start":{"line":74,"column":6},"end":{"line":76,"column":7}},"type":"if","locations":[{"start":{"line":74,"column":6},"end":{"line":76,"column":7}},{"start":{},"end":{}}],"line":74},"21":{"loc":{"start":{"line":80,"column":30},"end":{"line":84,"column":30}},"type":"cond-expr","locations":[{"start":{"line":81,"column":10},"end":{"line":81,"column":35}},{"start":{"line":82,"column":11},"end":{"line":84,"column":29}}],"line":80},"22":{"loc":{"start":{"line":82,"column":11},"end":{"line":84,"column":29}},"type":"cond-expr","locations":[{"start":{"line":83,"column":12},"end":{"line":83,"column":37}},{"start":{"line":84,"column":12},"end":{"line":84,"column":29}}],"line":82},"23":{"loc":{"start":{"line":82,"column":11},"end":{"line":82,"column":81}},"type":"binary-expr","locations":[{"start":{"line":82,"column":11},"end":{"line":82,"column":39}},{"start":{"line":82,"column":43},"end":{"line":82,"column":81}}],"line":82},"24":{"loc":{"start":{"line":92,"column":15},"end":{"line":92,"column":27}},"type":"default-arg","locations":[{"start":{"line":92,"column":25},"end":{"line":92,"column":27}}],"line":92},"25":{"loc":{"start":{"line":95,"column":15},"end":{"line":95,"column":39}},"type":"binary-expr","locations":[{"start":{"line":95,"column":15},"end":{"line":95,"column":29}},{"start":{"line":95,"column":33},"end":{"line":95,"column":39}}],"line":95},"26":{"loc":{"start":{"line":101,"column":6},"end":{"line":111,"column":7}},"type":"if","locations":[{"start":{"line":101,"column":6},"end":{"line":111,"column":7}},{"start":{},"end":{}}],"line":101},"27":{"loc":{"start":{"line":103,"column":10},"end":{"line":109,"column":11}},"type":"if","locations":[{"start":{"line":103,"column":10},"end":{"line":109,"column":11}},{"start":{},"end":{}}],"line":103},"28":{"loc":{"start":{"line":115,"column":26},"end":{"line":115,"column":80}},"type":"cond-expr","locations":[{"start":{"line":115,"column":45},"end":{"line":115,"column":73}},{"start":{"line":115,"column":76},"end":{"line":115,"column":80}}],"line":115},"29":{"loc":{"start":{"line":116,"column":10},"end":{"line":118,"column":11}},"type":"if","locations":[{"start":{"line":116,"column":10},"end":{"line":118,"column":11}},{"start":{},"end":{}}],"line":116},"30":{"loc":{"start":{"line":116,"column":14},"end":{"line":116,"column":51}},"type":"binary-expr","locations":[{"start":{"line":116,"column":14},"end":{"line":116,"column":30}},{"start":{"line":116,"column":34},"end":{"line":116,"column":51}}],"line":116},"31":{"loc":{"start":{"line":143,"column":20},"end":{"line":143,"column":32}},"type":"default-arg","locations":[{"start":{"line":143,"column":30},"end":{"line":143,"column":32}}],"line":143},"32":{"loc":{"start":{"line":144,"column":22},"end":{"line":144,"column":62}},"type":"binary-expr","locations":[{"start":{"line":144,"column":22},"end":{"line":144,"column":39}},{"start":{"line":144,"column":43},"end":{"line":144,"column":62}}],"line":144},"33":{"loc":{"start":{"line":145,"column":19},"end":{"line":145,"column":53}},"type":"binary-expr","locations":[{"start":{"line":145,"column":19},"end":{"line":145,"column":33}},{"start":{"line":145,"column":37},"end":{"line":145,"column":53}}],"line":145},"34":{"loc":{"start":{"line":148,"column":6},"end":{"line":148,"column":86}},"type":"cond-expr","locations":[{"start":{"line":148,"column":41},"end":{"line":148,"column":45}},{"start":{"line":148,"column":48},"end":{"line":148,"column":86}}],"line":148},"35":{"loc":{"start":{"line":149,"column":6},"end":{"line":149,"column":65}},"type":"cond-expr","locations":[{"start":{"line":149,"column":18},"end":{"line":149,"column":58}},{"start":{"line":149,"column":61},"end":{"line":149,"column":65}}],"line":149},"36":{"loc":{"start":{"line":150,"column":6},"end":{"line":150,"column":45}},"type":"cond-expr","locations":[{"start":{"line":150,"column":15},"end":{"line":150,"column":38}},{"start":{"line":150,"column":41},"end":{"line":150,"column":45}}],"line":150}},"s":{"0":5,"1":14,"2":35,"3":15,"4":20,"5":26,"6":26,"7":20,"8":5,"9":0,"10":5,"11":0,"12":5,"13":5,"14":0,"15":5,"16":5,"17":0,"18":5,"19":5,"20":5,"21":6,"22":5,"23":2,"24":5,"25":5,"26":5,"27":5,"28":5,"29":5,"30":0,"31":5,"32":5,"33":5,"34":5,"35":5,"36":1,"37":4,"38":1,"39":1,"40":5,"41":2,"42":2,"43":2,"44":2,"45":2,"46":2,"47":2,"48":1,"49":1,"50":2,"51":1,"52":1,"53":1,"54":0,"55":1,"56":0,"57":2,"58":0,"59":2,"60":1,"61":2,"62":2,"63":1,"64":7,"65":7,"66":7,"67":5,"68":5,"69":1,"70":5,"71":5,"72":5,"73":1,"74":5,"75":2,"76":0},"f":{"0":14,"1":35,"2":26,"3":5,"4":5,"5":5,"6":6,"7":2,"8":5,"9":0,"10":2,"11":2,"12":2,"13":1,"14":1,"15":0,"16":1,"17":1,"18":7,"19":5,"20":5,"21":2,"22":0},"b":{"0":[15,20],"1":[26,0],"2":[26,26,26],"3":[0],"4":[0,5],"5":[0,5],"6":[0,5],"7":[0],"8":[5,0,0],"9":[5,5],"10":[5,4],"11":[5,4],"12":[5,4],"13":[5,4],"14":[5,4],"15":[0],"16":[5,3],"17":[5,3],"18":[5,5],"19":[5,5],"20":[1,4],"21":[0,1],"22":[0,1],"23":[1,0],"24":[0],"25":[2,2],"26":[2,0],"27":[1,0],"28":[1,0],"29":[0,1],"30":[1,1],"31":[0],"32":[7,7],"33":[7,2],"34":[0,7],"35":[1,6],"36":[5,2]},"_coverageSchema":"1a1c01bbd47fc00a2c39e90264f33305004495a9","hash":"479ea0dc1926732b97545df9ebec50e5f9297c21"}
}
