{"/Users/maartenvandeperre/workspace/rag-example/frontend/src/App.js": {"path":"/Users/maartenvandeperre/workspace/rag-example/frontend/src/App.js","statementMap":{"0":{"start":{"line":12,"column":56},"end":{"line":12,"column":71}},"1":{"start":{"line":13,"column":36},"end":{"line":13,"column":50}},"2":{"start":{"line":14,"column":17},"end":{"line":14,"column":56}},"3":{"start":{"line":15,"column":26},"end":{"line":15,"column":68}},"4":{"start":{"line":16,"column":24},"end":{"line":19,"column":47}},"5":{"start":{"line":21,"column":2},"end":{"line":28,"column":9}},"6":{"start":{"line":22,"column":4},"end":{"line":27,"column":9}},"7":{"start":{"line":23,"column":18},"end":{"line":23,"column":46}},"8":{"start":{"line":25,"column":8},"end":{"line":25,"column":36}},"9":{"start":{"line":26,"column":8},"end":{"line":26,"column":37}},"10":{"start":{"line":30,"column":2},"end":{"line":32,"column":3}},"11":{"start":{"line":31,"column":4},"end":{"line":31,"column":77}},"12":{"start":{"line":34,"column":2},"end":{"line":48,"column":4}}},"fnMap":{"0":{"name":"App","decl":{"start":{"line":11,"column":9},"end":{"line":11,"column":12}},"loc":{"start":{"line":11,"column":15},"end":{"line":49,"column":1}},"line":11},"1":{"name":"(anonymous_1)","decl":{"start":{"line":21,"column":12},"end":{"line":21,"column":13}},"loc":{"start":{"line":21,"column":18},"end":{"line":28,"column":3}},"line":21},"2":{"name":"(anonymous_2)","decl":{"start":{"line":23,"column":12},"end":{"line":23,"column":13}},"loc":{"start":{"line":23,"column":18},"end":{"line":23,"column":46}},"line":23},"3":{"name":"(anonymous_3)","decl":{"start":{"line":24,"column":13},"end":{"line":24,"column":14}},"loc":{"start":{"line":24,"column":24},"end":{"line":27,"column":7}},"line":24}},"branchMap":{"0":{"loc":{"start":{"line":14,"column":17},"end":{"line":14,"column":56}},"type":"binary-expr","locations":[{"start":{"line":14,"column":17},"end":{"line":14,"column":46}},{"start":{"line":14,"column":50},"end":{"line":14,"column":56}}],"line":14},"1":{"loc":{"start":{"line":15,"column":26},"end":{"line":15,"column":68}},"type":"binary-expr","locations":[{"start":{"line":15,"column":26},"end":{"line":15,"column":57}},{"start":{"line":15,"column":61},"end":{"line":15,"column":68}}],"line":15},"2":{"loc":{"start":{"line":16,"column":24},"end":{"line":19,"column":47}},"type":"binary-expr","locations":[{"start":{"line":16,"column":24},"end":{"line":16,"column":53}},{"start":{"line":17,"column":8},"end":{"line":19,"column":46}}],"line":16},"3":{"loc":{"start":{"line":17,"column":8},"end":{"line":19,"column":46}},"type":"cond-expr","locations":[{"start":{"line":18,"column":8},"end":{"line":18,"column":46}},{"start":{"line":19,"column":8},"end":{"line":19,"column":46}}],"line":17},"4":{"loc":{"start":{"line":30,"column":2},"end":{"line":32,"column":3}},"type":"if","locations":[{"start":{"line":30,"column":2},"end":{"line":32,"column":3}},{"start":{},"end":{}}],"line":30},"5":{"loc":{"start":{"line":39,"column":13},"end":{"line":41,"column":20}},"type":"cond-expr","locations":[{"start":{"line":40,"column":14},"end":{"line":40,"column":96}},{"start":{"line":41,"column":16},"end":{"line":41,"column":20}}],"line":39},"6":{"loc":{"start":{"line":39,"column":13},"end":{"line":39,"column":69}},"type":"binary-expr","locations":[{"start":{"line":39,"column":13},"end":{"line":39,"column":22}},{"start":{"line":39,"column":26},"end":{"line":39,"column":69}}],"line":39}},"s":{"0":2,"1":2,"2":2,"3":2,"4":2,"5":2,"6":1,"7":1,"8":0,"9":0,"10":2,"11":1,"12":1},"f":{"0":2,"1":1,"2":1,"3":0},"b":{"0":[2,2],"1":[2,2],"2":[2,2],"3":[2,0],"4":[1,1],"5":[0,1],"6":[1,0]},"_coverageSchema":"1a1c01bbd47fc00a2c39e90264f33305004495a9","hash":"e94f45e7512c410cc41483f244e596ccf68e4dc1"}
,"/Users/maartenvandeperre/workspace/rag-example/frontend/src/index.js": {"path":"/Users/maartenvandeperre/workspace/rag-example/frontend/src/index.js","statementMap":{"0":{"start":{"line":6,"column":13},"end":{"line":6,"column":65}},"1":{"start":{"line":8,"column":0},"end":{"line":12,"column":2}}},"fnMap":{},"branchMap":{},"s":{"0":0,"1":0},"f":{},"b":{}}
,"/Users/maartenvandeperre/workspace/rag-example/frontend/src/api/knowledge-graph.js": {"path":"/Users/maartenvandeperre/workspace/rag-example/frontend/src/api/knowledge-graph.js","statementMap":{"0":{"start":{"line":4,"column":20},"end":{"line":4,"column":44}},"1":{"start":{"line":6,"column":2},"end":{"line":25,"column":4}},"2":{"start":{"line":8,"column":6},"end":{"line":8,"column":58}},"3":{"start":{"line":11,"column":6},"end":{"line":11,"column":66}},"4":{"start":{"line":14,"column":6},"end":{"line":14,"column":85}},"5":{"start":{"line":17,"column":6},"end":{"line":17,"column":88}},"6":{"start":{"line":20,"column":6},"end":{"line":20,"column":61}},"7":{"start":{"line":23,"column":6},"end":{"line":23,"column":67}}},"fnMap":{"0":{"name":"createKnowledgeGraphApi","decl":{"start":{"line":3,"column":16},"end":{"line":3,"column":39}},"loc":{"start":{"line":3,"column":54},"end":{"line":26,"column":1}},"line":3},"1":{"name":"(anonymous_1)","decl":{"start":{"line":7,"column":4},"end":{"line":7,"column":5}},"loc":{"start":{"line":7,"column":36},"end":{"line":9,"column":5}},"line":7},"2":{"name":"(anonymous_2)","decl":{"start":{"line":10,"column":4},"end":{"line":10,"column":5}},"loc":{"start":{"line":10,"column":43},"end":{"line":12,"column":5}},"line":10},"3":{"name":"(anonymous_3)","decl":{"start":{"line":13,"column":4},"end":{"line":13,"column":5}},"loc":{"start":{"line":13,"column":57},"end":{"line":15,"column":5}},"line":13},"4":{"name":"(anonymous_4)","decl":{"start":{"line":16,"column":4},"end":{"line":16,"column":5}},"loc":{"start":{"line":16,"column":60},"end":{"line":18,"column":5}},"line":16},"5":{"name":"(anonymous_5)","decl":{"start":{"line":19,"column":4},"end":{"line":19,"column":5}},"loc":{"start":{"line":19,"column":32},"end":{"line":21,"column":5}},"line":19},"6":{"name":"(anonymous_6)","decl":{"start":{"line":22,"column":4},"end":{"line":22,"column":5}},"loc":{"start":{"line":22,"column":39},"end":{"line":24,"column":5}},"line":22}},"branchMap":{"0":{"loc":{"start":{"line":3,"column":40},"end":{"line":3,"column":52}},"type":"default-arg","locations":[{"start":{"line":3,"column":50},"end":{"line":3,"column":52}}],"line":3},"1":{"loc":{"start":{"line":7,"column":15},"end":{"line":7,"column":34}},"type":"default-arg","locations":[{"start":{"line":7,"column":32},"end":{"line":7,"column":34}}],"line":7},"2":{"loc":{"start":{"line":10,"column":22},"end":{"line":10,"column":41}},"type":"default-arg","locations":[{"start":{"line":10,"column":39},"end":{"line":10,"column":41}}],"line":10},"3":{"loc":{"start":{"line":13,"column":36},"end":{"line":13,"column":55}},"type":"default-arg","locations":[{"start":{"line":13,"column":53},"end":{"line":13,"column":55}}],"line":13},"4":{"loc":{"start":{"line":16,"column":39},"end":{"line":16,"column":58}},"type":"default-arg","locations":[{"start":{"line":16,"column":56},"end":{"line":16,"column":58}}],"line":16},"5":{"loc":{"start":{"line":19,"column":11},"end":{"line":19,"column":30}},"type":"default-arg","locations":[{"start":{"line":19,"column":28},"end":{"line":19,"column":30}}],"line":19},"6":{"loc":{"start":{"line":22,"column":18},"end":{"line":22,"column":37}},"type":"default-arg","locations":[{"start":{"line":22,"column":35},"end":{"line":22,"column":37}}],"line":22}},"s":{"0":0,"1":0,"2":0,"3":0,"4":0,"5":0,"6":0,"7":0},"f":{"0":0,"1":0,"2":0,"3":0,"4":0,"5":0,"6":0},"b":{"0":[0],"1":[0],"2":[0],"3":[0],"4":[0],"5":[0],"6":[0]}}
,"/Users/maartenvandeperre/workspace/rag-example/frontend/src/components/AuthGuard.jsx": {"path":"/Users/maartenvandeperre/workspace/rag-example/frontend/src/components/AuthGuard.jsx","statementMap":{"0":{"start":{"line":6,"column":48},"end":{"line":6,"column":80}},"1":{"start":{"line":7,"column":34},"end":{"line":7,"column":57}},"2":{"start":{"line":9,"column":2},"end":{"line":23,"column":9}},"3":{"start":{"line":11,"column":22},"end":{"line":14,"column":5}},"4":{"start":{"line":12,"column":6},"end":{"line":12,"column":49}},"5":{"start":{"line":13,"column":6},"end":{"line":13,"column":33}},"6":{"start":{"line":17,"column":4},"end":{"line":20,"column":5}},"7":{"start":{"line":18,"column":6},"end":{"line":18,"column":23}},"8":{"start":{"line":19,"column":6},"end":{"line":19,"column":18}},"9":{"start":{"line":22,"column":4},"end":{"line":22,"column":16}},"10":{"start":{"line":26,"column":2},"end":{"line":46,"column":3}},"11":{"start":{"line":27,"column":4},"end":{"line":45,"column":6}},"12":{"start":{"line":35,"column":14},"end":{"line":35,"column":31}},"13":{"start":{"line":36,"column":14},"end":{"line":36,"column":57}},"14":{"start":{"line":37,"column":14},"end":{"line":37,"column":41}},"15":{"start":{"line":49,"column":2},"end":{"line":58,"column":3}},"16":{"start":{"line":50,"column":4},"end":{"line":57,"column":6}},"17":{"start":{"line":60,"column":2},"end":{"line":60,"column":18}}},"fnMap":{"0":{"name":"AuthGuard","decl":{"start":{"line":5,"column":9},"end":{"line":5,"column":18}},"loc":{"start":{"line":5,"column":55},"end":{"line":61,"column":1}},"line":5},"1":{"name":"(anonymous_1)","decl":{"start":{"line":9,"column":12},"end":{"line":9,"column":13}},"loc":{"start":{"line":9,"column":18},"end":{"line":23,"column":3}},"line":9},"2":{"name":"(anonymous_2)","decl":{"start":{"line":11,"column":22},"end":{"line":11,"column":23}},"loc":{"start":{"line":11,"column":28},"end":{"line":14,"column":5}},"line":11},"3":{"name":"(anonymous_3)","decl":{"start":{"line":34,"column":21},"end":{"line":34,"column":22}},"loc":{"start":{"line":34,"column":27},"end":{"line":38,"column":13}},"line":34}},"branchMap":{"0":{"loc":{"start":{"line":5,"column":31},"end":{"line":5,"column":51}},"type":"default-arg","locations":[{"start":{"line":5,"column":46},"end":{"line":5,"column":51}}],"line":5},"1":{"loc":{"start":{"line":17,"column":4},"end":{"line":20,"column":5}},"type":"if","locations":[{"start":{"line":17,"column":4},"end":{"line":20,"column":5}},{"start":{},"end":{}}],"line":17},"2":{"loc":{"start":{"line":17,"column":8},"end":{"line":17,"column":78}},"type":"binary-expr","locations":[{"start":{"line":17,"column":8},"end":{"line":17,"column":31}},{"start":{"line":17,"column":35},"end":{"line":17,"column":78}}],"line":17},"3":{"loc":{"start":{"line":26,"column":2},"end":{"line":46,"column":3}},"type":"if","locations":[{"start":{"line":26,"column":2},"end":{"line":46,"column":3}},{"start":{},"end":{}}],"line":26},"4":{"loc":{"start":{"line":49,"column":2},"end":{"line":58,"column":3}},"type":"if","locations":[{"start":{"line":49,"column":2},"end":{"line":58,"column":3}},{"start":{},"end":{}}],"line":49},"5":{"loc":{"start":{"line":49,"column":6},"end":{"line":49,"column":40}},"type":"binary-expr","locations":[{"start":{"line":49,"column":6},"end":{"line":49,"column":18}},{"start":{"line":49,"column":22},"end":{"line":49,"column":40}}],"line":49}},"s":{"0":0,"1":0,"2":0,"3":0,"4":0,"5":0,"6":0,"7":0,"8":0,"9":0,"10":0,"11":0,"12":0,"13":0,"14":0,"15":0,"16":0,"17":0},"f":{"0":0,"1":0,"2":0,"3":0},"b":{"0":[0],"1":[0,0],"2":[0,0],"3":[0,0],"4":[0,0],"5":[0,0]}}
,"/Users/maartenvandeperre/workspace/rag-example/frontend/src/components/AdminProgress/AdminProgress.jsx": {"path":"/Users/maartenvandeperre/workspace/rag-example/frontend/src/components/AdminProgress/AdminProgress.jsx","statementMap":{"0":{"start":{"line":10,"column":34},"end":{"line":10,"column":48}},"1":{"start":{"line":11,"column":32},"end":{"line":11,"column":62}},"2":{"start":{"line":12,"column":28},"end":{"line":12,"column":40}},"3":{"start":{"line":13,"column":38},"end":{"line":13,"column":49}},"4":{"start":{"line":15,"column":19},"end":{"line":15,"column":80}},"5":{"start":{"line":15,"column":33},"end":{"line":15,"column":69}},"6":{"start":{"line":17,"column":2},"end":{"line":62,"column":58}},"7":{"start":{"line":18,"column":4},"end":{"line":21,"column":5}},"8":{"start":{"line":19,"column":6},"end":{"line":19,"column":24}},"9":{"start":{"line":20,"column":6},"end":{"line":20,"column":23}},"10":{"start":{"line":23,"column":20},"end":{"line":23,"column":25}},"11":{"start":{"line":26,"column":6},"end":{"line":26,"column":23}},"12":{"start":{"line":27,"column":6},"end":{"line":27,"column":19}},"13":{"start":{"line":29,"column":6},"end":{"line":54,"column":7}},"14":{"start":{"line":30,"column":25},"end":{"line":36,"column":10}},"15":{"start":{"line":37,"column":24},"end":{"line":37,"column":45}},"16":{"start":{"line":39,"column":8},"end":{"line":41,"column":9}},"17":{"start":{"line":40,"column":10},"end":{"line":40,"column":78}},"18":{"start":{"line":43,"column":8},"end":{"line":45,"column":9}},"19":{"start":{"line":44,"column":10},"end":{"line":44,"column":31}},"20":{"start":{"line":47,"column":8},"end":{"line":49,"column":9}},"21":{"start":{"line":48,"column":10},"end":{"line":48,"column":76}},"22":{"start":{"line":51,"column":8},"end":{"line":53,"column":9}},"23":{"start":{"line":52,"column":10},"end":{"line":52,"column":28}},"24":{"start":{"line":57,"column":4},"end":{"line":57,"column":19}},"25":{"start":{"line":59,"column":4},"end":{"line":61,"column":6}},"26":{"start":{"line":60,"column":6},"end":{"line":60,"column":23}},"27":{"start":{"line":64,"column":2},"end":{"line":76,"column":3}},"28":{"start":{"line":65,"column":4},"end":{"line":75,"column":6}},"29":{"start":{"line":78,"column":2},"end":{"line":110,"column":4}},"30":{"start":{"line":91,"column":25},"end":{"line":91,"column":64}},"31":{"start":{"line":91,"column":52},"end":{"line":91,"column":63}}},"fnMap":{"0":{"name":"AdminProgress","decl":{"start":{"line":9,"column":9},"end":{"line":9,"column":22}},"loc":{"start":{"line":9,"column":72},"end":{"line":111,"column":1}},"line":9},"1":{"name":"(anonymous_1)","decl":{"start":{"line":15,"column":27},"end":{"line":15,"column":28}},"loc":{"start":{"line":15,"column":33},"end":{"line":15,"column":69}},"line":15},"2":{"name":"(anonymous_2)","decl":{"start":{"line":17,"column":12},"end":{"line":17,"column":13}},"loc":{"start":{"line":17,"column":18},"end":{"line":62,"column":3}},"line":17},"3":{"name":"loadProgress","decl":{"start":{"line":25,"column":19},"end":{"line":25,"column":31}},"loc":{"start":{"line":25,"column":34},"end":{"line":55,"column":5}},"line":25},"4":{"name":"(anonymous_4)","decl":{"start":{"line":59,"column":11},"end":{"line":59,"column":12}},"loc":{"start":{"line":59,"column":17},"end":{"line":61,"column":5}},"line":59},"5":{"name":"(anonymous_5)","decl":{"start":{"line":91,"column":19},"end":{"line":91,"column":20}},"loc":{"start":{"line":91,"column":25},"end":{"line":91,"column":64}},"line":91},"6":{"name":"(anonymous_6)","decl":{"start":{"line":91,"column":39},"end":{"line":91,"column":40}},"loc":{"start":{"line":91,"column":52},"end":{"line":91,"column":63}},"line":91}},"branchMap":{"0":{"loc":{"start":{"line":9,"column":51},"end":{"line":9,"column":68}},"type":"default-arg","locations":[{"start":{"line":9,"column":63},"end":{"line":9,"column":68}}],"line":9},"1":{"loc":{"start":{"line":18,"column":4},"end":{"line":21,"column":5}},"type":"if","locations":[{"start":{"line":18,"column":4},"end":{"line":21,"column":5}},{"start":{},"end":{}}],"line":18},"2":{"loc":{"start":{"line":39,"column":8},"end":{"line":41,"column":9}},"type":"if","locations":[{"start":{"line":39,"column":8},"end":{"line":41,"column":9}},{"start":{},"end":{}}],"line":39},"3":{"loc":{"start":{"line":40,"column":26},"end":{"line":40,"column":76}},"type":"binary-expr","locations":[{"start":{"line":40,"column":26},"end":{"line":40,"column":41}},{"start":{"line":40,"column":45},"end":{"line":40,"column":76}}],"line":40},"4":{"loc":{"start":{"line":43,"column":8},"end":{"line":45,"column":9}},"type":"if","locations":[{"start":{"line":43,"column":8},"end":{"line":45,"column":9}},{"start":{},"end":{}}],"line":43},"5":{"loc":{"start":{"line":47,"column":8},"end":{"line":49,"column":9}},"type":"if","locations":[{"start":{"line":47,"column":8},"end":{"line":49,"column":9}},{"start":{},"end":{}}],"line":47},"6":{"loc":{"start":{"line":48,"column":19},"end":{"line":48,"column":74}},"type":"binary-expr","locations":[{"start":{"line":48,"column":19},"end":{"line":48,"column":39}},{"start":{"line":48,"column":43},"end":{"line":48,"column":74}}],"line":48},"7":{"loc":{"start":{"line":51,"column":8},"end":{"line":53,"column":9}},"type":"if","locations":[{"start":{"line":51,"column":8},"end":{"line":53,"column":9}},{"start":{},"end":{}}],"line":51},"8":{"loc":{"start":{"line":64,"column":2},"end":{"line":76,"column":3}},"type":"if","locations":[{"start":{"line":64,"column":2},"end":{"line":76,"column":3}},{"start":{},"end":{}}],"line":64},"9":{"loc":{"start":{"line":97,"column":7},"end":{"line":97,"column":94}},"type":"cond-expr","locations":[{"start":{"line":97,"column":17},"end":{"line":97,"column":87}},{"start":{"line":97,"column":90},"end":{"line":97,"column":94}}],"line":97},"10":{"loc":{"start":{"line":98,"column":7},"end":{"line":98,"column":115}},"type":"cond-expr","locations":[{"start":{"line":98,"column":27},"end":{"line":98,"column":108}},{"start":{"line":98,"column":111},"end":{"line":98,"column":115}}],"line":98},"11":{"loc":{"start":{"line":98,"column":7},"end":{"line":98,"column":24}},"type":"binary-expr","locations":[{"start":{"line":98,"column":7},"end":{"line":98,"column":15}},{"start":{"line":98,"column":19},"end":{"line":98,"column":24}}],"line":98},"12":{"loc":{"start":{"line":100,"column":7},"end":{"line":108,"column":14}},"type":"cond-expr","locations":[{"start":{"line":101,"column":8},"end":{"line":107,"column":14}},{"start":{"line":108,"column":10},"end":{"line":108,"column":14}}],"line":100},"13":{"loc":{"start":{"line":100,"column":7},"end":{"line":100,"column":37}},"type":"binary-expr","locations":[{"start":{"line":100,"column":7},"end":{"line":100,"column":15}},{"start":{"line":100,"column":19},"end":{"line":100,"column":25}},{"start":{"line":100,"column":29},"end":{"line":100,"column":37}}],"line":100}},"s":{"0":10,"1":10,"2":10,"3":10,"4":10,"5":4,"6":10,"7":5,"8":1,"9":1,"10":4,"11":4,"12":4,"13":4,"14":4,"15":4,"16":4,"17":0,"18":4,"19":4,"20":0,"21":0,"22":4,"23":4,"24":4,"25":4,"26":4,"27":10,"28":1,"29":9,"30":1,"31":1},"f":{"0":10,"1":4,"2":5,"3":4,"4":4,"5":1,"6":1},"b":{"0":[2],"1":[1,4],"2":[0,4],"3":[0,0],"4":[4,0],"5":[0,0],"6":[0,0],"7":[4,0],"8":[1,9],"9":[4,5],"10":[0,9],"11":[9,5],"12":[5,4],"13":[9,5,5]},"_coverageSchema":"1a1c01bbd47fc00a2c39e90264f33305004495a9","hash":"40633f23d4fb3735b46fb6e2aca2985f60898c2c"}
,"/Users/maartenvandeperre/workspace/rag-example/frontend/src/components/AdminProgress/FailedDocumentsList.jsx": {"path":"/Users/maartenvandeperre/workspace/rag-example/frontend/src/components/AdminProgress/FailedDocumentsList.jsx","statementMap":{"0":{"start":{"line":2,"column":2},"end":{"line":4,"column":3}},"1":{"start":{"line":3,"column":4},"end":{"line":3,"column":17}},"2":{"start":{"line":6,"column":16},"end":{"line":6,"column":39}},"3":{"start":{"line":7,"column":20},"end":{"line":7,"column":91}},"4":{"start":{"line":8,"column":16},"end":{"line":8,"column":40}},"5":{"start":{"line":9,"column":2},"end":{"line":9,"column":73}},"6":{"start":{"line":13,"column":2},"end":{"line":16,"column":29}},"7":{"start":{"line":20,"column":2},"end":{"line":60,"column":4}},"8":{"start":{"line":42,"column":16},"end":{"line":53,"column":21}}},"fnMap":{"0":{"name":"formatBytes","decl":{"start":{"line":1,"column":9},"end":{"line":1,"column":20}},"loc":{"start":{"line":1,"column":27},"end":{"line":10,"column":1}},"line":1},"1":{"name":"formatDate","decl":{"start":{"line":12,"column":9},"end":{"line":12,"column":19}},"loc":{"start":{"line":12,"column":27},"end":{"line":17,"column":1}},"line":12},"2":{"name":"FailedDocumentsList","decl":{"start":{"line":19,"column":9},"end":{"line":19,"column":28}},"loc":{"start":{"line":19,"column":50},"end":{"line":61,"column":1}},"line":19},"3":{"name":"(anonymous_3)","decl":{"start":{"line":41,"column":35},"end":{"line":41,"column":36}},"loc":{"start":{"line":42,"column":16},"end":{"line":53,"column":21}},"line":42}},"branchMap":{"0":{"loc":{"start":{"line":2,"column":2},"end":{"line":4,"column":3}},"type":"if","locations":[{"start":{"line":2,"column":2},"end":{"line":4,"column":3}},{"start":{},"end":{}}],"line":2},"1":{"loc":{"start":{"line":9,"column":26},"end":{"line":9,"column":49}},"type":"cond-expr","locations":[{"start":{"line":9,"column":44},"end":{"line":9,"column":45}},{"start":{"line":9,"column":48},"end":{"line":9,"column":49}}],"line":9},"2":{"loc":{"start":{"line":26,"column":7},"end":{"line":58,"column":7}},"type":"cond-expr","locations":[{"start":{"line":27,"column":8},"end":{"line":27,"column":79}},{"start":{"line":29,"column":8},"end":{"line":57,"column":14}}],"line":26}},"s":{"0":4,"1":0,"2":4,"3":4,"4":4,"5":4,"6":4,"7":5,"8":4},"f":{"0":4,"1":4,"2":5,"3":4},"b":{"0":[0,4],"1":[0,4],"2":[1,4]},"_coverageSchema":"1a1c01bbd47fc00a2c39e90264f33305004495a9","hash":"f0235c3dfdcb54215faaeffa6e7f7e6444b21694"}
,"/Users/maartenvandeperre/workspace/rag-example/frontend/src/components/AdminProgress/ProcessingDocumentsList.jsx": {"path":"/Users/maartenvandeperre/workspace/rag-example/frontend/src/components/AdminProgress/ProcessingDocumentsList.jsx","statementMap":{"0":{"start":{"line":4,"column":2},"end":{"line":7,"column":29}},"1":{"start":{"line":11,"column":25},"end":{"line":11,"column":94}},"2":{"start":{"line":12,"column":16},"end":{"line":12,"column":49}},"3":{"start":{"line":13,"column":18},"end":{"line":13,"column":58}},"4":{"start":{"line":14,"column":18},"end":{"line":14,"column":37}},"5":{"start":{"line":16,"column":2},"end":{"line":18,"column":3}},"6":{"start":{"line":17,"column":4},"end":{"line":17,"column":47}},"7":{"start":{"line":20,"column":2},"end":{"line":22,"column":3}},"8":{"start":{"line":21,"column":4},"end":{"line":21,"column":37}},"9":{"start":{"line":24,"column":2},"end":{"line":24,"column":23}},"10":{"start":{"line":28,"column":24},"end":{"line":28,"column":44}},"11":{"start":{"line":30,"column":2},"end":{"line":33,"column":9}},"12":{"start":{"line":31,"column":23},"end":{"line":31,"column":73}},"13":{"start":{"line":31,"column":48},"end":{"line":31,"column":66}},"14":{"start":{"line":32,"column":4},"end":{"line":32,"column":50}},"15":{"start":{"line":32,"column":17},"end":{"line":32,"column":49}},"16":{"start":{"line":35,"column":2},"end":{"line":72,"column":4}},"17":{"start":{"line":57,"column":16},"end":{"line":65,"column":21}}},"fnMap":{"0":{"name":"formatDate","decl":{"start":{"line":3,"column":9},"end":{"line":3,"column":19}},"loc":{"start":{"line":3,"column":27},"end":{"line":8,"column":1}},"line":3},"1":{"name":"formatDuration","decl":{"start":{"line":10,"column":9},"end":{"line":10,"column":23}},"loc":{"start":{"line":10,"column":40},"end":{"line":25,"column":1}},"line":10},"2":{"name":"ProcessingDocumentsList","decl":{"start":{"line":27,"column":9},"end":{"line":27,"column":32}},"loc":{"start":{"line":27,"column":58},"end":{"line":73,"column":1}},"line":27},"3":{"name":"(anonymous_3)","decl":{"start":{"line":30,"column":12},"end":{"line":30,"column":13}},"loc":{"start":{"line":30,"column":18},"end":{"line":33,"column":3}},"line":30},"4":{"name":"(anonymous_4)","decl":{"start":{"line":31,"column":42},"end":{"line":31,"column":43}},"loc":{"start":{"line":31,"column":48},"end":{"line":31,"column":66}},"line":31},"5":{"name":"(anonymous_5)","decl":{"start":{"line":32,"column":11},"end":{"line":32,"column":12}},"loc":{"start":{"line":32,"column":17},"end":{"line":32,"column":49}},"line":32},"6":{"name":"(anonymous_6)","decl":{"start":{"line":56,"column":39},"end":{"line":56,"column":40}},"loc":{"start":{"line":57,"column":16},"end":{"line":65,"column":21}},"line":57}},"branchMap":{"0":{"loc":{"start":{"line":16,"column":2},"end":{"line":18,"column":3}},"type":"if","locations":[{"start":{"line":16,"column":2},"end":{"line":18,"column":3}},{"start":{},"end":{}}],"line":16},"1":{"loc":{"start":{"line":20,"column":2},"end":{"line":22,"column":3}},"type":"if","locations":[{"start":{"line":20,"column":2},"end":{"line":22,"column":3}},{"start":{},"end":{}}],"line":20},"2":{"loc":{"start":{"line":41,"column":7},"end":{"line":70,"column":7}},"type":"cond-expr","locations":[{"start":{"line":42,"column":8},"end":{"line":42,"column":87}},{"start":{"line":44,"column":8},"end":{"line":69,"column":14}}],"line":41}},"s":{"0":8,"1":4,"2":4,"3":4,"4":4,"5":4,"6":0,"7":4,"8":4,"9":0,"10":5,"11":5,"12":4,"13":0,"14":4,"15":4,"16":5,"17":4},"f":{"0":8,"1":4,"2":5,"3":4,"4":0,"5":4,"6":4},"b":{"0":[0,4],"1":[4,0],"2":[1,4]},"_coverageSchema":"1a1c01bbd47fc00a2c39e90264f33305004495a9","hash":"8f01670b4dddd2aad50f81f043f76c9c9d366b55"}
,"/Users/maartenvandeperre/workspace/rag-example/frontend/src/components/AdminProgress/ProcessingStatistics.jsx": {"path":"/Users/maartenvandeperre/workspace/rag-example/frontend/src/components/AdminProgress/ProcessingStatistics.jsx","statementMap":{"0":{"start":{"line":1,"column":22},"end":{"line":6,"column":1}},"1":{"start":{"line":9,"column":2},"end":{"line":11,"column":3}},"2":{"start":{"line":10,"column":4},"end":{"line":10,"column":13}},"3":{"start":{"line":13,"column":2},"end":{"line":13,"column":43}},"4":{"start":{"line":17,"column":16},"end":{"line":17,"column":47}},"5":{"start":{"line":19,"column":2},"end":{"line":45,"column":4}},"6":{"start":{"line":27,"column":24},"end":{"line":27,"column":53}},"7":{"start":{"line":28,"column":24},"end":{"line":28,"column":48}},"8":{"start":{"line":30,"column":10},"end":{"line":41,"column":12}}},"fnMap":{"0":{"name":"percentage","decl":{"start":{"line":8,"column":9},"end":{"line":8,"column":19}},"loc":{"start":{"line":8,"column":34},"end":{"line":14,"column":1}},"line":8},"1":{"name":"ProcessingStatistics","decl":{"start":{"line":16,"column":9},"end":{"line":16,"column":29}},"loc":{"start":{"line":16,"column":46},"end":{"line":46,"column":1}},"line":16},"2":{"name":"(anonymous_2)","decl":{"start":{"line":26,"column":27},"end":{"line":26,"column":28}},"loc":{"start":{"line":26,"column":39},"end":{"line":42,"column":9}},"line":26}},"branchMap":{"0":{"loc":{"start":{"line":9,"column":2},"end":{"line":11,"column":3}},"type":"if","locations":[{"start":{"line":9,"column":2},"end":{"line":11,"column":3}},{"start":{},"end":{}}],"line":9},"1":{"loc":{"start":{"line":17,"column":16},"end":{"line":17,"column":47}},"type":"binary-expr","locations":[{"start":{"line":17,"column":16},"end":{"line":17,"column":42}},{"start":{"line":17,"column":46},"end":{"line":17,"column":47}}],"line":17},"2":{"loc":{"start":{"line":27,"column":24},"end":{"line":27,"column":53}},"type":"binary-expr","locations":[{"start":{"line":27,"column":24},"end":{"line":27,"column":48}},{"start":{"line":27,"column":52},"end":{"line":27,"column":53}}],"line":27}},"s":{"0":2,"1":20,"2":0,"3":20,"4":5,"5":5,"6":20,"7":20,"8":20},"f":{"0":20,"1":5,"2":20},"b":{"0":[0,20],"1":[5,0],"2":[20,0]},"_coverageSchema":"1a1c01bbd47fc00a2c39e90264f33305004495a9","hash":"84bf934d0327570003938b3ffef9a8473f30de86"}
,"/Users/maartenvandeperre/workspace/rag-example/frontend/src/components/ChatWorkspace/ChatMessage.jsx": {"path":"/Users/maartenvandeperre/workspace/rag-example/frontend/src/components/ChatWorkspace/ChatMessage.jsx","statementMap":{"0":{"start":{"line":4,"column":29},"end":{"line":4,"column":98}},"1":{"start":{"line":6,"column":29},"end":{"line":10,"column":3}},"2":{"start":{"line":7,"column":4},"end":{"line":9,"column":5}},"3":{"start":{"line":8,"column":6},"end":{"line":8,"column":32}},"4":{"start":{"line":12,"column":30},"end":{"line":21,"column":3}},"5":{"start":{"line":13,"column":4},"end":{"line":15,"column":5}},"6":{"start":{"line":14,"column":6},"end":{"line":14,"column":13}},"7":{"start":{"line":17,"column":4},"end":{"line":20,"column":5}},"8":{"start":{"line":18,"column":6},"end":{"line":18,"column":29}},"9":{"start":{"line":19,"column":6},"end":{"line":19,"column":32}},"10":{"start":{"line":23,"column":2},"end":{"line":50,"column":4}},"11":{"start":{"line":45,"column":12},"end":{"line":45,"column":121}}},"fnMap":{"0":{"name":"ChatMessage","decl":{"start":{"line":3,"column":9},"end":{"line":3,"column":20}},"loc":{"start":{"line":3,"column":70},"end":{"line":51,"column":1}},"line":3},"1":{"name":"(anonymous_1)","decl":{"start":{"line":6,"column":29},"end":{"line":6,"column":30}},"loc":{"start":{"line":6,"column":35},"end":{"line":10,"column":3}},"line":6},"2":{"name":"(anonymous_2)","decl":{"start":{"line":12,"column":30},"end":{"line":12,"column":31}},"loc":{"start":{"line":12,"column":41},"end":{"line":21,"column":3}},"line":12},"3":{"name":"(anonymous_3)","decl":{"start":{"line":44,"column":34},"end":{"line":44,"column":35}},"loc":{"start":{"line":45,"column":12},"end":{"line":45,"column":121}},"line":45}},"branchMap":{"0":{"loc":{"start":{"line":3,"column":48},"end":{"line":3,"column":66}},"type":"default-arg","locations":[{"start":{"line":3,"column":61},"end":{"line":3,"column":66}}],"line":3},"1":{"loc":{"start":{"line":4,"column":29},"end":{"line":4,"column":98}},"type":"binary-expr","locations":[{"start":{"line":4,"column":29},"end":{"line":4,"column":57}},{"start":{"line":4,"column":61},"end":{"line":4,"column":77}},{"start":{"line":4,"column":81},"end":{"line":4,"column":98}}],"line":4},"2":{"loc":{"start":{"line":7,"column":4},"end":{"line":9,"column":5}},"type":"if","locations":[{"start":{"line":7,"column":4},"end":{"line":9,"column":5}},{"start":{},"end":{}}],"line":7},"3":{"loc":{"start":{"line":13,"column":4},"end":{"line":15,"column":5}},"type":"if","locations":[{"start":{"line":13,"column":4},"end":{"line":15,"column":5}},{"start":{},"end":{}}],"line":13},"4":{"loc":{"start":{"line":17,"column":4},"end":{"line":20,"column":5}},"type":"if","locations":[{"start":{"line":17,"column":4},"end":{"line":20,"column":5}},{"start":{},"end":{}}],"line":17},"5":{"loc":{"start":{"line":17,"column":8},"end":{"line":17,"column":50}},"type":"binary-expr","locations":[{"start":{"line":17,"column":8},"end":{"line":17,"column":29}},{"start":{"line":17,"column":33},"end":{"line":17,"column":50}}],"line":17},"6":{"loc":{"start":{"line":24,"column":69},"end":{"line":24,"column":110}},"type":"cond-expr","locations":[{"start":{"line":24,"column":82},"end":{"line":24,"column":105}},{"start":{"line":24,"column":108},"end":{"line":24,"column":110}}],"line":24},"7":{"loc":{"start":{"line":26,"column":45},"end":{"line":26,"column":93}},"type":"cond-expr","locations":[{"start":{"line":26,"column":71},"end":{"line":26,"column":76}},{"start":{"line":26,"column":79},"end":{"line":26,"column":93}}],"line":26},"8":{"loc":{"start":{"line":29,"column":7},"end":{"line":40,"column":64}},"type":"cond-expr","locations":[{"start":{"line":30,"column":8},"end":{"line":39,"column":14}},{"start":{"line":40,"column":10},"end":{"line":40,"column":64}}],"line":29},"9":{"loc":{"start":{"line":41,"column":7},"end":{"line":41,"column":95}},"type":"cond-expr","locations":[{"start":{"line":41,"column":25},"end":{"line":41,"column":88}},{"start":{"line":41,"column":91},"end":{"line":41,"column":95}}],"line":41},"10":{"loc":{"start":{"line":42,"column":7},"end":{"line":48,"column":14}},"type":"cond-expr","locations":[{"start":{"line":43,"column":8},"end":{"line":47,"column":14}},{"start":{"line":48,"column":10},"end":{"line":48,"column":14}}],"line":42},"11":{"loc":{"start":{"line":42,"column":7},"end":{"line":42,"column":58}},"type":"binary-expr","locations":[{"start":{"line":42,"column":7},"end":{"line":42,"column":25}},{"start":{"line":42,"column":29},"end":{"line":42,"column":58}}],"line":42}},"s":{"0":118,"1":118,"2":3,"3":3,"4":118,"5":2,"6":0,"7":2,"8":2,"9":2,"10":118,"11":27},"f":{"0":118,"1":3,"2":2,"3":27},"b":{"0":[0],"1":[118,81,73],"2":[3,0],"3":[0,2],"4":[2,0],"5":[2,1],"6":[12,106],"7":[37,81],"8":[28,90],"9":[8,110],"10":[27,91],"11":[118,81]},"_coverageSchema":"1a1c01bbd47fc00a2c39e90264f33305004495a9","hash":"3f6256eb123a277c1f9fdb686c58c9b015cc7180"}
,"/Users/maartenvandeperre/workspace/rag-example/frontend/src/components/ChatWorkspace/ChatWorkspace.jsx": {"path":"/Users/maartenvandeperre/workspace/rag-example/frontend/src/components/ChatWorkspace/ChatWorkspace.jsx","statementMap":{"0":{"start":{"line":10,"column":24},"end":{"line":13,"column":45}},"1":{"start":{"line":14,"column":27},"end":{"line":14,"column":56}},"2":{"start":{"line":17,"column":2},"end":{"line":20,"column":24}},"3":{"start":{"line":24,"column":34},"end":{"line":24,"column":46}},"4":{"start":{"line":25,"column":34},"end":{"line":25,"column":46}},"5":{"start":{"line":26,"column":28},"end":{"line":26,"column":40}},"6":{"start":{"line":27,"column":36},"end":{"line":27,"column":51}},"7":{"start":{"line":28,"column":46},"end":{"line":28,"column":60}},"8":{"start":{"line":29,"column":46},"end":{"line":29,"column":60}},"9":{"start":{"line":30,"column":52},"end":{"line":30,"column":64}},"10":{"start":{"line":31,"column":20},"end":{"line":34,"column":27}},"11":{"start":{"line":31,"column":34},"end":{"line":34,"column":4}},"12":{"start":{"line":33,"column":21},"end":{"line":33,"column":27}},"13":{"start":{"line":36,"column":23},"end":{"line":45,"column":3}},"14":{"start":{"line":37,"column":11},"end":{"line":43,"column":5}},"15":{"start":{"line":47,"column":26},"end":{"line":47,"column":94}},"16":{"start":{"line":47,"column":40},"end":{"line":47,"column":67}},"17":{"start":{"line":49,"column":29},"end":{"line":52,"column":3}},"18":{"start":{"line":50,"column":4},"end":{"line":50,"column":30}},"19":{"start":{"line":51,"column":4},"end":{"line":51,"column":28}},"20":{"start":{"line":54,"column":32},"end":{"line":57,"column":3}},"21":{"start":{"line":55,"column":4},"end":{"line":55,"column":28}},"22":{"start":{"line":56,"column":4},"end":{"line":56,"column":28}},"23":{"start":{"line":59,"column":33},"end":{"line":64,"column":3}},"24":{"start":{"line":60,"column":4},"end":{"line":60,"column":29}},"25":{"start":{"line":61,"column":4},"end":{"line":63,"column":5}},"26":{"start":{"line":62,"column":6},"end":{"line":62,"column":83}},"27":{"start":{"line":66,"column":23},"end":{"line":113,"column":3}},"28":{"start":{"line":67,"column":28},"end":{"line":67,"column":43}},"29":{"start":{"line":69,"column":4},"end":{"line":71,"column":5}},"30":{"start":{"line":70,"column":6},"end":{"line":70,"column":13}},"31":{"start":{"line":73,"column":20},"end":{"line":73,"column":38}},"32":{"start":{"line":74,"column":22},"end":{"line":74,"column":45}},"33":{"start":{"line":76,"column":4},"end":{"line":76,"column":17}},"34":{"start":{"line":77,"column":4},"end":{"line":77,"column":23}},"35":{"start":{"line":78,"column":4},"end":{"line":78,"column":20}},"36":{"start":{"line":79,"column":4},"end":{"line":83,"column":7}},"37":{"start":{"line":79,"column":29},"end":{"line":83,"column":5}},"38":{"start":{"line":85,"column":4},"end":{"line":112,"column":5}},"39":{"start":{"line":86,"column":23},"end":{"line":86,"column":103}},"40":{"start":{"line":87,"column":6},"end":{"line":106,"column":9}},"41":{"start":{"line":88,"column":31},"end":{"line":88,"column":84}},"42":{"start":{"line":88,"column":59},"end":{"line":88,"column":83}},"43":{"start":{"line":90,"column":8},"end":{"line":93,"column":9}},"44":{"start":{"line":91,"column":10},"end":{"line":91,"column":76}},"45":{"start":{"line":92,"column":10},"end":{"line":92,"column":32}},"46":{"start":{"line":95,"column":8},"end":{"line":105,"column":10}},"47":{"start":{"line":108,"column":6},"end":{"line":108,"column":86}},"48":{"start":{"line":108,"column":31},"end":{"line":108,"column":84}},"49":{"start":{"line":108,"column":59},"end":{"line":108,"column":83}},"50":{"start":{"line":109,"column":6},"end":{"line":109,"column":37}},"51":{"start":{"line":111,"column":6},"end":{"line":111,"column":26}},"52":{"start":{"line":115,"column":2},"end":{"line":155,"column":4}},"53":{"start":{"line":128,"column":12},"end":{"line":133,"column":14}}},"fnMap":{"0":{"name":"currentTimeLabel","decl":{"start":{"line":16,"column":9},"end":{"line":16,"column":25}},"loc":{"start":{"line":16,"column":28},"end":{"line":21,"column":1}},"line":16},"1":{"name":"ChatWorkspace","decl":{"start":{"line":23,"column":9},"end":{"line":23,"column":22}},"loc":{"start":{"line":23,"column":107},"end":{"line":156,"column":1}},"line":23},"2":{"name":"(anonymous_2)","decl":{"start":{"line":31,"column":28},"end":{"line":31,"column":29}},"loc":{"start":{"line":31,"column":34},"end":{"line":34,"column":4}},"line":31},"3":{"name":"(anonymous_3)","decl":{"start":{"line":33,"column":15},"end":{"line":33,"column":16}},"loc":{"start":{"line":33,"column":21},"end":{"line":33,"column":27}},"line":33},"4":{"name":"(anonymous_4)","decl":{"start":{"line":37,"column":4},"end":{"line":37,"column":5}},"loc":{"start":{"line":37,"column":11},"end":{"line":43,"column":5}},"line":37},"5":{"name":"(anonymous_5)","decl":{"start":{"line":47,"column":34},"end":{"line":47,"column":35}},"loc":{"start":{"line":47,"column":40},"end":{"line":47,"column":67}},"line":47},"6":{"name":"(anonymous_6)","decl":{"start":{"line":49,"column":29},"end":{"line":49,"column":30}},"loc":{"start":{"line":49,"column":41},"end":{"line":52,"column":3}},"line":49},"7":{"name":"(anonymous_7)","decl":{"start":{"line":54,"column":32},"end":{"line":54,"column":33}},"loc":{"start":{"line":54,"column":38},"end":{"line":57,"column":3}},"line":54},"8":{"name":"(anonymous_8)","decl":{"start":{"line":59,"column":33},"end":{"line":59,"column":34}},"loc":{"start":{"line":59,"column":45},"end":{"line":64,"column":3}},"line":59},"9":{"name":"(anonymous_9)","decl":{"start":{"line":66,"column":23},"end":{"line":66,"column":24}},"loc":{"start":{"line":66,"column":35},"end":{"line":113,"column":3}},"line":66},"10":{"name":"(anonymous_10)","decl":{"start":{"line":79,"column":16},"end":{"line":79,"column":17}},"loc":{"start":{"line":79,"column":29},"end":{"line":83,"column":5}},"line":79},"11":{"name":"(anonymous_11)","decl":{"start":{"line":87,"column":18},"end":{"line":87,"column":19}},"loc":{"start":{"line":87,"column":31},"end":{"line":106,"column":7}},"line":87},"12":{"name":"(anonymous_12)","decl":{"start":{"line":88,"column":46},"end":{"line":88,"column":47}},"loc":{"start":{"line":88,"column":59},"end":{"line":88,"column":83}},"line":88},"13":{"name":"(anonymous_13)","decl":{"start":{"line":108,"column":18},"end":{"line":108,"column":19}},"loc":{"start":{"line":108,"column":31},"end":{"line":108,"column":84}},"line":108},"14":{"name":"(anonymous_14)","decl":{"start":{"line":108,"column":46},"end":{"line":108,"column":47}},"loc":{"start":{"line":108,"column":59},"end":{"line":108,"column":83}},"line":108},"15":{"name":"(anonymous_15)","decl":{"start":{"line":127,"column":31},"end":{"line":127,"column":32}},"loc":{"start":{"line":128,"column":12},"end":{"line":133,"column":14}},"line":128}},"branchMap":{"0":{"loc":{"start":{"line":10,"column":24},"end":{"line":13,"column":45}},"type":"binary-expr","locations":[{"start":{"line":10,"column":24},"end":{"line":10,"column":61}},{"start":{"line":11,"column":6},"end":{"line":13,"column":44}}],"line":10},"1":{"loc":{"start":{"line":11,"column":6},"end":{"line":13,"column":44}},"type":"cond-expr","locations":[{"start":{"line":12,"column":6},"end":{"line":12,"column":44}},{"start":{"line":13,"column":6},"end":{"line":13,"column":44}}],"line":11},"2":{"loc":{"start":{"line":23,"column":25},"end":{"line":23,"column":77}},"type":"default-arg","locations":[{"start":{"line":23,"column":38},"end":{"line":23,"column":77}}],"line":23},"3":{"loc":{"start":{"line":23,"column":38},"end":{"line":23,"column":77}},"type":"binary-expr","locations":[{"start":{"line":23,"column":38},"end":{"line":23,"column":67}},{"start":{"line":23,"column":71},"end":{"line":23,"column":77}}],"line":23},"4":{"loc":{"start":{"line":23,"column":79},"end":{"line":23,"column":103}},"type":"default-arg","locations":[{"start":{"line":23,"column":88},"end":{"line":23,"column":103}}],"line":23},"5":{"loc":{"start":{"line":61,"column":4},"end":{"line":63,"column":5}},"type":"if","locations":[{"start":{"line":61,"column":4},"end":{"line":63,"column":5}},{"start":{},"end":{}}],"line":61},"6":{"loc":{"start":{"line":61,"column":8},"end":{"line":61,"column":44}},"type":"binary-expr","locations":[{"start":{"line":61,"column":8},"end":{"line":61,"column":27}},{"start":{"line":61,"column":31},"end":{"line":61,"column":44}}],"line":61},"7":{"loc":{"start":{"line":69,"column":4},"end":{"line":71,"column":5}},"type":"if","locations":[{"start":{"line":69,"column":4},"end":{"line":71,"column":5}},{"start":{},"end":{}}],"line":69},"8":{"loc":{"start":{"line":69,"column":8},"end":{"line":69,"column":37}},"type":"binary-expr","locations":[{"start":{"line":69,"column":8},"end":{"line":69,"column":24}},{"start":{"line":69,"column":28},"end":{"line":69,"column":37}}],"line":69},"9":{"loc":{"start":{"line":90,"column":8},"end":{"line":93,"column":9}},"type":"if","locations":[{"start":{"line":90,"column":8},"end":{"line":93,"column":9}},{"start":{},"end":{}}],"line":90},"10":{"loc":{"start":{"line":91,"column":19},"end":{"line":91,"column":74}},"type":"binary-expr","locations":[{"start":{"line":91,"column":19},"end":{"line":91,"column":40}},{"start":{"line":91,"column":44},"end":{"line":91,"column":74}}],"line":91},"11":{"loc":{"start":{"line":100,"column":22},"end":{"line":100,"column":47}},"type":"binary-expr","locations":[{"start":{"line":100,"column":22},"end":{"line":100,"column":39}},{"start":{"line":100,"column":43},"end":{"line":100,"column":47}}],"line":100},"12":{"loc":{"start":{"line":102,"column":24},"end":{"line":102,"column":57}},"type":"binary-expr","locations":[{"start":{"line":102,"column":24},"end":{"line":102,"column":51}},{"start":{"line":102,"column":55},"end":{"line":102,"column":57}}],"line":102},"13":{"loc":{"start":{"line":130,"column":19},"end":{"line":130,"column":64}},"type":"binary-expr","locations":[{"start":{"line":130,"column":19},"end":{"line":130,"column":29}},{"start":{"line":130,"column":33},"end":{"line":130,"column":64}}],"line":130},"14":{"loc":{"start":{"line":135,"column":11},"end":{"line":135,"column":72}},"type":"cond-expr","locations":[{"start":{"line":135,"column":19},"end":{"line":135,"column":65}},{"start":{"line":135,"column":68},"end":{"line":135,"column":72}}],"line":135},"15":{"loc":{"start":{"line":136,"column":11},"end":{"line":136,"column":96}},"type":"cond-expr","locations":[{"start":{"line":136,"column":31},"end":{"line":136,"column":89}},{"start":{"line":136,"column":92},"end":{"line":136,"column":96}}],"line":136},"16":{"loc":{"start":{"line":152,"column":17},"end":{"line":152,"column":49}},"type":"binary-expr","locations":[{"start":{"line":152,"column":17},"end":{"line":152,"column":43}},{"start":{"line":152,"column":47},"end":{"line":152,"column":49}}],"line":152}},"s":{"0":1,"1":1,"2":23,"3":46,"4":46,"5":46,"6":46,"7":46,"8":46,"9":46,"10":46,"11":8,"12":0,"13":46,"14":8,"15":46,"16":24,"17":46,"18":5,"19":5,"20":46,"21":1,"22":1,"23":46,"24":1,"25":1,"26":0,"27":46,"28":8,"29":8,"30":0,"31":8,"32":8,"33":8,"34":8,"35":8,"36":8,"37":8,"38":8,"39":8,"40":7,"41":7,"42":16,"43":7,"44":0,"45":0,"46":7,"47":1,"48":1,"49":2,"50":1,"51":8,"52":46,"53":121},"f":{"0":23,"1":46,"2":8,"3":0,"4":8,"5":24,"6":5,"7":1,"8":1,"9":8,"10":8,"11":7,"12":16,"13":1,"14":2,"15":121},"b":{"0":[1,1],"1":[0,1],"2":[46],"3":[46,46],"4":[46],"5":[0,1],"6":[1,0],"7":[0,8],"8":[8,8],"9":[0,7],"10":[0,0],"11":[7,5],"12":[7,0],"13":[121,84],"14":[1,45],"15":[0,46],"16":[46,33]},"_coverageSchema":"1a1c01bbd47fc00a2c39e90264f33305004495a9","hash":"881324654744920c19b3bc3d74d84f90e2ded414"}
,"/Users/maartenvandeperre/workspace/rag-example/frontend/src/components/ChatWorkspace/DocumentReference.jsx": {"path":"/Users/maartenvandeperre/workspace/rag-example/frontend/src/components/ChatWorkspace/DocumentReference.jsx","statementMap":{"0":{"start":{"line":2,"column":16},"end":{"line":2,"column":58}},"1":{"start":{"line":4,"column":2},"end":{"line":10,"column":4}}},"fnMap":{"0":{"name":"DocumentReference","decl":{"start":{"line":1,"column":9},"end":{"line":1,"column":26}},"loc":{"start":{"line":1,"column":42},"end":{"line":11,"column":1}},"line":1}},"branchMap":{"0":{"loc":{"start":{"line":5,"column":40},"end":{"line":5,"column":67}},"type":"binary-expr","locations":[{"start":{"line":5,"column":40},"end":{"line":5,"column":54}},{"start":{"line":5,"column":58},"end":{"line":5,"column":67}}],"line":5}},"s":{"0":27,"1":27},"f":{"0":27},"b":{"0":[27,22]},"_coverageSchema":"1a1c01bbd47fc00a2c39e90264f33305004495a9","hash":"d4073d0530d8d0807414001b94e7a27b730516a7"}
,"/Users/maartenvandeperre/workspace/rag-example/frontend/src/components/ChatWorkspace/QuestionInput.jsx": {"path":"/Users/maartenvandeperre/workspace/rag-example/frontend/src/components/ChatWorkspace/QuestionInput.jsx","statementMap":{"0":{"start":{"line":3,"column":28},"end":{"line":3,"column":31}},"1":{"start":{"line":6,"column":20},"end":{"line":6,"column":78}},"2":{"start":{"line":6,"column":34},"end":{"line":6,"column":68}},"3":{"start":{"line":8,"column":23},"end":{"line":11,"column":3}},"4":{"start":{"line":9,"column":4},"end":{"line":9,"column":27}},"5":{"start":{"line":10,"column":4},"end":{"line":10,"column":15}},"6":{"start":{"line":13,"column":2},"end":{"line":37,"column":4}},"7":{"start":{"line":23,"column":31},"end":{"line":23,"column":89}}},"fnMap":{"0":{"name":"QuestionInput","decl":{"start":{"line":5,"column":9},"end":{"line":5,"column":22}},"loc":{"start":{"line":5,"column":64},"end":{"line":38,"column":1}},"line":5},"1":{"name":"(anonymous_1)","decl":{"start":{"line":6,"column":28},"end":{"line":6,"column":29}},"loc":{"start":{"line":6,"column":34},"end":{"line":6,"column":68}},"line":6},"2":{"name":"(anonymous_2)","decl":{"start":{"line":8,"column":23},"end":{"line":8,"column":24}},"loc":{"start":{"line":8,"column":34},"end":{"line":11,"column":3}},"line":8},"3":{"name":"(anonymous_3)","decl":{"start":{"line":23,"column":20},"end":{"line":23,"column":21}},"loc":{"start":{"line":23,"column":31},"end":{"line":23,"column":89}},"line":23}},"branchMap":{"0":{"loc":{"start":{"line":28,"column":68},"end":{"line":28,"column":93}},"type":"binary-expr","locations":[{"start":{"line":28,"column":68},"end":{"line":28,"column":76}},{"start":{"line":28,"column":80},"end":{"line":28,"column":93}}],"line":28},"1":{"loc":{"start":{"line":29,"column":11},"end":{"line":29,"column":43}},"type":"cond-expr","locations":[{"start":{"line":29,"column":22},"end":{"line":29,"column":35}},{"start":{"line":29,"column":38},"end":{"line":29,"column":43}}],"line":29}},"s":{"0":1,"1":45,"2":24,"3":45,"4":8,"5":8,"6":45,"7":8},"f":{"0":45,"1":24,"2":8,"3":8},"b":{"0":[45,37],"1":[8,37]},"_coverageSchema":"1a1c01bbd47fc00a2c39e90264f33305004495a9","hash":"684a30088a01319d7ea85df2b1238907ad70564f"}
,"/Users/maartenvandeperre/workspace/rag-example/frontend/src/components/DevTools/DevPanel.jsx": {"path":"/Users/maartenvandeperre/workspace/rag-example/frontend/src/components/DevTools/DevPanel.jsx","statementMap":{"0":{"start":{"line":7,"column":30},"end":{"line":7,"column":45}},"1":{"start":{"line":8,"column":44},"end":{"line":8,"column":58}},"2":{"start":{"line":9,"column":34},"end":{"line":9,"column":48}},"3":{"start":{"line":11,"column":2},"end":{"line":20,"column":9}},"4":{"start":{"line":12,"column":4},"end":{"line":14,"column":5}},"5":{"start":{"line":13,"column":6},"end":{"line":13,"column":13}},"6":{"start":{"line":16,"column":4},"end":{"line":16,"column":31}},"7":{"start":{"line":17,"column":4},"end":{"line":19,"column":7}},"8":{"start":{"line":18,"column":6},"end":{"line":18,"column":49}},"9":{"start":{"line":22,"column":2},"end":{"line":24,"column":3}},"10":{"start":{"line":23,"column":4},"end":{"line":23,"column":16}},"11":{"start":{"line":26,"column":2},"end":{"line":57,"column":4}},"12":{"start":{"line":28,"column":43},"end":{"line":28,"column":75}},"13":{"start":{"line":28,"column":66},"end":{"line":28,"column":74}},"14":{"start":{"line":45,"column":14},"end":{"line":45,"column":31}},"15":{"start":{"line":46,"column":14},"end":{"line":46,"column":41}},"16":{"start":{"line":49,"column":14},"end":{"line":49,"column":32}},"17":{"start":{"line":50,"column":14},"end":{"line":50,"column":41}},"18":{"start":{"line":52,"column":49},"end":{"line":52,"column":73}}},"fnMap":{"0":{"name":"DevPanel","decl":{"start":{"line":6,"column":9},"end":{"line":6,"column":17}},"loc":{"start":{"line":6,"column":20},"end":{"line":58,"column":1}},"line":6},"1":{"name":"(anonymous_1)","decl":{"start":{"line":11,"column":12},"end":{"line":11,"column":13}},"loc":{"start":{"line":11,"column":18},"end":{"line":20,"column":3}},"line":11},"2":{"name":"(anonymous_2)","decl":{"start":{"line":17,"column":54},"end":{"line":17,"column":55}},"loc":{"start":{"line":17,"column":65},"end":{"line":19,"column":5}},"line":17},"3":{"name":"(anonymous_3)","decl":{"start":{"line":28,"column":37},"end":{"line":28,"column":38}},"loc":{"start":{"line":28,"column":43},"end":{"line":28,"column":75}},"line":28},"4":{"name":"(anonymous_4)","decl":{"start":{"line":28,"column":53},"end":{"line":28,"column":54}},"loc":{"start":{"line":28,"column":66},"end":{"line":28,"column":74}},"line":28},"5":{"name":"(anonymous_5)","decl":{"start":{"line":44,"column":43},"end":{"line":44,"column":44}},"loc":{"start":{"line":44,"column":49},"end":{"line":47,"column":13}},"line":44},"6":{"name":"(anonymous_6)","decl":{"start":{"line":48,"column":43},"end":{"line":48,"column":44}},"loc":{"start":{"line":48,"column":49},"end":{"line":51,"column":13}},"line":48},"7":{"name":"(anonymous_7)","decl":{"start":{"line":52,"column":43},"end":{"line":52,"column":44}},"loc":{"start":{"line":52,"column":49},"end":{"line":52,"column":73}},"line":52}},"branchMap":{"0":{"loc":{"start":{"line":12,"column":4},"end":{"line":14,"column":5}},"type":"if","locations":[{"start":{"line":12,"column":4},"end":{"line":14,"column":5}},{"start":{},"end":{}}],"line":12},"1":{"loc":{"start":{"line":22,"column":2},"end":{"line":24,"column":3}},"type":"if","locations":[{"start":{"line":22,"column":2},"end":{"line":24,"column":3}},{"start":{},"end":{}}],"line":22},"2":{"loc":{"start":{"line":29,"column":9},"end":{"line":29,"column":33}},"type":"cond-expr","locations":[{"start":{"line":29,"column":18},"end":{"line":29,"column":24}},{"start":{"line":29,"column":27},"end":{"line":29,"column":33}}],"line":29},"3":{"loc":{"start":{"line":31,"column":7},"end":{"line":55,"column":14}},"type":"cond-expr","locations":[{"start":{"line":32,"column":8},"end":{"line":54,"column":14}},{"start":{"line":55,"column":10},"end":{"line":55,"column":14}}],"line":31},"4":{"loc":{"start":{"line":36,"column":48},"end":{"line":36,"column":85}},"type":"cond-expr","locations":[{"start":{"line":36,"column":73},"end":{"line":36,"column":78}},{"start":{"line":36,"column":81},"end":{"line":36,"column":85}}],"line":36},"5":{"loc":{"start":{"line":42,"column":16},"end":{"line":42,"column":88}},"type":"cond-expr","locations":[{"start":{"line":42,"column":33},"end":{"line":42,"column":75}},{"start":{"line":42,"column":78},"end":{"line":42,"column":88}}],"line":42}},"s":{"0":3,"1":3,"2":3,"3":3,"4":1,"5":0,"6":1,"7":1,"8":0,"9":3,"10":0,"11":3,"12":0,"13":0,"14":0,"15":0,"16":0,"17":0,"18":0},"f":{"0":3,"1":1,"2":0,"3":0,"4":0,"5":0,"6":0,"7":0},"b":{"0":[0,1],"1":[0,3],"2":[0,3],"3":[0,3],"4":[0,0],"5":[0,0]},"_coverageSchema":"1a1c01bbd47fc00a2c39e90264f33305004495a9","hash":"31e4ccda3f9060aa05b3a1084c2cfef936965c45"}
,"/Users/maartenvandeperre/workspace/rag-example/frontend/src/components/DocumentLibrary/DocumentLibrary.jsx": {"path":"/Users/maartenvandeperre/workspace/rag-example/frontend/src/components/DocumentLibrary/DocumentLibrary.jsx","statementMap":{"0":{"start":{"line":7,"column":24},"end":{"line":10,"column":45}},"1":{"start":{"line":13,"column":20},"end":{"line":13,"column":78}},"2":{"start":{"line":15,"column":2},"end":{"line":15,"column":102}},"3":{"start":{"line":15,"column":46},"end":{"line":15,"column":100}},"4":{"start":{"line":19,"column":20},"end":{"line":19,"column":42}},"5":{"start":{"line":20,"column":2},"end":{"line":22,"column":3}},"6":{"start":{"line":21,"column":4},"end":{"line":21,"column":17}},"7":{"start":{"line":23,"column":2},"end":{"line":25,"column":3}},"8":{"start":{"line":24,"column":4},"end":{"line":24,"column":22}},"9":{"start":{"line":26,"column":2},"end":{"line":26,"column":22}},"10":{"start":{"line":30,"column":36},"end":{"line":30,"column":48}},"11":{"start":{"line":31,"column":36},"end":{"line":31,"column":50}},"12":{"start":{"line":32,"column":40},"end":{"line":32,"column":55}},"13":{"start":{"line":33,"column":28},"end":{"line":33,"column":40}},"14":{"start":{"line":34,"column":48},"end":{"line":34,"column":60}},"15":{"start":{"line":35,"column":34},"end":{"line":35,"column":45}},"16":{"start":{"line":36,"column":42},"end":{"line":36,"column":56}},"17":{"start":{"line":37,"column":26},"end":{"line":37,"column":38}},"18":{"start":{"line":39,"column":20},"end":{"line":42,"column":27}},"19":{"start":{"line":39,"column":34},"end":{"line":42,"column":4}},"20":{"start":{"line":41,"column":21},"end":{"line":41,"column":27}},"21":{"start":{"line":44,"column":2},"end":{"line":74,"column":26}},"22":{"start":{"line":45,"column":17},"end":{"line":45,"column":22}},"23":{"start":{"line":48,"column":6},"end":{"line":48,"column":25}},"24":{"start":{"line":49,"column":6},"end":{"line":49,"column":19}},"25":{"start":{"line":50,"column":6},"end":{"line":63,"column":7}},"26":{"start":{"line":51,"column":24},"end":{"line":51,"column":75}},"27":{"start":{"line":52,"column":8},"end":{"line":54,"column":9}},"28":{"start":{"line":53,"column":10},"end":{"line":53,"column":52}},"29":{"start":{"line":56,"column":8},"end":{"line":58,"column":9}},"30":{"start":{"line":57,"column":10},"end":{"line":57,"column":39}},"31":{"start":{"line":60,"column":8},"end":{"line":62,"column":9}},"32":{"start":{"line":61,"column":10},"end":{"line":61,"column":30}},"33":{"start":{"line":66,"column":4},"end":{"line":66,"column":20}},"34":{"start":{"line":68,"column":4},"end":{"line":73,"column":6}},"35":{"start":{"line":69,"column":6},"end":{"line":69,"column":20}},"36":{"start":{"line":70,"column":6},"end":{"line":72,"column":7}},"37":{"start":{"line":71,"column":8},"end":{"line":71,"column":41}},"38":{"start":{"line":76,"column":16},"end":{"line":80,"column":18}},"39":{"start":{"line":76,"column":31},"end":{"line":80,"column":3}},"40":{"start":{"line":78,"column":42},"end":{"line":78,"column":69}},"41":{"start":{"line":79,"column":47},"end":{"line":79,"column":79}},"42":{"start":{"line":82,"column":30},"end":{"line":89,"column":3}},"43":{"start":{"line":83,"column":17},"end":{"line":83,"column":34}},"44":{"start":{"line":84,"column":22},"end":{"line":84,"column":40}},"45":{"start":{"line":85,"column":4},"end":{"line":85,"column":34}},"46":{"start":{"line":86,"column":4},"end":{"line":86,"column":40}},"47":{"start":{"line":87,"column":4},"end":{"line":87,"column":17}},"48":{"start":{"line":88,"column":4},"end":{"line":88,"column":19}},"49":{"start":{"line":91,"column":23},"end":{"line":130,"column":3}},"50":{"start":{"line":92,"column":22},"end":{"line":92,"column":48}},"51":{"start":{"line":93,"column":4},"end":{"line":96,"column":5}},"52":{"start":{"line":94,"column":6},"end":{"line":94,"column":36}},"53":{"start":{"line":95,"column":6},"end":{"line":95,"column":13}},"54":{"start":{"line":98,"column":4},"end":{"line":98,"column":25}},"55":{"start":{"line":99,"column":4},"end":{"line":99,"column":27}},"56":{"start":{"line":100,"column":4},"end":{"line":100,"column":17}},"57":{"start":{"line":101,"column":4},"end":{"line":101,"column":20}},"58":{"start":{"line":103,"column":4},"end":{"line":129,"column":5}},"59":{"start":{"line":104,"column":28},"end":{"line":106,"column":20}},"60":{"start":{"line":105,"column":8},"end":{"line":105,"column":29}},"61":{"start":{"line":107,"column":6},"end":{"line":107,"column":46}},"62":{"start":{"line":109,"column":22},"end":{"line":109,"column":49}},"63":{"start":{"line":111,"column":26},"end":{"line":118,"column":7}},"64":{"start":{"line":120,"column":6},"end":{"line":120,"column":97}},"65":{"start":{"line":120,"column":41},"end":{"line":120,"column":95}},"66":{"start":{"line":121,"column":6},"end":{"line":121,"column":28}},"67":{"start":{"line":122,"column":6},"end":{"line":122,"column":23}},"68":{"start":{"line":124,"column":6},"end":{"line":124,"column":36}},"69":{"start":{"line":125,"column":6},"end":{"line":125,"column":21}},"70":{"start":{"line":127,"column":6},"end":{"line":127,"column":37}},"71":{"start":{"line":128,"column":6},"end":{"line":128,"column":28}},"72":{"start":{"line":132,"column":2},"end":{"line":168,"column":4}}},"fnMap":{"0":{"name":"normalizeDocuments","decl":{"start":{"line":12,"column":9},"end":{"line":12,"column":27}},"loc":{"start":{"line":12,"column":37},"end":{"line":16,"column":1}},"line":12},"1":{"name":"(anonymous_1)","decl":{"start":{"line":15,"column":29},"end":{"line":15,"column":30}},"loc":{"start":{"line":15,"column":46},"end":{"line":15,"column":100}},"line":15},"2":{"name":"mapFileType","decl":{"start":{"line":18,"column":9},"end":{"line":18,"column":20}},"loc":{"start":{"line":18,"column":31},"end":{"line":27,"column":1}},"line":18},"3":{"name":"DocumentLibrary","decl":{"start":{"line":29,"column":9},"end":{"line":29,"column":24}},"loc":{"start":{"line":29,"column":109},"end":{"line":169,"column":1}},"line":29},"4":{"name":"(anonymous_4)","decl":{"start":{"line":39,"column":28},"end":{"line":39,"column":29}},"loc":{"start":{"line":39,"column":34},"end":{"line":42,"column":4}},"line":39},"5":{"name":"(anonymous_5)","decl":{"start":{"line":41,"column":15},"end":{"line":41,"column":16}},"loc":{"start":{"line":41,"column":21},"end":{"line":41,"column":27}},"line":41},"6":{"name":"(anonymous_6)","decl":{"start":{"line":44,"column":12},"end":{"line":44,"column":13}},"loc":{"start":{"line":44,"column":18},"end":{"line":74,"column":3}},"line":44},"7":{"name":"loadDocuments","decl":{"start":{"line":47,"column":19},"end":{"line":47,"column":32}},"loc":{"start":{"line":47,"column":35},"end":{"line":64,"column":5}},"line":47},"8":{"name":"(anonymous_8)","decl":{"start":{"line":68,"column":11},"end":{"line":68,"column":12}},"loc":{"start":{"line":68,"column":17},"end":{"line":73,"column":5}},"line":68},"9":{"name":"(anonymous_9)","decl":{"start":{"line":76,"column":24},"end":{"line":76,"column":25}},"loc":{"start":{"line":76,"column":31},"end":{"line":80,"column":3}},"line":76},"10":{"name":"(anonymous_10)","decl":{"start":{"line":78,"column":28},"end":{"line":78,"column":29}},"loc":{"start":{"line":78,"column":42},"end":{"line":78,"column":69}},"line":78},"11":{"name":"(anonymous_11)","decl":{"start":{"line":79,"column":33},"end":{"line":79,"column":34}},"loc":{"start":{"line":79,"column":47},"end":{"line":79,"column":79}},"line":79},"12":{"name":"(anonymous_12)","decl":{"start":{"line":82,"column":30},"end":{"line":82,"column":31}},"loc":{"start":{"line":82,"column":41},"end":{"line":89,"column":3}},"line":82},"13":{"name":"(anonymous_13)","decl":{"start":{"line":91,"column":23},"end":{"line":91,"column":24}},"loc":{"start":{"line":91,"column":35},"end":{"line":130,"column":3}},"line":91},"14":{"name":"(anonymous_14)","decl":{"start":{"line":104,"column":67},"end":{"line":104,"column":68}},"loc":{"start":{"line":104,"column":84},"end":{"line":106,"column":7}},"line":104},"15":{"name":"(anonymous_15)","decl":{"start":{"line":120,"column":19},"end":{"line":120,"column":20}},"loc":{"start":{"line":120,"column":41},"end":{"line":120,"column":95}},"line":120}},"branchMap":{"0":{"loc":{"start":{"line":7,"column":24},"end":{"line":10,"column":45}},"type":"binary-expr","locations":[{"start":{"line":7,"column":24},"end":{"line":7,"column":61}},{"start":{"line":8,"column":6},"end":{"line":10,"column":44}}],"line":7},"1":{"loc":{"start":{"line":8,"column":6},"end":{"line":10,"column":44}},"type":"cond-expr","locations":[{"start":{"line":9,"column":6},"end":{"line":9,"column":44}},{"start":{"line":10,"column":6},"end":{"line":10,"column":44}}],"line":8},"2":{"loc":{"start":{"line":13,"column":20},"end":{"line":13,"column":78}},"type":"cond-expr","locations":[{"start":{"line":13,"column":45},"end":{"line":13,"column":52}},{"start":{"line":13,"column":55},"end":{"line":13,"column":78}}],"line":13},"3":{"loc":{"start":{"line":13,"column":55},"end":{"line":13,"column":78}},"type":"binary-expr","locations":[{"start":{"line":13,"column":55},"end":{"line":13,"column":72}},{"start":{"line":13,"column":76},"end":{"line":13,"column":78}}],"line":13},"4":{"loc":{"start":{"line":20,"column":2},"end":{"line":22,"column":3}},"type":"if","locations":[{"start":{"line":20,"column":2},"end":{"line":22,"column":3}},{"start":{},"end":{}}],"line":20},"5":{"loc":{"start":{"line":23,"column":2},"end":{"line":25,"column":3}},"type":"if","locations":[{"start":{"line":23,"column":2},"end":{"line":25,"column":3}},{"start":{},"end":{}}],"line":23},"6":{"loc":{"start":{"line":29,"column":27},"end":{"line":29,"column":79}},"type":"default-arg","locations":[{"start":{"line":29,"column":40},"end":{"line":29,"column":79}}],"line":29},"7":{"loc":{"start":{"line":29,"column":40},"end":{"line":29,"column":79}},"type":"binary-expr","locations":[{"start":{"line":29,"column":40},"end":{"line":29,"column":69}},{"start":{"line":29,"column":73},"end":{"line":29,"column":79}}],"line":29},"8":{"loc":{"start":{"line":29,"column":81},"end":{"line":29,"column":105}},"type":"default-arg","locations":[{"start":{"line":29,"column":90},"end":{"line":29,"column":105}}],"line":29},"9":{"loc":{"start":{"line":52,"column":8},"end":{"line":54,"column":9}},"type":"if","locations":[{"start":{"line":52,"column":8},"end":{"line":54,"column":9}},{"start":{},"end":{}}],"line":52},"10":{"loc":{"start":{"line":56,"column":8},"end":{"line":58,"column":9}},"type":"if","locations":[{"start":{"line":56,"column":8},"end":{"line":58,"column":9}},{"start":{},"end":{}}],"line":56},"11":{"loc":{"start":{"line":60,"column":8},"end":{"line":62,"column":9}},"type":"if","locations":[{"start":{"line":60,"column":8},"end":{"line":62,"column":9}},{"start":{},"end":{}}],"line":60},"12":{"loc":{"start":{"line":70,"column":6},"end":{"line":72,"column":7}},"type":"if","locations":[{"start":{"line":70,"column":6},"end":{"line":72,"column":7}},{"start":{},"end":{}}],"line":70},"13":{"loc":{"start":{"line":83,"column":17},"end":{"line":83,"column":34}},"type":"binary-expr","locations":[{"start":{"line":83,"column":17},"end":{"line":83,"column":22}},{"start":{"line":83,"column":26},"end":{"line":83,"column":34}}],"line":83},"14":{"loc":{"start":{"line":85,"column":20},"end":{"line":85,"column":32}},"type":"binary-expr","locations":[{"start":{"line":85,"column":20},"end":{"line":85,"column":24}},{"start":{"line":85,"column":28},"end":{"line":85,"column":32}}],"line":85},"15":{"loc":{"start":{"line":86,"column":23},"end":{"line":86,"column":38}},"type":"binary-expr","locations":[{"start":{"line":86,"column":23},"end":{"line":86,"column":32}},{"start":{"line":86,"column":36},"end":{"line":86,"column":38}}],"line":86},"16":{"loc":{"start":{"line":93,"column":4},"end":{"line":96,"column":5}},"type":"if","locations":[{"start":{"line":93,"column":4},"end":{"line":96,"column":5}},{"start":{},"end":{}}],"line":93}},"s":{"0":0,"1":0,"2":0,"3":0,"4":0,"5":0,"6":0,"7":0,"8":0,"9":0,"10":0,"11":0,"12":0,"13":0,"14":0,"15":0,"16":0,"17":0,"18":0,"19":0,"20":0,"21":0,"22":0,"23":0,"24":0,"25":0,"26":0,"27":0,"28":0,"29":0,"30":0,"31":0,"32":0,"33":0,"34":0,"35":0,"36":0,"37":0,"38":0,"39":0,"40":0,"41":0,"42":0,"43":0,"44":0,"45":0,"46":0,"47":0,"48":0,"49":0,"50":0,"51":0,"52":0,"53":0,"54":0,"55":0,"56":0,"57":0,"58":0,"59":0,"60":0,"61":0,"62":0,"63":0,"64":0,"65":0,"66":0,"67":0,"68":0,"69":0,"70":0,"71":0,"72":0},"f":{"0":0,"1":0,"2":0,"3":0,"4":0,"5":0,"6":0,"7":0,"8":0,"9":0,"10":0,"11":0,"12":0,"13":0,"14":0,"15":0},"b":{"0":[0,0],"1":[0,0],"2":[0,0],"3":[0,0],"4":[0,0],"5":[0,0],"6":[0],"7":[0,0],"8":[0],"9":[0,0],"10":[0,0],"11":[0,0],"12":[0,0],"13":[0,0],"14":[0,0],"15":[0,0],"16":[0,0]}}
,"/Users/maartenvandeperre/workspace/rag-example/frontend/src/components/DocumentLibrary/DocumentList.jsx": {"path":"/Users/maartenvandeperre/workspace/rag-example/frontend/src/components/DocumentLibrary/DocumentList.jsx","statementMap":{"0":{"start":{"line":4,"column":2},"end":{"line":6,"column":3}},"1":{"start":{"line":5,"column":4},"end":{"line":5,"column":54}},"2":{"start":{"line":7,"column":2},"end":{"line":9,"column":3}},"3":{"start":{"line":8,"column":4},"end":{"line":8,"column":44}},"4":{"start":{"line":10,"column":2},"end":{"line":10,"column":22}},"5":{"start":{"line":14,"column":2},"end":{"line":14,"column":35}},"6":{"start":{"line":18,"column":2},"end":{"line":23,"column":5}},"7":{"start":{"line":27,"column":2},"end":{"line":29,"column":3}},"8":{"start":{"line":28,"column":4},"end":{"line":28,"column":83}},"9":{"start":{"line":31,"column":2},"end":{"line":33,"column":3}},"10":{"start":{"line":32,"column":4},"end":{"line":32,"column":127}},"11":{"start":{"line":35,"column":2},"end":{"line":60,"column":4}},"12":{"start":{"line":50,"column":10},"end":{"line":56,"column":16}}},"fnMap":{"0":{"name":"formatFileSize","decl":{"start":{"line":3,"column":9},"end":{"line":3,"column":23}},"loc":{"start":{"line":3,"column":31},"end":{"line":11,"column":1}},"line":3},"1":{"name":"formatFileType","decl":{"start":{"line":13,"column":9},"end":{"line":13,"column":23}},"loc":{"start":{"line":13,"column":30},"end":{"line":15,"column":1}},"line":13},"2":{"name":"formatUploadDate","decl":{"start":{"line":17,"column":9},"end":{"line":17,"column":25}},"loc":{"start":{"line":17,"column":33},"end":{"line":24,"column":1}},"line":17},"3":{"name":"DocumentList","decl":{"start":{"line":26,"column":9},"end":{"line":26,"column":21}},"loc":{"start":{"line":26,"column":48},"end":{"line":61,"column":1}},"line":26},"4":{"name":"(anonymous_4)","decl":{"start":{"line":49,"column":23},"end":{"line":49,"column":24}},"loc":{"start":{"line":50,"column":10},"end":{"line":56,"column":16}},"line":50}},"branchMap":{"0":{"loc":{"start":{"line":4,"column":2},"end":{"line":6,"column":3}},"type":"if","locations":[{"start":{"line":4,"column":2},"end":{"line":6,"column":3}},{"start":{},"end":{}}],"line":4},"1":{"loc":{"start":{"line":7,"column":2},"end":{"line":9,"column":3}},"type":"if","locations":[{"start":{"line":7,"column":2},"end":{"line":9,"column":3}},{"start":{},"end":{}}],"line":7},"2":{"loc":{"start":{"line":27,"column":2},"end":{"line":29,"column":3}},"type":"if","locations":[{"start":{"line":27,"column":2},"end":{"line":29,"column":3}},{"start":{},"end":{}}],"line":27},"3":{"loc":{"start":{"line":31,"column":2},"end":{"line":33,"column":3}},"type":"if","locations":[{"start":{"line":31,"column":2},"end":{"line":33,"column":3}},{"start":{},"end":{}}],"line":31}},"s":{"0":0,"1":0,"2":0,"3":0,"4":0,"5":0,"6":0,"7":0,"8":0,"9":0,"10":0,"11":0,"12":0},"f":{"0":0,"1":0,"2":0,"3":0,"4":0},"b":{"0":[0,0],"1":[0,0],"2":[0,0],"3":[0,0]}}
,"/Users/maartenvandeperre/workspace/rag-example/frontend/src/components/DocumentLibrary/FileUpload.jsx": {"path":"/Users/maartenvandeperre/workspace/rag-example/frontend/src/components/DocumentLibrary/FileUpload.jsx","statementMap":{"0":{"start":{"line":1,"column":22},"end":{"line":1,"column":77}},"1":{"start":{"line":2,"column":28},"end":{"line":5,"column":18}},"2":{"start":{"line":4,"column":18},"end":{"line":4,"column":50}},"3":{"start":{"line":8,"column":2},"end":{"line":10,"column":3}},"4":{"start":{"line":9,"column":4},"end":{"line":9,"column":45}},"5":{"start":{"line":12,"column":20},"end":{"line":12,"column":43}},"6":{"start":{"line":13,"column":22},"end":{"line":13,"column":92}},"7":{"start":{"line":13,"column":62},"end":{"line":13,"column":91}},"8":{"start":{"line":15,"column":2},"end":{"line":17,"column":3}},"9":{"start":{"line":16,"column":4},"end":{"line":16,"column":64}},"10":{"start":{"line":19,"column":2},"end":{"line":21,"column":3}},"11":{"start":{"line":20,"column":4},"end":{"line":20,"column":61}},"12":{"start":{"line":23,"column":2},"end":{"line":23,"column":14}},"13":{"start":{"line":35,"column":21},"end":{"line":38,"column":3}},"14":{"start":{"line":36,"column":4},"end":{"line":36,"column":27}},"15":{"start":{"line":37,"column":4},"end":{"line":37,"column":46}},"16":{"start":{"line":40,"column":25},"end":{"line":42,"column":3}},"17":{"start":{"line":41,"column":4},"end":{"line":41,"column":27}},"18":{"start":{"line":44,"column":2},"end":{"line":77,"column":4}},"19":{"start":{"line":57,"column":31},"end":{"line":57,"column":66}}},"fnMap":{"0":{"name":"(anonymous_0)","decl":{"start":{"line":4,"column":7},"end":{"line":4,"column":8}},"loc":{"start":{"line":4,"column":18},"end":{"line":4,"column":50}},"line":4},"1":{"name":"validateFile","decl":{"start":{"line":7,"column":9},"end":{"line":7,"column":21}},"loc":{"start":{"line":7,"column":28},"end":{"line":24,"column":1}},"line":7},"2":{"name":"(anonymous_2)","decl":{"start":{"line":13,"column":47},"end":{"line":13,"column":48}},"loc":{"start":{"line":13,"column":62},"end":{"line":13,"column":91}},"line":13},"3":{"name":"FileUpload","decl":{"start":{"line":26,"column":9},"end":{"line":26,"column":19}},"loc":{"start":{"line":34,"column":3},"end":{"line":78,"column":1}},"line":34},"4":{"name":"(anonymous_4)","decl":{"start":{"line":35,"column":21},"end":{"line":35,"column":22}},"loc":{"start":{"line":35,"column":32},"end":{"line":38,"column":3}},"line":35},"5":{"name":"(anonymous_5)","decl":{"start":{"line":40,"column":25},"end":{"line":40,"column":26}},"loc":{"start":{"line":40,"column":36},"end":{"line":42,"column":3}},"line":40},"6":{"name":"(anonymous_6)","decl":{"start":{"line":57,"column":20},"end":{"line":57,"column":21}},"loc":{"start":{"line":57,"column":31},"end":{"line":57,"column":66}},"line":57}},"branchMap":{"0":{"loc":{"start":{"line":1,"column":29},"end":{"line":1,"column":76}},"type":"binary-expr","locations":[{"start":{"line":1,"column":29},"end":{"line":1,"column":64}},{"start":{"line":1,"column":68},"end":{"line":1,"column":76}}],"line":1},"1":{"loc":{"start":{"line":2,"column":29},"end":{"line":2,"column":87}},"type":"binary-expr","locations":[{"start":{"line":2,"column":29},"end":{"line":2,"column":71}},{"start":{"line":2,"column":75},"end":{"line":2,"column":87}}],"line":2},"2":{"loc":{"start":{"line":8,"column":2},"end":{"line":10,"column":3}},"type":"if","locations":[{"start":{"line":8,"column":2},"end":{"line":10,"column":3}},{"start":{},"end":{}}],"line":8},"3":{"loc":{"start":{"line":15,"column":2},"end":{"line":17,"column":3}},"type":"if","locations":[{"start":{"line":15,"column":2},"end":{"line":17,"column":3}},{"start":{},"end":{}}],"line":15},"4":{"loc":{"start":{"line":19,"column":2},"end":{"line":21,"column":3}},"type":"if","locations":[{"start":{"line":19,"column":2},"end":{"line":21,"column":3}},{"start":{},"end":{}}],"line":19},"5":{"loc":{"start":{"line":64,"column":7},"end":{"line":64,"column":99}},"type":"cond-expr","locations":[{"start":{"line":64,"column":22},"end":{"line":64,"column":92}},{"start":{"line":64,"column":95},"end":{"line":64,"column":99}}],"line":64},"6":{"loc":{"start":{"line":65,"column":7},"end":{"line":65,"column":97}},"type":"cond-expr","locations":[{"start":{"line":65,"column":25},"end":{"line":65,"column":90}},{"start":{"line":65,"column":93},"end":{"line":65,"column":97}}],"line":65},"7":{"loc":{"start":{"line":66,"column":7},"end":{"line":66,"column":77}},"type":"cond-expr","locations":[{"start":{"line":66,"column":15},"end":{"line":66,"column":70}},{"start":{"line":66,"column":73},"end":{"line":66,"column":77}}],"line":66},"8":{"loc":{"start":{"line":67,"column":7},"end":{"line":72,"column":14}},"type":"cond-expr","locations":[{"start":{"line":68,"column":8},"end":{"line":71,"column":14}},{"start":{"line":72,"column":10},"end":{"line":72,"column":14}}],"line":67},"9":{"loc":{"start":{"line":73,"column":89},"end":{"line":73,"column":138}},"type":"binary-expr","locations":[{"start":{"line":73,"column":89},"end":{"line":73,"column":102}},{"start":{"line":73,"column":106},"end":{"line":73,"column":123}},{"start":{"line":73,"column":127},"end":{"line":73,"column":138}}],"line":73},"10":{"loc":{"start":{"line":74,"column":9},"end":{"line":74,"column":57}},"type":"cond-expr","locations":[{"start":{"line":74,"column":23},"end":{"line":74,"column":37}},{"start":{"line":74,"column":40},"end":{"line":74,"column":57}}],"line":74}},"s":{"0":0,"1":0,"2":0,"3":0,"4":0,"5":0,"6":0,"7":0,"8":0,"9":0,"10":0,"11":0,"12":0,"13":0,"14":0,"15":0,"16":0,"17":0,"18":0,"19":0},"f":{"0":0,"1":0,"2":0,"3":0,"4":0,"5":0,"6":0},"b":{"0":[0,0],"1":[0,0],"2":[0,0],"3":[0,0],"4":[0,0],"5":[0,0],"6":[0,0],"7":[0,0],"8":[0,0],"9":[0,0,0],"10":[0,0]}}
,"/Users/maartenvandeperre/workspace/rag-example/frontend/src/components/DocumentLibrary/StatusBadge.jsx": {"path":"/Users/maartenvandeperre/workspace/rag-example/frontend/src/components/DocumentLibrary/StatusBadge.jsx","statementMap":{"0":{"start":{"line":1,"column":22},"end":{"line":6,"column":1}},"1":{"start":{"line":9,"column":17},"end":{"line":9,"column":87}},"2":{"start":{"line":11,"column":2},"end":{"line":18,"column":4}}},"fnMap":{"0":{"name":"StatusBadge","decl":{"start":{"line":8,"column":9},"end":{"line":8,"column":20}},"loc":{"start":{"line":8,"column":33},"end":{"line":19,"column":1}},"line":8}},"branchMap":{"0":{"loc":{"start":{"line":9,"column":17},"end":{"line":9,"column":87}},"type":"binary-expr","locations":[{"start":{"line":9,"column":17},"end":{"line":9,"column":38}},{"start":{"line":9,"column":42},"end":{"line":9,"column":87}}],"line":9}},"s":{"0":0,"1":0,"2":0},"f":{"0":0},"b":{"0":[0,0]}}
,"/Users/maartenvandeperre/workspace/rag-example/frontend/src/components/chat/AnswerDetailSideView.jsx": {"path":"/Users/maartenvandeperre/workspace/rag-example/frontend/src/components/chat/AnswerDetailSideView.jsx","statementMap":{"0":{"start":{"line":13,"column":27},"end":{"line":20,"column":11}},"1":{"start":{"line":23,"column":2},"end":{"line":25,"column":3}},"2":{"start":{"line":24,"column":4},"end":{"line":24,"column":85}},"3":{"start":{"line":27,"column":2},"end":{"line":34,"column":7}},"4":{"start":{"line":31,"column":6},"end":{"line":33,"column":10}},"5":{"start":{"line":38,"column":2},"end":{"line":40,"column":3}},"6":{"start":{"line":39,"column":4},"end":{"line":39,"column":16}},"7":{"start":{"line":42,"column":2},"end":{"line":42,"column":64}},"8":{"start":{"line":57,"column":19},"end":{"line":57,"column":31}},"9":{"start":{"line":58,"column":25},"end":{"line":58,"column":37}},"10":{"start":{"line":59,"column":18},"end":{"line":59,"column":25}},"11":{"start":{"line":60,"column":24},"end":{"line":60,"column":31}},"12":{"start":{"line":61,"column":58},"end":{"line":61,"column":73}},"13":{"start":{"line":62,"column":50},"end":{"line":62,"column":64}},"14":{"start":{"line":63,"column":56},"end":{"line":63,"column":68}},"15":{"start":{"line":64,"column":52},"end":{"line":64,"column":64}},"16":{"start":{"line":65,"column":101},"end":{"line":65,"column":119}},"17":{"start":{"line":74,"column":6},"end":{"line":81,"column":4}},"18":{"start":{"line":83,"column":23},"end":{"line":86,"column":3}},"19":{"start":{"line":84,"column":10},"end":{"line":84,"column":118}},"20":{"start":{"line":84,"column":43},"end":{"line":84,"column":87}},"21":{"start":{"line":88,"column":2},"end":{"line":134,"column":24}},"22":{"start":{"line":89,"column":4},"end":{"line":91,"column":5}},"23":{"start":{"line":90,"column":6},"end":{"line":90,"column":23}},"24":{"start":{"line":93,"column":34},"end":{"line":93,"column":56}},"25":{"start":{"line":94,"column":29},"end":{"line":94,"column":57}},"26":{"start":{"line":95,"column":4},"end":{"line":95,"column":44}},"27":{"start":{"line":96,"column":4},"end":{"line":96,"column":36}},"28":{"start":{"line":98,"column":26},"end":{"line":125,"column":5}},"29":{"start":{"line":99,"column":6},"end":{"line":103,"column":7}},"30":{"start":{"line":100,"column":8},"end":{"line":100,"column":31}},"31":{"start":{"line":101,"column":8},"end":{"line":101,"column":18}},"32":{"start":{"line":102,"column":8},"end":{"line":102,"column":15}},"33":{"start":{"line":105,"column":6},"end":{"line":107,"column":7}},"34":{"start":{"line":106,"column":8},"end":{"line":106,"column":15}},"35":{"start":{"line":109,"column":32},"end":{"line":109,"column":97}},"36":{"start":{"line":110,"column":6},"end":{"line":113,"column":7}},"37":{"start":{"line":111,"column":8},"end":{"line":111,"column":31}},"38":{"start":{"line":112,"column":8},"end":{"line":112,"column":15}},"39":{"start":{"line":115,"column":27},"end":{"line":115,"column":47}},"40":{"start":{"line":116,"column":26},"end":{"line":116,"column":73}},"41":{"start":{"line":118,"column":6},"end":{"line":124,"column":7}},"42":{"start":{"line":119,"column":8},"end":{"line":119,"column":31}},"43":{"start":{"line":120,"column":8},"end":{"line":120,"column":28}},"44":{"start":{"line":121,"column":13},"end":{"line":124,"column":7}},"45":{"start":{"line":122,"column":8},"end":{"line":122,"column":31}},"46":{"start":{"line":123,"column":8},"end":{"line":123,"column":29}},"47":{"start":{"line":127,"column":4},"end":{"line":127,"column":56}},"48":{"start":{"line":129,"column":4},"end":{"line":133,"column":6}},"49":{"start":{"line":130,"column":6},"end":{"line":130,"column":54}},"50":{"start":{"line":131,"column":6},"end":{"line":131,"column":61}},"51":{"start":{"line":132,"column":6},"end":{"line":132,"column":39}},"52":{"start":{"line":136,"column":2},"end":{"line":144,"column":25}},"53":{"start":{"line":137,"column":4},"end":{"line":143,"column":5}},"54":{"start":{"line":138,"column":6},"end":{"line":138,"column":37}},"55":{"start":{"line":139,"column":6},"end":{"line":139,"column":32}},"56":{"start":{"line":140,"column":6},"end":{"line":140,"column":33}},"57":{"start":{"line":141,"column":6},"end":{"line":141,"column":31}},"58":{"start":{"line":142,"column":6},"end":{"line":142,"column":17}},"59":{"start":{"line":146,"column":2},"end":{"line":149,"column":25}},"60":{"start":{"line":147,"column":4},"end":{"line":147,"column":31}},"61":{"start":{"line":148,"column":4},"end":{"line":148,"column":29}},"62":{"start":{"line":151,"column":2},"end":{"line":193,"column":147}},"63":{"start":{"line":152,"column":4},"end":{"line":154,"column":5}},"64":{"start":{"line":153,"column":6},"end":{"line":153,"column":13}},"65":{"start":{"line":156,"column":29},"end":{"line":156,"column":81}},"66":{"start":{"line":156,"column":64},"end":{"line":156,"column":80}},"67":{"start":{"line":157,"column":26},"end":{"line":157,"column":79}},"68":{"start":{"line":157,"column":61},"end":{"line":157,"column":78}},"69":{"start":{"line":159,"column":25},"end":{"line":159,"column":27}},"70":{"start":{"line":161,"column":4},"end":{"line":167,"column":5}},"71":{"start":{"line":162,"column":6},"end":{"line":166,"column":9}},"72":{"start":{"line":169,"column":4},"end":{"line":178,"column":5}},"73":{"start":{"line":170,"column":6},"end":{"line":177,"column":9}},"74":{"start":{"line":180,"column":28},"end":{"line":180,"column":99}},"75":{"start":{"line":180,"column":59},"end":{"line":180,"column":98}},"76":{"start":{"line":181,"column":4},"end":{"line":181,"column":37}},"77":{"start":{"line":183,"column":4},"end":{"line":192,"column":7}},"78":{"start":{"line":184,"column":6},"end":{"line":191,"column":9}},"79":{"start":{"line":195,"column":2},"end":{"line":209,"column":101}},"80":{"start":{"line":196,"column":4},"end":{"line":198,"column":5}},"81":{"start":{"line":197,"column":6},"end":{"line":197,"column":13}},"82":{"start":{"line":200,"column":26},"end":{"line":200,"column":79}},"83":{"start":{"line":200,"column":61},"end":{"line":200,"column":78}},"84":{"start":{"line":201,"column":23},"end":{"line":206,"column":11}},"85":{
[...]
start":{"line":122,"column":10},"end":{"line":124,"column":11}},"type":"if","locations":[{"start":{"line":122,"column":10},"end":{"line":124,"column":11}},{"start":{},"end":{}}],"line":122},"32":{"loc":{"start":{"line":122,"column":14},"end":{"line":122,"column":51}},"type":"binary-expr","locations":[{"start":{"line":122,"column":14},"end":{"line":122,"column":30}},{"start":{"line":122,"column":34},"end":{"line":122,"column":51}}],"line":122},"33":{"loc":{"start":{"line":149,"column":20},"end":{"line":149,"column":32}},"type":"default-arg","locations":[{"start":{"line":149,"column":30},"end":{"line":149,"column":32}}],"line":149},"34":{"loc":{"start":{"line":150,"column":22},"end":{"line":150,"column":62}},"type":"binary-expr","locations":[{"start":{"line":150,"column":22},"end":{"line":150,"column":39}},{"start":{"line":150,"column":43},"end":{"line":150,"column":62}}],"line":150},"35":{"loc":{"start":{"line":151,"column":19},"end":{"line":151,"column":53}},"type":"binary-expr","locations":[{"start":{"line":151,"column":19},"end":{"line":151,"column":33}},{"start":{"line":151,"column":37},"end":{"line":151,"column":53}}],"line":151},"36":{"loc":{"start":{"line":154,"column":6},"end":{"line":154,"column":86}},"type":"cond-expr","locations":[{"start":{"line":154,"column":41},"end":{"line":154,"column":45}},{"start":{"line":154,"column":48},"end":{"line":154,"column":86}}],"line":154},"37":{"loc":{"start":{"line":155,"column":6},"end":{"line":155,"column":65}},"type":"cond-expr","locations":[{"start":{"line":155,"column":18},"end":{"line":155,"column":58}},{"start":{"line":155,"column":61},"end":{"line":155,"column":65}}],"line":155},"38":{"loc":{"start":{"line":156,"column":6},"end":{"line":156,"column":45}},"type":"cond-expr","locations":[{"start":{"line":156,"column":15},"end":{"line":156,"column":38}},{"start":{"line":156,"column":41},"end":{"line":156,"column":45}}],"line":156}},"s":{"0":8,"1":24,"2":60,"3":25,"4":35,"5":46,"6":46,"7":35,"8":10,"9":0,"10":10,"11":0,"12":10,"13":10,"14":0,"15":10,"16":10,"17":0,"18":9,"19":9,"20":9,"21":11,"22":9,"23":2,"24":9,"25":9,"26":9,"27":10,"28":10,"29":10,"30":0,"31":10,"32":10,"33":10,"34":10,"35":10,"36":2,"37":8,"38":2,"39":2,"40":10,"41":2,"42":2,"43":2,"44":2,"45":2,"46":2,"47":2,"48":0,"49":2,"50":2,"51":1,"52":1,"53":2,"54":1,"55":1,"56":1,"57":0,"58":1,"59":0,"60":2,"61":0,"62":2,"63":1,"64":2,"65":2,"66":1,"67":12,"68":12,"69":12,"70":10,"71":10,"72":1,"73":10,"74":9,"75":9,"76":1,"77":9,"78":3,"79":0},"f":{"0":24,"1":60,"2":46,"3":10,"4":10,"5":9,"6":11,"7":2,"8":10,"9":0,"10":2,"11":2,"12":2,"13":1,"14":1,"15":0,"16":1,"17":1,"18":12,"19":10,"20":9,"21":3,"22":0},"b":{"0":[25,35],"1":[46,0],"2":[46,46,46],"3":[0],"4":[0,10],"5":[0,10],"6":[0,10],"7":[0],"8":[9,0,0],"9":[9,9],"10":[9,8],"11":[9,8],"12":[9,8],"13":[9,8],"14":[9,8],"15":[0],"16":[10,8],"17":[10,6],"18":[10,10],"19":[10,10],"20":[2,8],"21":[0,2],"22":[0,2],"23":[2,0],"24":[0],"25":[2,2],"26":[2,0],"27":[2,2],"28":[2,0],"29":[1,0],"30":[1,0],"31":[0,1],"32":[1,1],"33":[0],"34":[12,12],"35":[12,2],"36":[0,12],"37":[1,11],"38":[10,2]},"_coverageSchema":"1a1c01bbd47fc00a2c39e90264f33305004495a9","hash":"83c9b4eb786a5bab89fa1238f1dd13e7e62bf973"}
,"/Users/maartenvandeperre/workspace/rag-example/frontend/src/utils/documentCache.js": {"path":"/Users/maartenvandeperre/workspace/rag-example/frontend/src/utils/documentCache.js","statementMap":{"0":{"start":{"line":1,"column":14},"end":{"line":1,"column":23}},"1":{"start":{"line":4,"column":2},"end":{"line":4,"column":39}},"2":{"start":{"line":8,"column":2},"end":{"line":8,"column":31}},"3":{"start":{"line":12,"column":2},"end":{"line":12,"column":16}},"4":{"start":{"line":15,"column":22},"end":{"line":19,"column":1}}},"fnMap":{"0":{"name":"getCachedDocument","decl":{"start":{"line":3,"column":16},"end":{"line":3,"column":33}},"loc":{"start":{"line":3,"column":46},"end":{"line":5,"column":1}},"line":3},"1":{"name":"setCachedDocument","decl":{"start":{"line":7,"column":16},"end":{"line":7,"column":33}},"loc":{"start":{"line":7,"column":53},"end":{"line":9,"column":1}},"line":7},"2":{"name":"clearDocumentCache","decl":{"start":{"line":11,"column":16},"end":{"line":11,"column":34}},"loc":{"start":{"line":11,"column":37},"end":{"line":13,"column":1}},"line":11}},"branchMap":{"0":{"loc":{"start":{"line":4,"column":9},"end":{"line":4,"column":38}},"type":"binary-expr","locations":[{"start":{"line":4,"column":9},"end":{"line":4,"column":30}},{"start":{"line":4,"column":34},"end":{"line":4,"column":38}}],"line":4}},"s":{"0":3,"1":5,"2":4,"3":12,"4":3},"f":{"0":5,"1":4,"2":12},"b":{"0":[5,5]},"_coverageSchema":"1a1c01bbd47fc00a2c39e90264f33305004495a9","hash":"0b2b21d5a67b37bceee0c5a8d6044e0bc2002f88"}
,"/Users/maartenvandeperre/workspace/rag-example/frontend/src/utils/errorLogger.js": {"path":"/Users/maartenvandeperre/workspace/rag-example/frontend/src/utils/errorLogger.js","statementMap":{"0":{"start":{"line":2,"column":2},"end":{"line":11,"column":4}},"1":{"start":{"line":15,"column":2},"end":{"line":17,"column":3}},"2":{"start":{"line":16,"column":4},"end":{"line":16,"column":11}},"3":{"start":{"line":19,"column":2},"end":{"line":29,"column":3}},"4":{"start":{"line":20,"column":4},"end":{"line":26,"column":7}},"5":{"start":{"line":28,"column":4},"end":{"line":28,"column":73}},"6":{"start":{"line":33,"column":18},"end":{"line":33,"column":46}},"7":{"start":{"line":35,"column":2},"end":{"line":38,"column":3}},"8":{"start":{"line":36,"column":4},"end":{"line":36,"column":51}},"9":{"start":{"line":37,"column":4},"end":{"line":37,"column":19}},"10":{"start":{"line":40,"column":2},"end":{"line":42,"column":3}},"11":{"start":{"line":41,"column":4},"end":{"line":41,"column":19}},"12":{"start":{"line":44,"column":2},"end":{"line":44,"column":33}},"13":{"start":{"line":45,"column":2},"end":{"line":45,"column":17}},"14":{"start":{"line":49,"column":18},"end":{"line":49,"column":48}},"15":{"start":{"line":51,"column":2},"end":{"line":53,"column":3}},"16":{"start":{"line":52,"column":4},"end":{"line":52,"column":52}},"17":{"start":{"line":55,"column":2},"end":{"line":55,"column":17}},"18":{"start":{"line":58,"column":20},"end":{"line":61,"column":1}}},"fnMap":{"0":{"name":"buildPayload","decl":{"start":{"line":1,"column":9},"end":{"line":1,"column":21}},"loc":{"start":{"line":1,"column":43},"end":{"line":12,"column":1}},"line":1},"1":{"name":"sendToMonitoring","decl":{"start":{"line":14,"column":15},"end":{"line":14,"column":31}},"loc":{"start":{"line":14,"column":41},"end":{"line":30,"column":1}},"line":14},"2":{"name":"logError","decl":{"start":{"line":32,"column":16},"end":{"line":32,"column":24}},"loc":{"start":{"line":32,"column":46},"end":{"line":46,"column":1}},"line":32},"3":{"name":"logWarning","decl":{"start":{"line":48,"column":16},"end":{"line":48,"column":26}},"loc":{"start":{"line":48,"column":50},"end":{"line":56,"column":1}},"line":48}},"branchMap":{"0":{"loc":{"start":{"line":1,"column":29},"end":{"line":1,"column":41}},"type":"default-arg","locations":[{"start":{"line":1,"column":39},"end":{"line":1,"column":41}}],"line":1},"1":{"loc":{"start":{"line":4,"column":10},"end":{"line":4,"column":39}},"type":"binary-expr","locations":[{"start":{"line":4,"column":10},"end":{"line":4,"column":21}},{"start":{"line":4,"column":25},"end":{"line":4,"column":39}}],"line":4},"2":{"loc":{"start":{"line":5,"column":13},"end":{"line":5,"column":46}},"type":"binary-expr","locations":[{"start":{"line":5,"column":13},"end":{"line":5,"column":27}},{"start":{"line":5,"column":31},"end":{"line":5,"column":46}}],"line":5},"3":{"loc":{"start":{"line":6,"column":10},"end":{"line":6,"column":29}},"type":"binary-expr","locations":[{"start":{"line":6,"column":10},"end":{"line":6,"column":21}},{"start":{"line":6,"column":25},"end":{"line":6,"column":29}}],"line":6},"4":{"loc":{"start":{"line":7,"column":12},"end":{"line":7,"column":33}},"type":"binary-expr","locations":[{"start":{"line":7,"column":12},"end":{"line":7,"column":25}},{"start":{"line":7,"column":29},"end":{"line":7,"column":33}}],"line":7},"5":{"loc":{"start":{"line":9,"column":15},"end":{"line":9,"column":76}},"type":"cond-expr","locations":[{"start":{"line":9,"column":50},"end":{"line":9,"column":54}},{"start":{"line":9,"column":57},"end":{"line":9,"column":76}}],"line":9},"6":{"loc":{"start":{"line":10,"column":9},"end":{"line":10,"column":68}},"type":"cond-expr","locations":[{"start":{"line":10,"column":41},"end":{"line":10,"column":45}},{"start":{"line":10,"column":48},"end":{"line":10,"column":68}}],"line":10},"7":{"loc":{"start":{"line":15,"column":2},"end":{"line":17,"column":3}},"type":"if","locations":[{"start":{"line":15,"column":2},"end":{"line":17,"column":3}},{"start":{},"end":{}}],"line":15},"8":{"loc":{"start":{"line":32,"column":32},"end":{"line":32,"column":44}},"type":"default-arg","locations":[{"start":{"line":32,"column":42},"end":{"line":32,"column":44}}],"line":32},"9":{"loc":{"start":{"line":35,"column":2},"end":{"line":38,"column":3}},"type":"if","locations":[{"start":{"line":35,"column":2},"end":{"line":38,"column":3}},{"start":{},"end":{}}],"line":35},"10":{"loc":{"start":{"line":40,"column":2},"end":{"line":42,"column":3}},"type":"if","locations":[{"start":{"line":40,"column":2},"end":{"line":42,"column":3}},{"start":{},"end":{}}],"line":40},"11":{"loc":{"start":{"line":48,"column":36},"end":{"line":48,"column":48}},"type":"default-arg","locations":[{"start":{"line":48,"column":46},"end":{"line":48,"column":48}}],"line":48},"12":{"loc":{"start":{"line":51,"column":2},"end":{"line":53,"column":3}},"type":"if","locations":[{"start":{"line":51,"column":2},"end":{"line":53,"column":3}},{"start":{},"end":{}}],"line":51}},"s":{"0":6,"1":0,"2":0,"3":0,"4":0,"5":0,"6":2,"7":2,"8":0,"9":0,"10":2,"11":2,"12":0,"13":0,"14":4,"15":4,"16":0,"17":4,"18":3},"f":{"0":6,"1":0,"2":2,"3":4},"b":{"0":[0],"1":[6,3],"2":[6,0],"3":[6,0],"4":[6,6],"5":[0,6],"6":[0,6],"7":[0,0],"8":[0],"9":[0,2],"10":[2,0],"11":[0],"12":[0,4]},"_coverageSchema":"1a1c01bbd47fc00a2c39e90264f33305004495a9","hash":"43b9b4962ff62122692ee11298fac8cf795af8c2"}
,"/Users/maartenvandeperre/workspace/rag-example/frontend/src/utils/errorTypes.js": {"path":"/Users/maartenvandeperre/workspace/rag-example/frontend/src/utils/errorTypes.js","statementMap":{"0":{"start":{"line":1,"column":34},"end":{"line":7,"column":1}},"1":{"start":{"line":10,"column":2},"end":{"line":12,"column":3}},"2":{"start":{"line":11,"column":4},"end":{"line":11,"column":44}},"3":{"start":{"line":14,"column":2},"end":{"line":16,"column":3}},"4":{"start":{"line":15,"column":4},"end":{"line":15,"column":38}},"5":{"start":{"line":18,"column":2},"end":{"line":20,"column":3}},"6":{"start":{"line":19,"column":4},"end":{"line":19,"column":48}},"7":{"start":{"line":22,"column":2},"end":{"line":24,"column":3}},"8":{"start":{"line":23,"column":4},"end":{"line":23,"column":40}},"9":{"start":{"line":26,"column":2},"end":{"line":26,"column":36}},"10":{"start":{"line":30,"column":2},"end":{"line":41,"column":3}},"11":{"start":{"line":32,"column":6},"end":{"line":32,"column":118}},"12":{"start":{"line":34,"column":6},"end":{"line":34,"column":77}},"13":{"start":{"line":36,"column":6},"end":{"line":36,"column":74}},"14":{"start":{"line":38,"column":6},"end":{"line":38,"column":64}},"15":{"start":{"line":40,"column":6},"end":{"line":40,"column":70}}},"fnMap":{"0":{"name":"getSourceErrorType","decl":{"start":{"line":9,"column":16},"end":{"line":9,"column":34}},"loc":{"start":{"line":9,"column":42},"end":{"line":27,"column":1}},"line":9},"1":{"name":"getSourceErrorMessage","decl":{"start":{"line":29,"column":16},"end":{"line":29,"column":37}},"loc":{"start":{"line":29,"column":45},"end":{"line":42,"column":1}},"line":29}},"branchMap":{"0":{"loc":{"start":{"line":10,"column":2},"end":{"line":12,"column":3}},"type":"if","locations":[{"start":{"line":10,"column":2},"end":{"line":12,"column":3}},{"start":{},"end":{}}],"line":10},"1":{"loc":{"start":{"line":14,"column":2},"end":{"line":16,"column":3}},"type":"if","locations":[{"start":{"line":14,"column":2},"end":{"line":16,"column":3}},{"start":{},"end":{}}],"line":14},"2":{"loc":{"start":{"line":14,"column":6},"end":{"line":14,"column":62}},"type":"binary-expr","locations":[{"start":{"line":14,"column":6},"end":{"line":14,"column":37}},{"start":{"line":14,"column":41},"end":{"line":14,"column":62}}],"line":14},"3":{"loc":{"start":{"line":18,"column":2},"end":{"line":20,"column":3}},"type":"if","locations":[{"start":{"line":18,"column":2},"end":{"line":20,"column":3}},{"start":{},"end":{}}],"line":18},"4":{"loc":{"start":{"line":18,"column":6},"end":{"line":18,"column":52}},"type":"binary-expr","locations":[{"start":{"line":18,"column":6},"end":{"line":18,"column":27}},{"start":{"line":18,"column":31},"end":{"line":18,"column":52}}],"line":18},"5":{"loc":{"start":{"line":22,"column":2},"end":{"line":24,"column":3}},"type":"if","locations":[{"start":{"line":22,"column":2},"end":{"line":24,"column":3}},{"start":{},"end":{}}],"line":22},"6":{"loc":{"start":{"line":30,"column":2},"end":{"line":41,"column":3}},"type":"switch","locations":[{"start":{"line":31,"column":4},"end":{"line":32,"column":118}},{"start":{"line":33,"column":4},"end":{"line":34,"column":77}},{"start":{"line":35,"column":4},"end":{"line":36,"column":74}},{"start":{"line":37,"column":4},"end":{"line":38,"column":64}},{"start":{"line":39,"column":4},"end":{"line":40,"column":70}}],"line":30},"7":{"loc":{"start":{"line":40,"column":13},"end":{"line":40,"column":69}},"type":"binary-expr","locations":[{"start":{"line":40,"column":13},"end":{"line":40,"column":27}},{"start":{"line":40,"column":31},"end":{"line":40,"column":69}}],"line":40}},"s":{"0":3,"1":5,"2":5,"3":0,"4":0,"5":0,"6":0,"7":0,"8":0,"9":0,"10":2,"11":2,"12":0,"13":0,"14":0,"15":0},"f":{"0":5,"1":2},"b":{"0":[5,0],"1":[0,0],"2":[0,0],"3":[0,0],"4":[0,0],"5":[0,0],"6":[2,0,0,0,0],"7":[0,0]},"_coverageSchema":"1a1c01bbd47fc00a2c39e90264f33305004495a9","hash":"960a52c5b62e0b410763fe2d83e9b0edc17f9e41"}
,"/Users/maartenvandeperre/workspace/rag-example/frontend/src/utils/textHighlight.js": {"path":"/Users/maartenvandeperre/workspace/rag-example/frontend/src/utils/textHighlight.js","statementMap":{"0":{"start":{"line":2,"column":2},"end":{"line":7,"column":30}},"1":{"start":{"line":11,"column":22},"end":{"line":11,"column":41}},"2":{"start":{"line":12,"column":2},"end":{"line":14,"column":3}},"3":{"start":{"line":13,"column":4},"end":{"line":13,"column":23}},"4":{"start":{"line":16,"column":22},"end":{"line":16,"column":49}},"5":{"start":{"line":17,"column":2},"end":{"line":17,"column":98}},"6":{"start":{"line":21,"column":31},"end":{"line":21,"column":62}},"7":{"start":{"line":22,"column":2},"end":{"line":24,"column":3}},"8":{"start":{"line":23,"column":4},"end":{"line":23,"column":14}},"9":{"start":{"line":26,"column":18},"end":{"line":26,"column":20}},"10":{"start":{"line":27,"column":28},"end":{"line":27,"column":49}},"11":{"start":{"line":28,"column":21},"end":{"line":28,"column":68}},"12":{"start":{"line":30,"column":2},"end":{"line":37,"column":3}},"13":{"start":{"line":31,"column":4},"end":{"line":35,"column":7}},"14":{"start":{"line":36,"column":4},"end":{"line":36,"column":111}},"15":{"start":{"line":39,"column":2},"end":{"line":39,"column":17}},"16":{"start":{"line":43,"column":22},"end":{"line":43,"column":62}},"17":{"start":{"line":44,"column":18},"end":{"line":44,"column":37}},"18":{"start":{"line":46,"column":13},"end":{"line":54,"column":13}},"19":{"start":{"line":48,"column":21},"end":{"line":48,"column":54}},"20":{"start":{"line":49,"column":20},"end":{"line":49,"column":66}},"21":{"start":{"line":50,"column":20},"end":{"line":50,"column":48}},"22":{"start":{"line":51,"column":24},"end":{"line":51,"column":111}},"23":{"start":{"line":52,"column":6},"end":{"line":52,"column":99}},"24":{"start":{"line":56,"column":2},"end":{"line":59,"column":3}},"25":{"start":{"line":57,"column":27},"end":{"line":57,"column":54}},"26":{"start":{"line":58,"column":4},"end":{"line":58,"column":99}},"27":{"start":{"line":61,"column":2},"end":{"line":61,"column":14}},"28":{"start":{"line":64,"column":22},"end":{"line":68,"column":1}}},"fnMap":{"0":{"name":"escapeHtml","decl":{"start":{"line":1,"column":9},"end":{"line":1,"column":19}},"loc":{"start":{"line":1,"column":34},"end":{"line":8,"column":1}},"line":1},"1":{"name":"highlightTextSnippet","decl":{"start":{"line":10,"column":16},"end":{"line":10,"column":36}},"loc":{"start":{"line":10,"column":60},"end":{"line":18,"column":1}},"line":10},"2":{"name":"findTextOccurrences","decl":{"start":{"line":20,"column":16},"end":{"line":20,"column":35}},"loc":{"start":{"line":20,"column":67},"end":{"line":40,"column":1}},"line":20},"3":{"name":"highlightSearchResult","decl":{"start":{"line":42,"column":16},"end":{"line":42,"column":37}},"loc":{"start":{"line":42,"column":95},"end":{"line":62,"column":1}},"line":42},"4":{"name":"(anonymous_4)","decl":{"start":{"line":47,"column":30},"end":{"line":47,"column":31}},"loc":{"start":{"line":47,"column":61},"end":{"line":53,"column":5}},"line":47}},"branchMap":{"0":{"loc":{"start":{"line":1,"column":20},"end":{"line":1,"column":32}},"type":"default-arg","locations":[{"start":{"line":1,"column":30},"end":{"line":1,"column":32}}],"line":1},"1":{"loc":{"start":{"line":10,"column":37},"end":{"line":10,"column":49}},"type":"default-arg","locations":[{"start":{"line":10,"column":47},"end":{"line":10,"column":49}}],"line":10},"2":{"loc":{"start":{"line":12,"column":2},"end":{"line":14,"column":3}},"type":"if","locations":[{"start":{"line":12,"column":2},"end":{"line":14,"column":3}},{"start":{},"end":{}}],"line":12},"3":{"loc":{"start":{"line":20,"column":36},"end":{"line":20,"column":48}},"type":"default-arg","locations":[{"start":{"line":20,"column":46},"end":{"line":20,"column":48}}],"line":20},"4":{"loc":{"start":{"line":20,"column":50},"end":{"line":20,"column":65}},"type":"default-arg","locations":[{"start":{"line":20,"column":63},"end":{"line":20,"column":65}}],"line":20},"5":{"loc":{"start":{"line":22,"column":2},"end":{"line":24,"column":3}},"type":"if","locations":[{"start":{"line":22,"column":2},"end":{"line":24,"column":3}},{"start":{},"end":{}}],"line":22},"6":{"loc":{"start":{"line":42,"column":38},"end":{"line":42,"column":50}},"type":"default-arg","locations":[{"start":{"line":42,"column":48},"end":{"line":42,"column":50}}],"line":42},"7":{"loc":{"start":{"line":42,"column":52},"end":{"line":42,"column":67}},"type":"default-arg","locations":[{"start":{"line":42,"column":65},"end":{"line":42,"column":67}}],"line":42},"8":{"loc":{"start":{"line":42,"column":69},"end":{"line":42,"column":84}},"type":"default-arg","locations":[{"start":{"line":42,"column":83},"end":{"line":42,"column":84}}],"line":42},"9":{"loc":{"start":{"line":46,"column":13},"end":{"line":54,"column":13}},"type":"cond-expr","locations":[{"start":{"line":47,"column":6},"end":{"line":53,"column":15}},{"start":{"line":54,"column":6},"end":{"line":54,"column":13}}],"line":46},"10":{"loc":{"start":{"line":51,"column":24},"end":{"line":51,"column":111}},"type":"cond-expr","locations":[{"start":{"line":51,"column":48},"end":{"line":51,"column":90}},{"start":{"line":51,"column":93},"end":{"line":51,"column":111}}],"line":51},"11":{"loc":{"start":{"line":56,"column":2},"end":{"line":59,"column":3}},"type":"if","locations":[{"start":{"line":56,"column":2},"end":{"line":59,"column":3}},{"start":{},"end":{}}],"line":56}},"s":{"0":19,"1":0,"2":0,"3":0,"4":0,"5":0,"6":19,"7":19,"8":16,"9":3,"10":3,"11":3,"12":3,"13":6,"14":6,"15":3,"16":10,"17":10,"18":10,"19":4,"20":4,"21":4,"22":4,"23":4,"24":10,"25":9,"26":9,"27":10,"28":3},"f":{"0":19,"1":0,"2":19,"3":10,"4":4},"b":{"0":[0],"1":[0],"2":[0,0],"3":[0],"4":[0],"5":[16,3],"6":[0],"7":[0],"8":[0],"9":[2,8],"10":[2,2],"11":[9,1]},"_coverageSchema":"1a1c01bbd47fc00a2c39e90264f33305004495a9","hash":"4b8c4a9fabc3ad2c3c36f09785839884f12df5c4"}
}
