TN:
SF:src/App.js
FN:11,App
FN:21,(anonymous_1)
FN:23,(anonymous_2)
FN:24,(anonymous_3)
FNF:4
FNH:3
FNDA:2,App
FNDA:1,(anonymous_1)
FNDA:1,(anonymous_2)
FNDA:0,(anonymous_3)
DA:12,2
DA:13,2
DA:14,2
DA:15,2
DA:16,2
DA:21,2
DA:22,1
DA:23,1
DA:25,0
DA:26,0
DA:30,2
DA:31,1
DA:34,1
LF:13
LH:11
BRDA:14,0,0,2
BRDA:14,0,1,2
BRDA:15,1,0,2
BRDA:15,1,1,2
BRDA:16,2,0,2
BRDA:16,2,1,2
BRDA:17,3,0,2
BRDA:17,3,1,0
BRDA:30,4,0,1
BRDA:30,4,1,1
BRDA:39,5,0,0
BRDA:39,5,1,1
BRDA:39,6,0,1
BRDA:39,6,1,0
BRF:14
BRH:11
end_of_record
TN:
SF:src/index.js
FNF:0
FNH:0
DA:6,0
DA:8,0
LF:2
LH:0
BRF:0
BRH:0
end_of_record
TN:
SF:src/api/knowledge-graph.js
FN:3,createKnowledgeGraphApi
FN:7,(anonymous_1)
FN:10,(anonymous_2)
FN:13,(anonymous_3)
FN:16,(anonymous_4)
FN:19,(anonymous_5)
FN:22,(anonymous_6)
FNF:7
FNH:0
FNDA:0,createKnowledgeGraphApi
FNDA:0,(anonymous_1)
FNDA:0,(anonymous_2)
FNDA:0,(anonymous_3)
FNDA:0,(anonymous_4)
FNDA:0,(anonymous_5)
FNDA:0,(anonymous_6)
DA:4,0
DA:6,0
DA:8,0
DA:11,0
DA:14,0
DA:17,0
DA:20,0
DA:23,0
LF:8
LH:0
BRDA:3,0,0,0
BRDA:7,1,0,0
BRDA:10,2,0,0
BRDA:13,3,0,0
BRDA:16,4,0,0
BRDA:19,5,0,0
BRDA:22,6,0,0
BRF:7
BRH:0
end_of_record
TN:
SF:src/components/AuthGuard.jsx
FN:5,AuthGuard
FN:9,(anonymous_1)
FN:11,(anonymous_2)
FN:34,(anonymous_3)
FNF:4
FNH:0
FNDA:0,AuthGuard
FNDA:0,(anonymous_1)
FNDA:0,(anonymous_2)
FNDA:0,(anonymous_3)
DA:6,0
DA:7,0
DA:9,0
DA:11,0
DA:12,0
DA:13,0
DA:17,0
DA:18,0
DA:19,0
DA:22,0
DA:26,0
DA:27,0
DA:35,0
DA:36,0
DA:37,0
DA:49,0
DA:50,0
DA:60,0
LF:18
LH:0
BRDA:5,0,0,0
BRDA:17,1,0,0
BRDA:17,1,1,0
BRDA:17,2,0,0
BRDA:17,2,1,0
BRDA:26,3,0,0
BRDA:26,3,1,0
BRDA:49,4,0,0
BRDA:49,4,1,0
BRDA:49,5,0,0
BRDA:49,5,1,0
BRF:11
BRH:0
end_of_record
TN:
SF:src/components/AdminProgress/AdminProgress.jsx
FN:9,AdminProgress
FN:15,(anonymous_1)
FN:17,(anonymous_2)
FN:25,loadProgress
FN:59,(anonymous_4)
FN:91,(anonymous_5)
FN:91,(anonymous_6)
FNF:7
FNH:7
FNDA:10,AdminProgress
FNDA:4,(anonymous_1)
FNDA:5,(anonymous_2)
FNDA:4,loadProgress
FNDA:4,(anonymous_4)
FNDA:1,(anonymous_5)
FNDA:1,(anonymous_6)
DA:10,10
DA:11,10
DA:12,10
DA:13,10
DA:15,10
DA:17,10
DA:18,5
DA:19,1
DA:20,1
DA:23,4
DA:26,4
DA:27,4
DA:29,4
DA:30,4
DA:37,4
DA:39,4
DA:40,0
DA:43,4
DA:44,4
DA:47,0
DA:48,0
DA:51,4
DA:52,4
DA:57,4
DA:59,4
DA:60,4
DA:64,10
DA:65,1
DA:78,9
DA:91,1
LF:30
LH:27
BRDA:9,0,0,2
BRDA:18,1,0,1
BRDA:18,1,1,4
BRDA:39,2,0,0
BRDA:39,2,1,4
BRDA:40,3,0,0
BRDA:40,3,1,0
BRDA:43,4,0,4
BRDA:43,4,1,0
BRDA:47,5,0,0
BRDA:47,5,1,0
BRDA:48,6,0,0
BRDA:48,6,1,0
BRDA:51,7,0,4
BRDA:51,7,1,0
BRDA:64,8,0,1
BRDA:64,8,1,9
BRDA:97,9,0,4
BRDA:97,9,1,5
BRDA:98,10,0,0
BRDA:98,10,1,9
BRDA:98,11,0,9
BRDA:98,11,1,5
BRDA:100,12,0,5
BRDA:100,12,1,4
BRDA:100,13,0,9
BRDA:100,13,1,5
BRDA:100,13,2,5
BRF:28
BRH:18
end_of_record
TN:
SF:src/components/AdminProgress/FailedDocumentsList.jsx
FN:1,formatBytes
FN:12,formatDate
FN:19,FailedDocumentsList
FN:41,(anonymous_3)
FNF:4
FNH:4
FNDA:4,formatBytes
FNDA:4,formatDate
FNDA:5,FailedDocumentsList
FNDA:4,(anonymous_3)
DA:2,4
DA:3,0
DA:6,4
DA:7,4
DA:8,4
DA:9,4
DA:13,4
DA:20,5
DA:42,4
LF:9
LH:8
BRDA:2,0,0,0
BRDA:2,0,1,4
BRDA:9,1,0,0
BRDA:9,1,1,4
BRDA:26,2,0,1
BRDA:26,2,1,4
BRF:6
BRH:4
end_of_record
TN:
SF:src/components/AdminProgress/ProcessingDocumentsList.jsx
FN:3,formatDate
FN:10,formatDuration
FN:27,ProcessingDocumentsList
FN:30,(anonymous_3)
FN:31,(anonymous_4)
FN:32,(anonymous_5)
FN:56,(anonymous_6)
FNF:7
FNH:6
FNDA:8,formatDate
FNDA:4,formatDuration
FNDA:5,ProcessingDocumentsList
FNDA:4,(anonymous_3)
FNDA:0,(anonymous_4)
FNDA:4,(anonymous_5)
FNDA:4,(anonymous_6)
DA:4,8
DA:11,4
DA:12,4
DA:13,4
DA:14,4
DA:16,4
DA:17,0
DA:20,4
DA:21,4
DA:24,0
DA:28,5
DA:30,5
DA:31,4
DA:32,4
DA:35,5
DA:57,4
LF:16
LH:14
BRDA:16,0,0,0
BRDA:16,0,1,4
BRDA:20,1,0,4
BRDA:20,1,1,0
BRDA:41,2,0,1
BRDA:41,2,1,4
BRF:6
BRH:4
end_of_record
TN:
SF:src/components/AdminProgress/ProcessingStatistics.jsx
FN:8,percentage
FN:16,ProcessingStatistics
FN:26,(anonymous_2)
FNF:3
FNH:3
FNDA:20,percentage
FNDA:5,ProcessingStatistics
FNDA:20,(anonymous_2)
DA:1,2
DA:9,20
DA:10,0
DA:13,20
DA:17,5
DA:19,5
DA:27,20
DA:28,20
DA:30,20
LF:9
LH:8
BRDA:9,0,0,0
BRDA:9,0,1,20
BRDA:17,1,0,5
BRDA:17,1,1,0
BRDA:27,2,0,20
BRDA:27,2,1,0
BRF:6
BRH:3
end_of_record
TN:
SF:src/components/ChatWorkspace/ChatMessage.jsx
FN:3,ChatMessage
FN:6,(anonymous_1)
FN:12,(anonymous_2)
FN:44,(anonymous_3)
FNF:4
FNH:4
FNDA:118,ChatMessage
FNDA:3,(anonymous_1)
FNDA:2,(anonymous_2)
FNDA:27,(anonymous_3)
DA:4,118
DA:6,118
DA:7,3
DA:8,3
DA:12,118
DA:13,2
DA:14,0
DA:17,2
DA:18,2
DA:19,2
DA:23,118
DA:45,27
LF:12
LH:11
BRDA:3,0,0,0
BRDA:4,1,0,118
BRDA:4,1,1,81
BRDA:4,1,2,73
BRDA:7,2,0,3
BRDA:7,2,1,0
BRDA:13,3,0,0
BRDA:13,3,1,2
BRDA:17,4,0,2
BRDA:17,4,1,0
BRDA:17,5,0,2
BRDA:17,5,1,1
BRDA:24,6,0,12
BRDA:24,6,1,106
BRDA:26,7,0,37
BRDA:26,7,1,81
BRDA:29,8,0,28
BRDA:29,8,1,90
BRDA:41,9,0,8
BRDA:41,9,1,110
BRDA:42,10,0,27
BRDA:42,10,1,91
BRDA:42,11,0,118
BRDA:42,11,1,81
BRF:24
BRH:20
end_of_record
TN:
SF:src/components/ChatWorkspace/ChatWorkspace.jsx
FN:16,currentTimeLabel
FN:23,ChatWorkspace
FN:31,(anonymous_2)
FN:33,(anonymous_3)
FN:37,(anonymous_4)
FN:47,(anonymous_5)
FN:49,(anonymous_6)
FN:54,(anonymous_7)
FN:59,(anonymous_8)
FN:66,(anonymous_9)
FN:79,(anonymous_10)
FN:87,(anonymous_11)
FN:88,(anonymous_12)
FN:108,(anonymous_13)
FN:108,(anonymous_14)
FN:127,(anonymous_15)
FNF:16
FNH:15
FNDA:23,currentTimeLabel
FNDA:46,ChatWorkspace
FNDA:8,(anonymous_2)
FNDA:0,(anonymous_3)
FNDA:8,(anonymous_4)
FNDA:24,(anonymous_5)
FNDA:5,(anonymous_6)
FNDA:1,(anonymous_7)
FNDA:1,(anonymous_8)
FNDA:8,(anonymous_9)
FNDA:8,(anonymous_10)
FNDA:7,(anonymous_11)
FNDA:16,(anonymous_12)
FNDA:1,(anonymous_13)
FNDA:2,(anonymous_14)
FNDA:121,(anonymous_15)
DA:10,1
DA:14,1
DA:17,23
DA:24,46
DA:25,46
DA:26,46
DA:27,46
DA:28,46
DA:29,46
DA:30,46
DA:31,46
DA:33,0
DA:36,46
DA:37,8
DA:47,46
DA:49,46
DA:50,5
DA:51,5
DA:54,46
DA:55,1
DA:56,1
DA:59,46
DA:60,1
DA:61,1
DA:62,0
DA:66,46
DA:67,8
DA:69,8
DA:70,0
DA:73,8
DA:74,8
DA:76,8
DA:77,8
DA:78,8
DA:79,8
DA:85,8
DA:86,8
DA:87,7
DA:88,16
DA:90,7
DA:91,0
DA:92,0
DA:95,7
DA:108,2
DA:109,1
DA:111,8
DA:115,46
DA:128,121
LF:48
LH:43
BRDA:10,0,0,1
BRDA:10,0,1,1
BRDA:11,1,0,0
BRDA:11,1,1,1
BRDA:23,2,0,46
BRDA:23,3,0,46
BRDA:23,3,1,46
BRDA:23,4,0,46
BRDA:61,5,0,0
BRDA:61,5,1,1
BRDA:61,6,0,1
BRDA:61,6,1,0
BRDA:69,7,0,0
BRDA:69,7,1,8
BRDA:69,8,0,8
BRDA:69,8,1,8
BRDA:90,9,0,0
BRDA:90,9,1,7
BRDA:91,10,0,0
BRDA:91,10,1,0
BRDA:100,11,0,7
BRDA:100,11,1,5
BRDA:102,12,0,7
BRDA:102,12,1,0
BRDA:130,13,0,121
BRDA:130,13,1,84
BRDA:135,14,0,1
BRDA:135,14,1,45
BRDA:136,15,0,0
BRDA:136,15,1,46
BRDA:152,16,0,46
BRDA:152,16,1,33
BRF:32
BRH:23
end_of_record
TN:
SF:src/components/ChatWorkspace/DocumentReference.jsx
FN:1,DocumentReference
FNF:1
FNH:1
FNDA:27,DocumentReference
DA:2,27
DA:4,27
LF:2
LH:2
BRDA:5,0,0,27
BRDA:5,0,1,22
BRF:2
BRH:2
end_of_record
TN:
SF:src/components/ChatWorkspace/QuestionInput.jsx
FN:5,QuestionInput
FN:6,(anonymous_1)
FN:8,(anonymous_2)
FN:23,(anonymous_3)
FNF:4
FNH:4
FNDA:45,QuestionInput
FNDA:24,(anonymous_1)
FNDA:8,(anonymous_2)
FNDA:8,(anonymous_3)
DA:3,1
DA:6,45
DA:8,45
DA:9,8
DA:10,8
DA:13,45
DA:23,8
LF:7
LH:7
BRDA:28,0,0,45
BRDA:28,0,1,37
BRDA:29,1,0,8
BRDA:29,1,1,37
BRF:4
BRH:4
end_of_record
TN:
SF:src/components/DevTools/DevPanel.jsx
FN:6,DevPanel
FN:11,(anonymous_1)
FN:17,(anonymous_2)
FN:28,(anonymous_3)
FN:28,(anonymous_4)
FN:44,(anonymous_5)
FN:48,(anonymous_6)
FN:52,(anonymous_7)
FNF:8
FNH:2
FNDA:3,DevPanel
FNDA:1,(anonymous_1)
FNDA:0,(anonymous_2)
FNDA:0,(anonymous_3)
FNDA:0,(anonymous_4)
FNDA:0,(anonymous_5)
FNDA:0,(anonymous_6)
FNDA:0,(anonymous_7)
DA:7,3
DA:8,3
DA:9,3
DA:11,3
DA:12,1
DA:13,0
DA:16,1
DA:17,1
DA:18,0
DA:22,3
DA:23,0
DA:26,3
DA:28,0
DA:45,0
DA:46,0
DA:49,0
DA:50,0
DA:52,0
LF:18
LH:9
BRDA:12,0,0,0
BRDA:12,0,1,1
BRDA:22,1,0,0
BRDA:22,1,1,3
BRDA:29,2,0,0
BRDA:29,2,1,3
BRDA:31,3,0,0
BRDA:31,3,1,3
BRDA:36,4,0,0
BRDA:36,4,1,0
BRDA:42,5,0,0
BRDA:42,5,1,0
BRF:12
BRH:4
end_of_record
TN:
SF:src/components/DocumentLibrary/DocumentLibrary.jsx
FN:12,normalizeDocuments
FN:15,(anonymous_1)
FN:18,mapFileType
FN:29,DocumentLibrary
FN:39,(anonymous_4)
FN:41,(anonymous_5)
FN:44,(anonymous_6)
FN:47,loadDocuments
FN:68,(anonymous_8)
FN:76,(anonymous_9)
FN:78,(anonymous_10)
FN:79,(anonymous_11)
FN:82,(anonymous_12)
FN:91,(anonymous_13)
FN:104,(anonymous_14)
FN:120,(anonymous_15)
FNF:16
FNH:0
FNDA:0,normalizeDocuments
FNDA:0,(anonymous_1)
FNDA:0,mapFileType
FNDA:0,DocumentLibrary
FNDA:0,(anonymous_4)
FNDA:0,(anonymous_5)
FNDA:0,(anonymous_6)
FNDA:0,loadDocuments
FNDA:0,(anonymous_8)
FNDA:0,(anonymous_9)
FNDA:0,(anonymous_10)
FNDA:0,(anonymous_11)
FNDA:0,(anonymous_12)
FNDA:0,(anonymous_13)
FNDA:0,(anonymous_14)
FNDA:0,(anonymous_15)
DA:7,0
DA:13,0
DA:15,0
DA:19,0
DA:20,0
DA:21,0
DA:23,0
DA:24,0
DA:26,0
DA:30,0
DA:31,0
DA:32,0
DA:33,0
DA:34,0
DA:35,0
DA:36,0
DA:37,0
DA:39,0
DA:41,0
DA:44,0
DA:45,0
DA:48,0
DA:49,0
DA:50,0
DA:51,0
DA:52,0
DA:53,0
DA:56,0
DA:57,0
DA:60,0
DA:61,0
DA:66,0
DA:68,0
DA:69,0
DA:70,0
DA:71,0
DA:76,0
DA:78,0
DA:79,0
DA:82,0
DA:83,0
DA:84,0
DA:85,0
DA:86,0
DA:87,0
DA:88,0
DA:91,0
DA:92,0
DA:93,0
DA:94,0
DA:95,0
DA:98,0
DA:99,0
DA:100,0
DA:101,0
DA:103,0
DA:104,0
DA:105,0
DA:107,0
DA:109,0
DA:111,0
DA:120,0
DA:121,0
DA:122,0
DA:124,0
DA:125,0
DA:127,0
DA:128,0
DA:132,0
LF:69
LH:0
BRDA:7,0,0,0
BRDA:7,0,1,0
BRDA:8,1,0,0
BRDA:8,1,1,0
BRDA:13,2,0,0
BRDA:13,2,1,0
BRDA:13,3,0,0
BRDA:13,3,1,0
BRDA:20,4,0,0
BRDA:20,4,1,0
BRDA:23,5,0,0
BRDA:23,5,1,0
BRDA:29,6,0,0
BRDA:29,7,0,0
BRDA:29,7,1,0
BRDA:29,8,0,0
BRDA:52,9,0,0
BRDA:52,9,1,0
BRDA:56,10,0,0
BRDA:56,10,1,0
BRDA:60,11,0,0
BRDA:60,11,1,0
BRDA:70,12,0,0
BRDA:70,12,1,0
BRDA:83,13,0,0
BRDA:83,13,1,0
BRDA:85,14,0,0
BRDA:85,14,1,0
BRDA:86,15,0,0
BRDA:86,15,1,0
BRDA:93,16,0,0
BRDA:93,16,1,0
BRF:32
BRH:0
end_of_record
TN:
SF:src/components/DocumentLibrary/DocumentList.jsx
FN:3,formatFileSize
FN:13,formatFileType
FN:17,formatUploadDate
FN:26,DocumentList
FN:49,(anonymous_4)
FNF:5
FNH:0
FNDA:0,formatFileSize
FNDA:0,formatFileType
FNDA:0,formatUploadDate
FNDA:0,DocumentList
FNDA:0,(anonymous_4)
DA:4,0
DA:5,0
DA:7,0
DA:8,0
DA:10,0
DA:14,0
DA:18,0
DA:27,0
DA:28,0
DA:31,0
DA:32,0
DA:35,0
DA:50,0
LF:13
LH:0
BRDA:4,0,0,0
BRDA:4,0,1,0
BRDA:7,1,0,0
BRDA:7,1,1,0
BRDA:27,2,0,0
BRDA:27,2,1,0
BRDA:31,3,0,0
BRDA:31,3,1,0
BRF:8
BRH:0
end_of_record
TN:
SF:src/components/DocumentLibrary/FileUpload.jsx
FN:4,(anonymous_0)
FN:7,validateFile
FN:13,(anonymous_2)
FN:26,FileUpload
FN:35,(anonymous_4)
FN:40,(anonymous_5)
FN:57,(anonymous_6)
FNF:7
FNH:0
FNDA:0,(anonymous_0)
FNDA:0,validateFile
FNDA:0,(anonymous_2)
FNDA:0,FileUpload
FNDA:0,(anonymous_4)
FNDA:0,(anonymous_5)
FNDA:0,(anonymous_6)
DA:1,0
DA:2,0
DA:4,0
DA:8,0
DA:9,0
DA:12,0
DA:13,0
DA:15,0
DA:16,0
DA:19,0
DA:20,0
DA:23,0
DA:35,0
DA:36,0
DA:37,0
DA:40,0
DA:41,0
DA:44,0
DA:57,0
LF:19
LH:0
BRDA:1,0,0,0
BRDA:1,0,1,0
BRDA:2,1,0,0
BRDA:2,1,1,0
BRDA:8,2,0,0
BRDA:8,2,1,0
BRDA:15,3,0,0
BRDA:15,3,1,0
BRDA:19,4,0,0
BRDA:19,4,1,0
BRDA:64,5,0,0
BRDA:64,5,1,0
BRDA:65,6,0,0
BRDA:65,6,1,0
BRDA:66,7,0,0
BRDA:66,7,1,0
BRDA:67,8,0,0
BRDA:67,8,1,0
BRDA:73,9,0,0
BRDA:73,9,1,0
BRDA:73,9,2,0
BRDA:74,10,0,0
BRDA:74,10,1,0
BRF:23
BRH:0
end_of_record
TN:
SF:src/components/DocumentLibrary/StatusBadge.jsx
FN:8,StatusBadge
FNF:1
FNH:0
FNDA:0,StatusBadge
DA:1,0
DA:9,0
DA:11,0
LF:3
LH:0
BRDA:9,0,0,0
BRDA:9,0,1,0
BRF:2
BRH:0
end_of_record
TN:
SF:src/components/chat/AnswerDetailSideView.jsx
FN:22,renderAnswerContent
FN:30,(anonymous_1)
FN:37,getSourceScore
FN:45,AnswerDetailSideView
FN:84,(anonymous_4)
FN:84,(anonymous_5)
FN:88,(anonymous_6)
FN:98,(anonymous_7)
FN:129,(anonymous_8)
FN:136,(anonymous_9)
FN:146,(anonymous_10)
FN:151,(anonymous_11)
FN:156,(anonymous_12)
FN:157,(anonymous_13)
FN:180,(anonymous_14)
FN:183,(anonymous_15)
FN:195,(anonymous_16)
FN:200,(anonymous_17)
FN:208,(anonymous_18)
FN:211,(anonymous_19)
FN:212,(anonymous_20)
FN:216,(anonymous_21)
FN:217,(anonymous_22)
FN:221,(anonymous_23)
FN:243,(anonymous_24)
FN:337,(anonymous_25)
FN:344,(anonymous_26)
FNF:27
FNH:21
FNDA:49,renderAnswerContent
FNDA:77,(anonymous_1)
FNDA:54,getSourceScore
FNDA:120,AnswerDetailSideView
FNDA:74,(anonymous_4)
FNDA:23,(anonymous_5)
FNDA:55,(anonymous_6)
FNDA:2,(anonymous_7)
FNDA:21,(anonymous_8)
FNDA:23,(anonymous_9)
FNDA:23,(anonymous_10)
FNDA:74,(anonymous_11)
FNDA:19,(anonymous_12)
FNDA:19,(anonymous_13)
FNDA:3,(anonymous_14)
FNDA:3,(anonymous_15)
FNDA:74,(anonymous_16)
FNDA:21,(anonymous_17)
FNDA:1,(anonymous_18)
FNDA:0,(anonymous_19)
FNDA:0,(anonymous_20)
FNDA:0,(anonymous_21)
FNDA:0,(anonymous_22)
FNDA:3,(anonymous_23)
FNDA:6,(anonymous_24)
FNDA:0,(anonymous_25)
FNDA:0,(anonymous_26)
DA:13,2
DA:23,49
DA:24,0
DA:27,49
DA:31,77
DA:38,54
DA:39,0
DA:42,54
DA:57,120
DA:58,120
DA:59,120
DA:60,120
DA:61,120
DA:62,120
DA:63,120
DA:64,120
DA:65,120
DA:74,120
DA:83,120
DA:84,74
DA:88,120
DA:89,55
DA:90,34
DA:93,21
DA:94,21
DA:95,21
DA:96,21
DA:98,21
DA:99,2
DA:100,1
DA:101,1
DA:102,1
DA:105,1
DA:106,1
DA:109,0
DA:110,0
DA:111,0
DA:112,0
DA:115,0
DA:116,0
DA:118,0
DA:119,0
DA:120,0
DA:121,0
DA:122,0
DA:123,0
DA:127,21
DA:129,21
DA:130,21
DA:131,21
DA:132,21
DA:136,120
DA:137,23
DA:138,10
DA:139,10
DA:140,10
DA:141,10
DA:142,10
DA:146,120
DA:147,23
DA:148,23
DA:151,120
DA:152,74
DA:153,61
DA:156,19
DA:157,19
DA:159,13
DA:161,13
DA:162,1
DA:169,13
DA:170,2
DA:180,13
DA:181,13
DA:183,13
DA:184,3
DA:195,120
DA:196,74
DA:197,44
DA:200,30
DA:201,30
DA:208,30
DA:211,120
DA:212,0
DA:213,0
DA:216,120
DA:217,0
DA:218,0
DA:221,120
DA:222,3
DA:228,3
DA:229,3
DA:232,120
DA:233,68
DA:236,52
DA:243,6
DA:337,0
DA:344,0
LF:97
LH:77
BRDA:23,0,0,0
BRDA:23,0,1,49
BRDA:38,1,0,0
BRDA:38,1,1,54
BRDA:54,2,0,0
BRDA:55,3,0,0
BRDA:84,4,0,74
BRDA:84,4,1,61
BRDA:84,4,2,54
BRDA:89,5,0,34
BRDA:89,5,1,21
BRDA:99,6,0,1
BRDA:99,6,1,1
BRDA:105,7,0,1
BRDA:105,7,1,0
BRDA:105,8,0,1
BRDA:105,8,1,0
BRDA:110,9,0,0
BRDA:110,9,1,0
BRDA:118,10,0,0
BRDA:118,10,1,0
BRDA:118,11,0,0
BRDA:118,11,1,0
BRDA:121,12,0,0
BRDA:121,12,1,0
BRDA:121,13,0,0
BRDA:121,13,1,0
BRDA:137,14,0,10
BRDA:137,14,1,13
BRDA:152,15,0,61
BRDA:152,15,1,13
BRDA:152,16,0,74
BRDA:152,16,1,30
BRDA:152,16,2,28
BRDA:161,17,0,1
BRDA:161,17,1,12
BRDA:161,18,0,13
BRDA:161,18,1,13
BRDA:161,18,2,12
BRDA:169,19,0,2
BRDA:169,19,1,11
BRDA:169,20,0,13
BRDA:169,20,1,3
BRDA:189,21,0,3
BRDA:189,21,1,0
BRDA:196,22,0,44
BRDA:196,22,1,30
BRDA:201,23,0,1
BRDA:201,23,1,29
BRDA:232,24,0,68
BRDA:232,24,1,52
BRDA:275,25,0,3
BRDA:275,25,1,49
BRDA:282,26,0,3
BRDA:282,26,1,49
BRDA:290,27,0,49
BRDA:290,27,1,3
BRDA:295,28,0,49
BRDA:295,28,1,0
BRDA:297,29,0,49
BRDA:297,29,1,0
BRDA:303,30,0,27
BRDA:303,30,1,22
BRDA:303,31,0,49
BRDA:303,31,1,27
BRDA:309,32,0,2
BRDA:309,32,1,47
BRDA:317,33,0,27
BRDA:317,33,1,22
BRDA:338,34,0,52
BRDA:338,34,1,49
BRDA:343,35,0,52
BRDA:343,35,1,23
BRF:73
BRH:54
end_of_record
TN:
SF:src/components/chat/DocumentContentRenderer.jsx
FN:4,DocumentContentRenderer
FNF:1
FNH:1
FNDA:10,DocumentContentRenderer
DA:5,10
DA:6,10
DA:9,0
DA:10,0
DA:13,0
LF:5
LH:2
BRDA:5,0,0,10
BRDA:5,0,1,0
BRDA:9,1,0,0
BRDA:9,1,1,0
BRDA:9,2,0,0
BRDA:9,2,1,0
BRDA:13,3,0,0
BRDA:13,3,1,0
BRF:8
BRH:1
end_of_record
TN:
SF:src/components/chat/DocumentSearch.jsx
FN:3,DocumentSearch
FN:11,(anonymous_1)
FNF:2
FNH:2
FNDA:16,DocumentSearch
FNDA:1,(anonymous_1)
DA:4,16
DA:11,1
LF:2
LH:2
BRDA:17,0,0,2
BRDA:17,0,1,14
BRF:2
BRH:2
end_of_record
TN:
SF:src/components/chat/DocumentViewer.jsx
FN:9,DocumentViewer
FN:20,(anonymous_1)
FN:22,(anonymous_2)
FN:26,(anonymous_3)
FN:31,(anonymous_4)
FN:32,(anonymous_5)
FN:35,(anonymous_6)
FN:36,(anonymous_7)
FNF:8
FNH:6
FNDA:16,DocumentViewer
FNDA:9,(anonymous_1)
FNDA:10,(anonymous_2)
FNDA:1,(anonymous_3)
FNDA:0,(anonymous_4)
FNDA:0,(anonymous_5)
FNDA:1,(anonymous_6)
FNDA:1,(anonymous_7)
DA:10,16
DA:11,16
DA:12,16
DA:18,16
DA:19,16
DA:20,16
DA:21,16
DA:22,10
DA:26,16
DA:27,1
DA:28,1
DA:31,16
DA:32,0
DA:35,16
DA:36,1
DA:39,16
DA:40,0
DA:43,16
LF:18
LH:16
BRDA:18,0,0,16
BRDA:18,0,1,11
BRDA:19,1,0,16
BRDA:19,1,1,11
BRDA:32,2,0,0
BRDA:32,2,1,0
BRDA:36,3,0,0
BRDA:36,3,1,1
BRDA:39,4,0,0
BRDA:39,4,1,16
BRDA:47,5,0,16
BRDA:47,5,1,0
BRDA:49,6,0,16
BRDA:49,6,1,0
BRDA:50,7,0,5
BRDA:50,7,1,11
BRDA:51,8,0,13
BRDA:51,8,1,3
BRDA:65,9,0,5
BRDA:65,9,1,11
BRDA:72,10,0,1
BRDA:72,10,1,15
BRDA:83,11,0,10
BRDA:83,11,1,6
BRDA:83,12,0,16
BRDA:83,12,1,11
BRF:26
BRH:20
end_of_record
TN:
SF:src/components/chat/DocumentViewerModal.jsx
FN:5,DocumentViewerModal
FN:8,(anonymous_1)
FN:17,(anonymous_2)
FN:26,(anonymous_3)
FN:41,(anonymous_4)
FNF:5
FNH:4
FNDA:53,DocumentViewerModal
FNDA:53,(anonymous_1)
FNDA:1,(anonymous_2)
FNDA:4,(anonymous_3)
FNDA:0,(anonymous_4)
DA:6,53
DA:8,53
DA:9,53
DA:10,49
DA:13,4
DA:14,4
DA:15,4
DA:17,4
DA:18,1
DA:19,1
DA:20,1
DA:24,4
DA:26,4
DA:27,4
DA:28,4
DA:32,53
DA:33,49
DA:36,4
DA:41,0
LF:19
LH:18
BRDA:5,0,0,0
BRDA:9,1,0,49
BRDA:9,1,1,4
BRDA:18,2,0,1
BRDA:18,2,1,0
BRDA:32,3,0,49
BRDA:32,3,1,4
BRF:7
BRH:5
end_of_record
TN:
SF:src/components/chat/ErrorWarningDisplay.jsx
FN:6,renderWarning
FN:9,(anonymous_1)
FN:15,(anonymous_2)
FN:24,renderError
FN:29,(anonymous_4)
FN:35,ErrorWarningDisplay
FN:44,(anonymous_6)
FN:47,(anonymous_7)
FNF:8
FNH:7
FNDA:6,renderWarning
FNDA:1,(anonymous_1)
FNDA:0,(anonymous_2)
FNDA:2,renderError
FNDA:1,(anonymous_4)
FNDA:55,ErrorWarningDisplay
FNDA:6,(anonymous_6)
FNDA:2,(anonymous_7)
DA:7,6
DA:9,2
DA:11,4
DA:15,0
DA:20,0
DA:25,2
DA:29,1
DA:36,55
DA:37,47
DA:40,8
DA:42,8
DA:45,6
DA:48,2
LF:13
LH:11
BRDA:7,0,0,2
BRDA:7,0,1,4
BRDA:7,0,2,0
BRDA:35,1,0,0
BRDA:35,2,0,0
BRDA:36,3,0,47
BRDA:36,3,1,8
BRDA:36,4,0,55
BRDA:36,4,1,53
BRF:9
BRH:6
end_of_record
TN:
SF:src/components/chat/PDFViewer.jsx
FN:5,PDFViewer
FNF:1
FNH:1
FNDA:10,PDFViewer
DA:6,10
LF:1
LH:1
BRF:0
BRH:0
end_of_record
TN:
SF:src/components/chat/SourceSelector.jsx
FN:5,sourceLabel
FN:9,nextEnabledIndex
FN:22,SourceSelector
FN:25,(anonymous_3)
FN:25,(anonymous_4)
FN:29,(anonymous_5)
FN:96,(anonymous_6)
FN:106,(anonymous_7)
FN:107,(anonymous_8)
FN:108,(anonymous_9)
FNF:10
FNH:10
FNDA:53,sourceLabel
FNDA:1,nextEnabledIndex
FNDA:29,SourceSelector
FNDA:14,(anonymous_3)
FNDA:15,(anonymous_4)
FNDA:2,(anonymous_5)
FNDA:53,(anonymous_6)
FNDA:3,(anonymous_7)
FNDA:2,(anonymous_8)
FNDA:106,(anonymous_9)
DA:6,53
DA:10,1
DA:12,1
DA:13,1
DA:14,1
DA:15,1
DA:19,0
DA:23,29
DA:24,29
DA:25,15
DA:29,29
DA:30,2
DA:31,1
DA:32,1
DA:33,1
DA:35,1
DA:38,1
DA:39,1
DA:40,1
DA:41,1
DA:44,0
DA:45,0
DA:46,0
DA:47,0
DA:50,0
DA:51,0
DA:52,0
DA:53,0
DA:56,0
DA:57,0
DA:58,0
DA:62,29
DA:63,0
DA:71,29
DA:72,0
DA:85,29
DA:86,0
DA:94,29
DA:97,53
DA:99,53
DA:106,3
DA:107,2
DA:109,106
LF:43
LH:28
BRDA:6,0,0,44
BRDA:6,0,1,9
BRDA:14,1,0,1
BRDA:14,1,1,0
BRDA:22,2,0,2
BRDA:22,3,0,2
BRDA:30,4,0,1
BRDA:30,4,1,1
BRDA:30,5,0,2
BRDA:30,5,1,1
BRDA:32,6,0,1
BRDA:32,6,1,0
BRDA:38,7,0,1
BRDA:38,7,1,0
BRDA:38,8,0,1
BRDA:38,8,1,0
BRDA:44,9,0,0
BRDA:44,9,1,0
BRDA:44,10,0,0
BRDA:44,10,1,0
BRDA:50,11,0,0
BRDA:50,11,1,0
BRDA:56,12,0,0
BRDA:56,12,1,0
BRDA:62,13,0,0
BRDA:62,13,1,29
BRDA:71,14,0,0
BRDA:71,14,1,29
BRDA:76,15,0,0
BRDA:76,15,1,0
BRDA:85,16,0,0
BRDA:85,16,1,29
BRDA:97,17,0,53
BRDA:97,17,1,0
BRDA:103,18,0,29
BRDA:103,18,1,24
BRDA:103,19,0,9
BRDA:103,19,1,44
BRDA:112,20,0,29
BRDA:112,20,1,24
BRDA:120,21,0,9
BRDA:120,21,1,44
BRF:42
BRH:24
end_of_record
TN:
SF:src/components/chat/SourceSnippetDisplay.jsx
FN:3,SourceSnippetDisplay
FN:48,(anonymous_1)
FNF:2
FNH:2
FNDA:52,SourceSnippetDisplay
FNDA:4,(anonymous_1)
DA:4,52
DA:5,6
DA:13,46
DA:14,1
DA:27,45
DA:28,19
DA:36,26
DA:48,4
LF:8
LH:8
BRDA:3,0,0,3
BRDA:3,1,0,2
BRDA:4,2,0,6
BRDA:4,2,1,46
BRDA:13,3,0,1
BRDA:13,3,1,45
BRDA:18,4,0,1
BRDA:18,4,1,0
BRDA:27,5,0,19
BRDA:27,5,1,26
BRDA:27,6,0,45
BRDA:27,6,1,29
BRDA:40,7,0,26
BRDA:40,7,1,0
BRDA:43,8,0,1
BRDA:43,8,1,25
BRDA:44,9,0,19
BRDA:44,9,1,7
BRDA:44,10,0,26
BRDA:44,10,1,19
BRDA:45,11,0,26
BRDA:45,11,1,0
BRDA:53,12,0,26
BRDA:53,12,1,0
BRDA:54,13,0,19
BRDA:54,13,1,7
BRF:26
BRH:22
end_of_record
TN:
SF:src/components/chat/TextViewer.jsx
FN:3,TextViewer
FNF:1
FNH:1
FNDA:10,TextViewer
DA:4,10
LF:1
LH:1
BRF:0
BRH:0
end_of_record
TN:
SF:src/components/chat/index.js
FNF:0
FNH:0
LF:0
LH:0
BRF:0
BRH:0
end_of_record
TN:
SF:src/components/chat/warnings/NoSourcesWarning.jsx
FN:3,NoSourcesWarning
FNF:1
FNH:1
FNDA:2,NoSourcesWarning
DA:4,2
LF:1
LH:1
BRF:0
BRH:0
end_of_record
TN:
SF:src/components/chat/warnings/PartialSourceFailureWarning.jsx
FN:3,PartialSourceFailureWarning
FN:11,(anonymous_1)
FNF:2
FNH:2
FNDA:4,PartialSourceFailureWarning
FNDA:5,(anonymous_1)
DA:4,4
DA:11,5
LF:2
LH:2
BRDA:3,0,0,0
BRDA:8,1,0,0
BRDA:8,1,1,4
BRDA:10,2,0,4
BRDA:10,2,1,0
BRF:5
BRH:2
end_of_record
TN:
SF:src/components/chat/warnings/SourceUnavailableWarning.jsx
FN:4,SourceUnavailableWarning
FN:14,(anonymous_1)
FNF:2
FNH:2
FNDA:2,SourceUnavailableWarning
FNDA:1,(anonymous_1)
DA:5,2
DA:6,2
DA:8,2
DA:14,1
LF:4
LH:4
BRDA:4,0,0,0
BRDA:6,1,0,2
BRDA:6,1,1,0
BRDA:12,2,0,1
BRDA:12,2,1,1
BRDA:14,3,0,0
BRDA:14,3,1,1
BRDA:18,4,0,2
BRDA:18,4,1,0
BRDA:18,5,0,2
BRDA:18,5,1,2
BRF:11
BRH:7
end_of_record
TN:
SF:src/components/knowledge-graph/KnowledgeGraphAccessDenied.jsx
FN:1,KnowledgeGraphAccessDenied
FNF:1
FNH:1
FNDA:1,KnowledgeGraphAccessDenied
DA:2,1
LF:1
LH:1
BRF:0
BRH:0
end_of_record
TN:
SF:src/components/knowledge-graph/KnowledgeGraphDetail.jsx
FN:1,KnowledgeGraphDetail
FN:47,(anonymous_1)
FN:52,(anonymous_2)
FN:70,(anonymous_3)
FNF:4
FNH:0
FNDA:0,KnowledgeGraphDetail
FNDA:0,(anonymous_1)
FNDA:0,(anonymous_2)
FNDA:0,(anonymous_3)
DA:2,0
DA:3,0
DA:6,0
DA:7,0
DA:10,0
DA:11,0
DA:14,0
DA:48,0
DA:52,0
DA:71,0
LF:10
LH:0
BRDA:2,0,0,0
BRDA:2,0,1,0
BRDA:6,1,0,0
BRDA:6,1,1,0
BRDA:10,2,0,0
BRDA:10,2,1,0
BRDA:19,3,0,0
BRDA:19,3,1,0
BRDA:25,4,0,0
BRDA:25,4,1,0
BRDA:29,5,0,0
BRDA:29,5,1,0
BRDA:30,6,0,0
BRDA:30,6,1,0
BRDA:82,7,0,0
BRDA:82,7,1,0
BRDA:87,8,0,0
BRDA:87,8,1,0
BRF:18
BRH:0
end_of_record
TN:
SF:src/components/knowledge-graph/KnowledgeGraphList.jsx
FN:3,KnowledgeGraphList
FN:42,(anonymous_1)
FN:48,(anonymous_2)
FNF:3
FNH:2
FNDA:1,KnowledgeGraphList
FNDA:0,(anonymous_1)
FNDA:1,(anonymous_2)
DA:15,1
DA:16,0
DA:19,1
DA:20,0
DA:23,1
DA:42,0
DA:49,1
LF:7
LH:4
BRDA:15,0,0,0
BRDA:15,0,1,1
BRDA:19,1,0,0
BRDA:19,1,1,1
BRDA:27,2,0,1
BRDA:27,2,1,0
BRDA:30,3,0,1
BRDA:30,3,1,0
BRDA:33,4,0,1
BRDA:33,4,1,0
BRF:10
BRH:5
end_of_record
TN:
SF:src/components/knowledge-graph/KnowledgeGraphSearch.jsx
FN:3,KnowledgeGraphSearch
FN:22,(anonymous_1)
FN:26,(anonymous_2)
FN:26,(anonymous_3)
FN:27,(anonymous_4)
FN:32,(anonymous_5)
FN:32,(anonymous_6)
FN:33,(anonymous_7)
FN:46,(anonymous_8)
FN:52,(anonymous_9)
FN:58,(anonymous_10)
FNF:11
FNH:0
FNDA:0,KnowledgeGraphSearch
FNDA:0,(anonymous_1)
FNDA:0,(anonymous_2)
FNDA:0,(anonymous_3)
FNDA:0,(anonymous_4)
FNDA:0,(anonymous_5)
FNDA:0,(anonymous_6)
FNDA:0,(anonymous_7)
FNDA:0,(anonymous_8)
FNDA:0,(anonymous_9)
FNDA:0,(anonymous_10)
DA:17,0
DA:22,0
DA:26,0
DA:27,0
DA:32,0
DA:33,0
DA:47,0
DA:53,0
DA:59,0
LF:9
LH:0
BRDA:39,0,0,0
BRDA:39,0,1,0
BRDA:40,1,0,0
BRDA:40,1,1,0
BRDA:41,2,0,0
BRDA:41,2,1,0
BRDA:41,3,0,0
BRDA:41,3,1,0
BRF:8
BRH:0
end_of_record
TN:
SF:src/config/keycloak.js
FN:7,(anonymous_0)
FN:22,(anonymous_1)
FN:27,(anonymous_2)
FN:38,initKeycloak
FN:54,getAuthHeader
FN:58,getUserInfo
FNF:6
FNH:4
FNDA:1,(anonymous_0)
FNDA:0,(anonymous_1)
FNDA:0,(anonymous_2)
FNDA:1,initKeycloak
FNDA:2,getAuthHeader
FNDA:4,getUserInfo
DA:1,4
DA:8,1
DA:9,1
DA:10,1
DA:11,1
DA:23,0
DA:24,0
DA:25,0
DA:28,0
DA:32,4
DA:39,1
DA:40,1
DA:47,1
DA:48,1
DA:51,1
DA:55,2
DA:59,4
DA:60,0
DA:63,4
LF:19
LH:14
BRDA:10,0,0,1
BRDA:10,0,1,1
BRDA:12,1,0,1
BRDA:12,1,1,1
BRDA:12,2,0,1
BRDA:12,2,1,0
BRDA:13,3,0,1
BRDA:13,3,1,1
BRDA:13,4,0,1
BRDA:13,4,1,0
BRDA:14,5,0,1
BRDA:14,5,1,1
BRDA:14,6,0,1
BRDA:14,6,1,0
BRDA:15,7,0,1
BRDA:15,7,1,0
BRDA:16,8,0,1
BRDA:16,8,1,0
BRDA:33,9,0,4
BRDA:33,9,1,4
BRDA:34,10,0,4
BRDA:34,10,1,4
BRDA:35,11,0,4
BRDA:35,11,1,4
BRDA:47,12,0,1
BRDA:47,12,1,0
BRDA:47,13,0,1
BRDA:47,13,1,0
BRDA:55,14,0,1
BRDA:55,14,1,1
BRDA:59,15,0,0
BRDA:59,15,1,4
BRDA:69,16,0,4
BRDA:69,16,1,0
BRDA:70,17,0,4
BRDA:70,17,1,0
BRF:36
BRH:26
end_of_record
TN:
SF:src/hooks/useAnswerSources.js
FN:6,normalizeSource
FN:44,sameSource
FN:56,resolvePreferredSource
FN:62,(anonymous_3)
FN:68,(anonymous_4)
FN:71,useAnswerSources
FN:80,(anonymous_6)
FN:84,(anonymous_7)
FN:85,(anonymous_8)
FN:88,(anonymous_9)
FN:114,(anonymous_10)
FN:124,(anonymous_11)
FN:141,(anonymous_12)
FN:147,(anonymous_13)
FN:152,(anonymous_14)
FNF:15
FNH:13
FNDA:25,normalizeSource
FNDA:34,sameSource
FNDA:34,resolvePreferredSource
FNDA:15,(anonymous_3)
FNDA:6,(anonymous_4)
FNDA:120,useAnswerSources
FNDA:48,(anonymous_6)
FNDA:0,(anonymous_7)
FNDA:0,(anonymous_8)
FNDA:48,(anonymous_9)
FNDA:2,(anonymous_10)
FNDA:1,(anonymous_11)
FNDA:3,(anonymous_12)
FNDA:3,(anonymous_13)
FNDA:78,(anonymous_14)
DA:7,25
DA:8,25
DA:18,25
DA:45,34
DA:46,8
DA:49,26
DA:50,12
DA:53,14
DA:57,34
DA:58,15
DA:61,19
DA:62,15
DA:63,14
DA:64,13
DA:68,6
DA:72,120
DA:73,120
DA:74,120
DA:75,120
DA:76,120
DA:77,120
DA:79,120
DA:80,48
DA:84,120
DA:85,0
DA:88,120
DA:89,48
DA:90,34
DA:91,34
DA:92,34
DA:93,34
DA:94,34
DA:95,34
DA:98,14
DA:99,11
DA:100,11
DA:101,11
DA:102,11
DA:103,11
DA:104,11
DA:107,3
DA:109,3
DA:110,3
DA:111,3
DA:113,3
DA:115,2
DA:116,0
DA:119,2
DA:120,2
DA:121,2
DA:122,2
DA:125,1
DA:126,0
DA:129,1
DA:130,1
DA:131,1
DA:135,1
DA:136,1
DA:142,3
DA:143,3
DA:147,3
DA:148,3
DA:152,120
DA:153,78
DA:154,44
DA:157,34
DA:158,34
DA:159,13
DA:163,120
LF:69
LH:66
BRDA:7,0,0,25
BRDA:7,0,1,5
BRDA:7,0,2,0
BRDA:7,0,3,0
BRDA:8,1,0,25
BRDA:8,1,1,0
BRDA:8,1,2,0
BRDA:8,1,3,0
BRDA:8,1,4,0
BRDA:8,1,5,0
BRDA:8,1,6,0
BRDA:9,2,0,0
BRDA:9,2,1,0
BRDA:10,3,0,0
BRDA:10,3,1,0
BRDA:10,4,0,0
BRDA:10,4,1,0
BRDA:20,5,0,25
BRDA:20,5,1,5
BRDA:20,6,0,5
BRDA:20,6,1,5
BRDA:22,7,0,25
BRDA:22,7,1,6
BRDA:24,8,0,24
BRDA:24,8,1,1
BRDA:25,9,0,3
BRDA:25,9,1,22
BRDA:27,10,0,22
BRDA:27,10,1,3
BRDA:28,11,0,3
BRDA:28,11,1,3
BRDA:28,11,2,3
BRDA:28,11,3,3
BRDA:31,12,0,3
BRDA:31,12,1,3
BRDA:31,12,2,3
BRDA:31,12,3,3
BRDA:34,13,0,25
BRDA:34,13,1,6
BRDA:34,13,2,6
BRDA:35,14,0,25
BRDA:35,14,1,25
BRDA:36,15,0,25
BRDA:36,15,1,25
BRDA:37,16,0,25
BRDA:37,16,1,25
BRDA:38,17,0,25
BRDA:38,17,1,6
BRDA:40,18,0,25
BRDA:40,18,1,0
BRDA:45,19,0,8
BRDA:45,19,1,26
BRDA:45,20,0,34
BRDA:45,20,1,15
BRDA:49,21,0,12
BRDA:49,21,1,14
BRDA:49,22,0,26
BRDA:49,22,1,19
BRDA:57,23,0,15
BRDA:57,23,1,19
BRDA:61,24,0,14
BRDA:61,24,1,5
BRDA:63,25,0,13
BRDA:63,25,1,1
BRDA:68,26,0,6
BRDA:68,26,1,0
BRDA:71,27,0,0
BRDA:80,28,0,48
BRDA:80,28,1,0
BRDA:89,29,0,34
BRDA:89,29,1,14
BRDA:89,30,0,48
BRDA:89,30,1,14
BRDA:98,31,0,11
BRDA:98,31,1,3
BRDA:98,32,0,14
BRDA:98,32,1,5
BRDA:115,33,0,0
BRDA:115,33,1,2
BRDA:119,34,0,2
BRDA:119,34,1,0
BRDA:120,35,0,2
BRDA:120,35,1,0
BRDA:125,36,0,0
BRDA:125,36,1,1
BRDA:130,37,0,1
BRDA:130,37,1,0
BRDA:142,38,0,3
BRDA:142,38,1,0
BRDA:153,39,0,44
BRDA:153,39,1,34
BRDA:158,40,0,13
BRDA:158,40,1,21
BRF:93
BRH:69
end_of_record
TN:
SF:src/hooks/useDocumentContent.js
FN:5,useDocumentContent
FN:11,(anonymous_1)
FN:12,(anonymous_2)
FN:15,(anonymous_3)
FN:36,(anonymous_4)
FN:44,(anonymous_5)
FN:51,(anonymous_6)
FN:57,(anonymous_7)
FNF:8
FNH:6
FNDA:16,useDocumentContent
FNDA:0,(anonymous_1)
FNDA:0,(anonymous_2)
FNDA:5,(anonymous_3)
FNDA:4,(anonymous_4)
FNDA:1,(anonymous_5)
FNDA:5,(anonymous_6)
FNDA:5,(anonymous_7)
DA:6,16
DA:7,16
DA:8,16
DA:9,16
DA:11,16
DA:12,0
DA:15,16
DA:16,5
DA:17,0
DA:18,0
DA:19,0
DA:20,0
DA:23,5
DA:24,5
DA:25,0
DA:26,0
DA:27,0
DA:28,0
DA:31,5
DA:32,5
DA:33,5
DA:35,5
DA:37,4
DA:38,0
DA:41,4
DA:42,4
DA:45,1
DA:46,0
DA:49,1
DA:52,5
DA:53,5
DA:57,5
DA:58,5
DA:62,16
LF:34
LH:23
BRDA:16,0,0,0
BRDA:16,0,1,5
BRDA:16,1,0,5
BRDA:16,1,1,5
BRDA:24,2,0,0
BRDA:24,2,1,5
BRDA:37,3,0,0
BRDA:37,3,1,4
BRDA:45,4,0,0
BRDA:45,4,1,1
BRDA:49,5,0,1
BRDA:49,5,1,0
BRDA:52,6,0,5
BRDA:52,6,1,0
BRF:14
BRH:8
end_of_record
TN:
SF:src/hooks/useErrorHandling.js
FN:3,stampEntry
FN:11,useErrorHandling
FN:15,(anonymous_2)
FN:19,(anonymous_3)
FN:23,(anonymous_4)
FN:24,(anonymous_5)
FN:24,(anonymous_6)
FN:27,(anonymous_7)
FN:28,(anonymous_8)
FN:28,(anonymous_9)
FN:31,(anonymous_10)
FN:36,(anonymous_11)
FNF:12
FNH:12
FNDA:8,stampEntry
FNDA:124,useErrorHandling
FNDA:32,(anonymous_2)
FNDA:15,(anonymous_3)
FNDA:1,(anonymous_4)
FNDA:1,(anonymous_5)
FNDA:1,(anonymous_6)
FNDA:1,(anonymous_7)
FNDA:1,(anonymous_8)
FNDA:1,(anonymous_9)
FNDA:11,(anonymous_10)
FNDA:62,(anonymous_11)
DA:4,8
DA:12,124
DA:13,124
DA:15,124
DA:16,32
DA:19,124
DA:20,15
DA:23,124
DA:24,1
DA:27,124
DA:28,1
DA:31,124
DA:32,11
DA:33,11
DA:36,124
LF:15
LH:15
BRDA:6,0,0,8
BRDA:6,0,1,0
BRDA:6,1,0,0
BRDA:6,1,1,0
BRDA:6,1,2,0
BRDA:7,2,0,8
BRDA:7,2,1,8
BRDA:15,3,0,0
BRDA:19,4,0,0
BRF:9
BRH:3
end_of_record
TN:
SF:src/modules/chat-system/index.js
FNF:0
FNH:0
DA:9,0
LF:1
LH:0
BRF:0
BRH:0
end_of_record
TN:
SF:src/modules/chat-system/components/ChatWorkspace.jsx
FNF:0
FNH:0
LF:0
LH:0
BRF:0
BRH:0
end_of_record
TN:
SF:src/modules/chat-system/components/MessageList.jsx
FN:3,MessageList
FN:4,(anonymous_1)
FNF:2
FNH:0
FNDA:0,MessageList
FNDA:0,(anonymous_1)
DA:4,0
DA:5,0
LF:2
LH:0
BRDA:5,0,0,0
BRDA:5,0,1,0
BRF:2
BRH:0
end_of_record
TN:
SF:src/modules/chat-system/components/QueryInput.jsx
FNF:0
FNH:0
LF:0
LH:0
BRF:0
BRH:0
end_of_record
TN:
SF:src/modules/chat-system/hooks/useChatHistory.js
FN:3,useChatHistory
FN:8,(anonymous_1)
FN:8,(anonymous_2)
FN:9,(anonymous_3)
FNF:4
FNH:0
FNDA:0,useChatHistory
FNDA:0,(anonymous_1)
FNDA:0,(anonymous_2)
FNDA:0,(anonymous_3)
DA:4,0
DA:6,0
DA:8,0
DA:9,0
LF:4
LH:0
BRDA:3,0,0,0
BRF:1
BRH:0
end_of_record
TN:
SF:src/modules/chat-system/hooks/useChatQuery.js
FN:6,useChatQuery
FN:9,(anonymous_1)
FN:12,(anonymous_2)
FN:16,(anonymous_3)
FN:26,(anonymous_4)
FNF:5
FNH:0
FNDA:0,useChatQuery
FNDA:0,(anonymous_1)
FNDA:0,(anonymous_2)
FNDA:0,(anonymous_3)
FNDA:0,(anonymous_4)
DA:7,0
DA:8,0
DA:9,0
DA:10,0
DA:12,0
DA:13,0
DA:14,0
DA:15,0
DA:16,0
DA:17,0
DA:19,0
DA:20,0
DA:22,0
DA:26,0
LF:14
LH:0
BRDA:6,0,0,0
BRDA:12,1,0,0
BRF:2
BRH:0
end_of_record
TN:
SF:src/modules/chat-system/services/chatApi.js
FN:3,createChatApi
FN:7,(anonymous_1)
FNF:2
FNH:0
FNDA:0,createChatApi
FNDA:0,(anonymous_1)
DA:4,0
DA:6,0
DA:8,0
LF:3
LH:0
BRDA:3,0,0,0
BRDA:7,1,0,0
BRF:2
BRH:0
end_of_record
TN:
SF:src/modules/document-management/index.js
FNF:0
FNH:0
DA:9,0
LF:1
LH:0
BRF:0
BRH:0
end_of_record
TN:
SF:src/modules/document-management/components/DocumentLibrary.jsx
FNF:0
FNH:0
LF:0
LH:0
BRF:0
BRH:0
end_of_record
TN:
SF:src/modules/document-management/components/DocumentList.jsx
FNF:0
FNH:0
LF:0
LH:0
BRF:0
BRH:0
end_of_record
TN:
SF:src/modules/document-management/components/FileUpload.jsx
FNF:0
FNH:0
LF:0
LH:0
BRF:0
BRH:0
end_of_record
TN:
SF:src/modules/document-management/hooks/useDocumentList.js
FN:5,useDocumentList
FN:6,(anonymous_1)
FN:8,(anonymous_2)
FNF:3
FNH:0
FNDA:0,useDocumentList
FNDA:0,(anonymous_1)
FNDA:0,(anonymous_2)
DA:6,0
DA:8,0
DA:9,0
DA:12,0
LF:4
LH:0
BRDA:5,0,0,0
BRDA:8,1,0,0
BRDA:8,2,0,0
BRF:3
BRH:0
end_of_record
TN:
SF:src/modules/document-management/hooks/useDocumentUpload.js
FN:6,useDocumentUpload
FN:8,(anonymous_1)
FN:10,(anonymous_2)
FNF:3
FNH:0
FNDA:0,useDocumentUpload
FNDA:0,(anonymous_1)
FNDA:0,(anonymous_2)
DA:7,0
DA:8,0
DA:10,0
DA:11,0
DA:12,0
DA:13,0
DA:14,0
DA:15,0
DA:17,0
DA:18,0
DA:22,0
LF:11
LH:0
BRDA:6,0,0,0
BRDA:10,1,0,0
BRF:2
BRH:0
end_of_record
TN:
SF:src/modules/document-management/services/documentApi.js
FN:3,createDocumentApi
FN:7,(anonymous_1)
FN:10,(anonymous_2)
FN:13,(anonymous_3)
FNF:4
FNH:0
FNDA:0,createDocumentApi
FNDA:0,(anonymous_1)
FNDA:0,(anonymous_2)
FNDA:0,(anonymous_3)
DA:4,0
DA:6,0
DA:8,0
DA:11,0
DA:14,0
LF:5
LH:0
BRDA:3,0,0,0
BRDA:7,1,0,0
BRDA:10,2,0,0
BRDA:10,3,0,0
BRDA:13,4,0,0
BRF:5
BRH:0
end_of_record
TN:
SF:src/modules/shared/index.js
FNF:0
FNH:0
LF:0
LH:0
BRF:0
BRH:0
end_of_record
TN:
SF:src/modules/shared/components/ErrorBoundary.jsx
FN:4,(anonymous_0)
FN:9,(anonymous_1)
FN:13,(anonymous_2)
FNF:3
FNH:2
FNDA:1,(anonymous_0)
FNDA:0,(anonymous_1)
FNDA:1,(anonymous_2)
DA:5,1
DA:6,1
DA:10,0
DA:14,1
DA:15,0
DA:23,1
LF:6
LH:4
BRDA:14,0,0,0
BRDA:14,0,1,1
BRF:2
BRH:1
end_of_record
TN:
SF:src/modules/shared/components/Layout.jsx
FN:3,Layout
FNF:1
FNH:1
FNDA:1,Layout
DA:4,1
LF:1
LH:1
BRF:0
BRH:0
end_of_record
TN:
SF:src/modules/shared/components/LoadingSpinner.jsx
FN:1,LoadingSpinner
FNF:1
FNH:1
FNDA:2,LoadingSpinner
DA:2,2
LF:1
LH:1
BRDA:1,0,0,2
BRF:1
BRH:1
end_of_record
TN:
SF:src/modules/shared/components/Navigation.jsx
FN:3,Navigation
FNF:1
FNH:1
FNDA:1,Navigation
DA:4,1
LF:1
LH:1
BRDA:9,0,0,1
BRDA:9,0,1,0
BRDA:10,1,0,1
BRDA:10,1,1,0
BRF:4
BRH:2
end_of_record
TN:
SF:src/modules/shared/constants/apiEndpoints.js
FNF:0
FNH:0
DA:1,2
LF:1
LH:1
BRF:0
BRH:0
end_of_record
TN:
SF:src/modules/shared/contexts/NotificationContext.jsx
FN:5,(anonymous_0)
FN:8,NotificationProvider
FN:11,(anonymous_2)
FN:13,(anonymous_3)
FN:14,(anonymous_4)
FN:21,useNotifications
FNF:6
FNH:2
FNDA:0,(anonymous_0)
FNDA:1,NotificationProvider
FNDA:1,(anonymous_2)
FNDA:0,(anonymous_3)
FNDA:0,(anonymous_4)
FNDA:0,useNotifications
DA:3,1
DA:9,1
DA:11,1
DA:14,0
DA:18,1
DA:22,0
LF:6
LH:4
BRDA:13,0,0,0
BRF:1
BRH:0
end_of_record
TN:
SF:src/modules/shared/hooks/useApi.js
FN:5,useApi
FN:9,(anonymous_1)
FNF:2
FNH:0
FNDA:0,useApi
FNDA:0,(anonymous_1)
DA:6,0
DA:7,0
DA:9,0
DA:10,0
DA:11,0
DA:12,0
DA:14,0
DA:15,0
DA:17,0
DA:18,0
DA:20,0
DA:24,0
LF:12
LH:0
BRDA:5,0,0,0
BRF:1
BRH:0
end_of_record
TN:
SF:src/modules/shared/hooks/useNotification.js
FN:3,useNotification
FN:4,(anonymous_1)
FNF:2
FNH:0
FNDA:0,useNotification
FNDA:0,(anonymous_1)
DA:4,0
DA:5,0
DA:6,0
DA:12,0
LF:4
LH:0
BRDA:4,0,0,0
BRDA:5,1,0,0
BRDA:5,1,1,0
BRF:3
BRH:0
end_of_record
TN:
SF:src/modules/shared/services/apiClient.js
FN:3,createApiClient
FNF:1
FNH:0
FNDA:0,createApiClient
DA:4,0
LF:1
LH:0
BRDA:3,0,0,0
BRF:1
BRH:0
end_of_record
TN:
SF:src/modules/shared/services/errorHandler.js
FNF:0
FNH:0
LF:0
LH:0
BRF:0
BRH:0
end_of_record
TN:
SF:src/modules/shared/utils/formatting.js
FN:1,formatRole
FN:5,formatTimestamp
FNF:2
FNH:0
FNDA:0,formatRole
FNDA:0,formatTimestamp
DA:2,0
DA:6,0
DA:7,0
DA:10,0
LF:4
LH:0
BRDA:2,0,0,0
BRDA:2,0,1,0
BRDA:6,1,0,0
BRDA:6,1,1,0
BRF:4
BRH:0
end_of_record
TN:
SF:src/modules/shared/utils/validation.js
FN:1,requireValue
FN:7,isNonEmptyString
FNF:2
FNH:0
FNDA:0,requireValue
FNDA:0,isNonEmptyString
DA:2,0
DA:3,0
DA:8,0
LF:3
LH:0
BRDA:2,0,0,0
BRDA:2,0,1,0
BRDA:2,1,0,0
BRDA:2,1,1,0
BRDA:2,1,2,0
BRDA:8,2,0,0
BRDA:8,2,1,0
BRF:7
BRH:0
end_of_record
TN:
SF:src/modules/user-management/index.js
FNF:0
FNH:0
DA:9,1
LF:1
LH:1
BRF:0
BRH:0
end_of_record
TN:
SF:src/modules/user-management/components/AdminPanel.jsx
FN:6,AdminPanel
FN:13,(anonymous_1)
FN:33,(anonymous_2)
FNF:3
FNH:2
FNDA:2,AdminPanel
FNDA:1,(anonymous_1)
FNDA:0,(anonymous_2)
DA:7,2
DA:13,2
DA:15,1
DA:16,1
DA:17,0
DA:19,1
DA:25,0
DA:33,2
DA:34,0
DA:35,0
DA:42,2
DA:43,1
DA:57,1
DA:58,0
DA:88,1
DA:92,1
DA:93,0
DA:107,1
LF:18
LH:12
BRDA:15,0,0,1
BRDA:15,0,1,0
BRDA:16,1,0,0
BRDA:16,1,1,1
BRDA:42,2,0,1
BRDA:42,2,1,1
BRDA:57,3,0,0
BRDA:57,3,1,1
BRDA:57,4,0,1
BRDA:57,4,1,0
BRDA:88,5,0,1
BRDA:88,5,1,0
BRDA:89,6,0,1
BRDA:89,6,1,0
BRDA:92,7,0,0
BRDA:92,7,1,1
BRDA:119,8,0,1
BRDA:119,8,1,1
BRF:18
BRH:11
end_of_record
TN:
SF:src/modules/user-management/components/LoginForm.jsx
FN:1,LoginForm
FNF:1
FNH:0
FNDA:0,LoginForm
DA:2,0
LF:1
LH:0
BRF:0
BRH:0
end_of_record
TN:
SF:src/modules/user-management/components/UserProfile.jsx
FN:3,UserProfile
FNF:1
FNH:0
FNDA:0,UserProfile
DA:4,0
DA:6,0
LF:2
LH:0
BRF:0
BRH:0
end_of_record
TN:
SF:src/modules/user-management/hooks/useAuth.js
FN:5,useAuth
FN:6,(anonymous_1)
FNF:2
FNH:0
FNDA:0,useAuth
FNDA:0,(anonymous_1)
DA:6,0
DA:7,0
DA:8,0
DA:14,0
LF:4
LH:0
BRDA:5,0,0,0
BRDA:7,1,0,0
BRDA:7,1,1,0
BRDA:7,1,2,0
BRDA:8,2,0,0
BRDA:8,2,1,0
BRDA:8,2,2,0
BRDA:10,3,0,0
BRDA:10,3,1,0
BRF:9
BRH:0
end_of_record
TN:
SF:src/modules/user-management/hooks/useUserProfile.js
FN:5,useUserProfile
FN:6,(anonymous_1)
FNF:2
FNH:0
FNDA:0,useUserProfile
FNDA:0,(anonymous_1)
DA:6,0
DA:7,0
DA:8,0
DA:14,0
LF:4
LH:0
BRDA:5,0,0,0
BRDA:7,1,0,0
BRDA:7,1,1,0
BRDA:7,1,2,0
BRDA:8,2,0,0
BRDA:8,2,1,0
BRDA:8,2,2,0
BRDA:10,3,0,0
BRDA:10,3,1,0
BRF:9
BRH:0
end_of_record
TN:
SF:src/modules/user-management/services/authApi.js
FN:1,createAuthApi
FN:3,(anonymous_1)
FNF:2
FNH:0
FNDA:0,createAuthApi
FNDA:0,(anonymous_1)
DA:2,0
DA:4,0
DA:5,0
LF:3
LH:0
BRDA:1,0,0,0
BRDA:4,1,0,0
BRDA:4,1,1,0
BRDA:4,1,2,0
BRDA:6,2,0,0
BRDA:6,2,1,0
BRDA:6,2,2,0
BRDA:8,3,0,0
BRDA:8,3,1,0
BRDA:10,4,0,0
BRDA:10,4,1,0
BRDA:10,4,2,0
BRF:12
BRH:0
end_of_record
TN:
SF:src/pages/knowledge-graph/KnowledgeGraphDetailPage.jsx
FN:7,KnowledgeGraphDetailPage
FN:9,(anonymous_1)
FN:16,(anonymous_2)
FN:22,(anonymous_3)
FN:34,(anonymous_4)
FN:42,(anonymous_5)
FN:48,(anonymous_6)
FN:54,(anonymous_7)
FN:59,(anonymous_8)
FN:64,(anonymous_9)
FN:68,(anonymous_10)
FNF:11
FNH:0
FNDA:0,KnowledgeGraphDetailPage
FNDA:0,(anonymous_1)
FNDA:0,(anonymous_2)
FNDA:0,(anonymous_3)
FNDA:0,(anonymous_4)
FNDA:0,(anonymous_5)
FNDA:0,(anonymous_6)
FNDA:0,(anonymous_7)
FNDA:0,(anonymous_8)
FNDA:0,(anonymous_9)
FNDA:0,(anonymous_10)
DA:8,0
DA:9,0
DA:10,0
DA:11,0
DA:12,0
DA:13,0
DA:14,0
DA:16,0
DA:17,0
DA:18,0
DA:19,0
DA:21,0
DA:23,0
DA:24,0
DA:26,0
DA:27,0
DA:28,0
DA:29,0
DA:31,0
DA:35,0
DA:36,0
DA:38,0
DA:39,0
DA:43,0
DA:44,0
DA:46,0
DA:49,0
DA:50,0
DA:54,0
DA:55,0
DA:59,0
DA:60,0
DA:65,0
DA:66,0
DA:68,0
DA:71,0
LF:36
LH:0
BRDA:23,0,0,0
BRDA:23,0,1,0
BRDA:28,1,0,0
BRDA:28,1,1,0
BRDA:35,2,0,0
BRDA:35,2,1,0
BRDA:43,3,0,0
BRDA:43,3,1,0
BRDA:49,4,0,0
BRDA:49,4,1,0
BRF:10
BRH:0
end_of_record
TN:
SF:src/pages/knowledge-graph/KnowledgeGraphListPage.jsx
FN:6,KnowledgeGraphListPage
FN:7,(anonymous_1)
FN:16,(anonymous_2)
FN:25,(anonymous_3)
FN:32,(anonymous_4)
FN:38,(anonymous_5)
FN:44,(anonymous_6)
FN:49,(anonymous_7)
FN:64,(anonymous_8)
FN:64,(anonymous_9)
FN:65,(anonymous_10)
FN:65,(anonymous_11)
FNF:12
FNH:0
FNDA:0,KnowledgeGraphListPage
FNDA:0,(anonymous_1)
FNDA:0,(anonymous_2)
FNDA:0,(anonymous_3)
FNDA:0,(anonymous_4)
FNDA:0,(anonymous_5)
FNDA:0,(anonymous_6)
FNDA:0,(anonymous_7)
FNDA:0,(anonymous_8)
FNDA:0,(anonymous_9)
FNDA:0,(anonymous_10)
FNDA:0,(anonymous_11)
DA:7,0
DA:8,0
DA:9,0
DA:10,0
DA:11,0
DA:12,0
DA:13,0
DA:14,0
DA:16,0
DA:17,0
DA:18,0
DA:19,0
DA:21,0
DA:26,0
DA:27,0
DA:29,0
DA:30,0
DA:33,0
DA:34,0
DA:36,0
DA:39,0
DA:40,0
DA:44,0
DA:45,0
DA:49,0
DA:51,0
DA:64,0
DA:65,0
LF:28
LH:0
BRDA:26,0,0,0
BRDA:26,0,1,0
BRDA:33,1,0,0
BRDA:33,1,1,0
BRDA:39,2,0,0
BRDA:39,2,1,0
BRF:6
BRH:0
end_of_record
TN:
SF:src/pages/knowledge-graph/KnowledgeGraphSearchPage.jsx
FN:11,KnowledgeGraphSearchPage
FN:12,(anonymous_1)
FN:20,(anonymous_2)
FN:26,(anonymous_3)
FN:27,(anonymous_4)
FN:28,(anonymous_5)
FNF:6
FNH:0
FNDA:0,KnowledgeGraphSearchPage
FNDA:0,(anonymous_1)
FNDA:0,(anonymous_2)
FNDA:0,(anonymous_3)
FNDA:0,(anonymous_4)
FNDA:0,(anonymous_5)
DA:12,0
DA:13,0
DA:14,0
DA:15,0
DA:16,0
DA:17,0
DA:18,0
DA:20,0
DA:21,0
DA:22,0
DA:23,0
DA:25,0
DA:26,0
DA:27,0
DA:28,0
DA:31,0
LF:16
LH:0
BRF:0
BRH:0
end_of_record
TN:
SF:src/routes/AppRoutes.js
FN:7,(anonymous_0)
FN:7,(anonymous_1)
FN:8,(anonymous_2)
FN:8,(anonymous_3)
FN:9,(anonymous_4)
FN:9,(anonymous_5)
FN:10,(anonymous_6)
FN:10,(anonymous_7)
FN:11,(anonymous_8)
FN:12,(anonymous_9)
FN:13,(anonymous_10)
FN:15,renderAdminRoute
FN:19,AppRoutes
FNF:13
FNH:5
FNDA:0,(anonymous_0)
FNDA:0,(anonymous_1)
FNDA:0,(anonymous_2)
FNDA:0,(anonymous_3)
FNDA:0,(anonymous_4)
FNDA:0,(anonymous_5)
FNDA:1,(anonymous_6)
FNDA:1,(anonymous_7)
FNDA:1,(anonymous_8)
FNDA:0,(anonymous_9)
FNDA:0,(anonymous_10)
FNDA:9,renderAdminRoute
FNDA:3,AppRoutes
DA:7,2
DA:8,2
DA:9,2
DA:10,2
DA:11,2
DA:12,2
DA:13,2
DA:16,9
DA:20,3
DA:22,3
LF:10
LH:10
BRDA:16,0,0,6
BRDA:16,0,1,3
BRDA:20,1,0,2
BRDA:20,1,1,1
BRF:4
BRH:4
end_of_record
TN:
SF:src/services/ApiClient.js
FN:8,checkBackendHealth
FN:17,(anonymous_1)
FN:20,(anonymous_2)
FN:21,(anonymous_3)
FN:24,(anonymous_4)
FN:35,(anonymous_5)
FN:39,(anonymous_6)
FN:48,(anonymous_7)
FN:52,(anonymous_8)
FN:56,(anonymous_9)
FN:60,(anonymous_10)
FN:64,(anonymous_11)
FN:68,(anonymous_12)
FN:72,(anonymous_13)
FN:76,(anonymous_14)
FN:80,(anonymous_15)
FN:84,(anonymous_16)
FN:88,(anonymous_17)
FN:92,(anonymous_18)
FNF:19
FNH:5
FNDA:1,checkBackendHealth
FNDA:1,(anonymous_1)
FNDA:0,(anonymous_2)
FNDA:0,(anonymous_3)
FNDA:1,(anonymous_4)
FNDA:1,(anonymous_5)
FNDA:0,(anonymous_6)
FNDA:0,(anonymous_7)
FNDA:1,(anonymous_8)
FNDA:0,(anonymous_9)
FNDA:0,(anonymous_10)
FNDA:0,(anonymous_11)
FNDA:0,(anonymous_12)
FNDA:0,(anonymous_13)
FNDA:0,(anonymous_14)
FNDA:0,(anonymous_15)
FNDA:0,(anonymous_16)
FNDA:0,(anonymous_17)
FNDA:0,(anonymous_18)
DA:9,1
DA:10,1
DA:11,0
DA:13,1
DA:18,1
DA:20,0
DA:21,0
DA:24,1
DA:35,1
DA:39,0
DA:43,1
DA:44,1
DA:45,1
DA:49,0
DA:53,1
DA:57,0
DA:61,0
DA:65,0
DA:69,0
DA:73,0
DA:77,0
DA:81,0
DA:85,0
DA:89,0
DA:93,0
LF:25
LH:10
BRDA:9,0,0,1
BRDA:9,0,1,1
BRDA:10,1,0,0
BRDA:10,1,1,1
BRDA:17,2,0,0
BRDA:20,3,0,1
BRDA:20,3,1,0
BRDA:21,4,0,1
BRDA:21,4,1,0
BRDA:21,5,0,0
BRDA:21,5,1,0
BRDA:21,5,2,0
BRDA:23,6,0,1
BRDA:23,6,1,1
BRDA:34,7,0,1
BRDA:34,7,1,1
BRDA:38,8,0,1
BRDA:38,8,1,1
BRF:18
BRH:11
end_of_record
TN:
SF:src/services/ChatApiClient.js
FN:8,(anonymous_0)
FN:12,(anonymous_1)
FN:33,(anonymous_2)
FN:47,(anonymous_3)
FNF:4
FNH:4
FNDA:6,(anonymous_0)
FNDA:3,(anonymous_1)
FNDA:1,(anonymous_2)
FNDA:1,(anonymous_3)
DA:4,6
DA:5,6
DA:9,6
DA:13,3
DA:14,0
DA:19,3
DA:21,3
DA:34,1
DA:35,0
DA:40,1
DA:48,1
DA:49,0
DA:54,1
LF:13
LH:10
BRDA:8,0,0,0
BRDA:12,1,0,0
BRDA:12,2,0,0
BRDA:13,3,0,0
BRDA:13,3,1,3
BRDA:13,4,0,3
BRDA:13,4,1,3
BRDA:19,5,0,3
BRDA:19,5,1,0
BRDA:33,6,0,0
BRDA:34,7,0,0
BRDA:34,7,1,1
BRDA:34,8,0,1
BRDA:34,8,1,1
BRDA:47,9,0,0
BRDA:48,10,0,0
BRDA:48,10,1,1
BRDA:48,11,0,1
BRDA:48,11,1,1
BRF:19
BRH:10
end_of_record
TN:
SF:src/services/DocumentApiClient.js
FN:7,(anonymous_0)
FN:10,ensureUserId
FN:18,validateFile
FN:40,(anonymous_3)
FN:44,(anonymous_4)
FN:60,(anonymous_5)
FN:69,(anonymous_6)
FNF:7
FNH:7
FNDA:15,(anonymous_0)
FNDA:5,ensureUserId
FNDA:2,validateFile
FNDA:3,(anonymous_3)
FNDA:2,(anonymous_4)
FNDA:2,(anonymous_5)
FNDA:1,(anonymous_6)
DA:4,5
DA:5,5
DA:7,15
DA:11,5
DA:12,0
DA:19,2
DA:20,0
DA:25,2
DA:26,2
DA:27,0
DA:32,2
DA:33,0
DA:41,3
DA:45,2
DA:46,2
DA:48,2
DA:49,2
DA:50,2
DA:52,2
DA:61,2
DA:63,2
DA:70,1
DA:72,1
LF:23
LH:19
BRDA:4,0,0,5
BRDA:4,0,1,5
BRDA:5,1,0,5
BRDA:5,1,1,5
BRDA:10,2,0,0
BRDA:11,3,0,0
BRDA:11,3,1,5
BRDA:19,4,0,0
BRDA:19,4,1,2
BRDA:26,5,0,0
BRDA:26,5,1,2
BRDA:26,6,0,2
BRDA:26,6,1,2
BRDA:32,7,0,0
BRDA:32,7,1,2
BRDA:40,8,0,0
BRDA:44,9,0,0
BRDA:60,10,0,0
BRDA:60,11,0,0
BRDA:63,12,0,1
BRDA:63,12,1,1
BRDA:69,13,0,0
BRF:22
BRH:12
end_of_record
TN:
SF:src/services/ErrorHandler.js
FN:17,(anonymous_0)
FN:27,toApiError
FN:58,mapHttpError
FNF:3
FNH:3
FNDA:6,(anonymous_0)
FNDA:4,toApiError
FNDA:3,mapHttpError
DA:1,9
DA:3,9
DA:18,6
DA:19,6
DA:20,6
DA:21,6
DA:22,6
DA:23,6
DA:28,4
DA:29,2
DA:32,2
DA:33,1
DA:39,1
DA:40,1
DA:46,0
DA:47,0
DA:53,0
DA:59,3
DA:61,3
DA:68,9
LF:20
LH:17
BRDA:17,0,0,0
BRDA:20,1,0,6
BRDA:20,1,1,2
BRDA:21,2,0,6
BRDA:21,2,1,2
BRDA:22,3,0,6
BRDA:22,3,1,2
BRDA:23,4,0,6
BRDA:23,4,1,3
BRDA:28,5,0,2
BRDA:28,5,1,2
BRDA:32,6,0,1
BRDA:32,6,1,1
BRDA:39,7,0,1
BRDA:39,7,1,0
BRDA:46,8,0,0
BRDA:46,8,1,0
BRDA:53,9,0,0
BRDA:53,9,1,0
BRDA:59,10,0,3
BRDA:59,10,1,3
BRDA:59,10,2,2
BRDA:59,10,3,0
BRDA:63,11,0,3
BRDA:63,11,1,2
BRDA:63,11,2,2
BRF:26
BRH:19
end_of_record
TN:
SF:src/services/KnowledgeGraphApiClient.js
FN:4,ensureUserId
FN:12,unwrapApiResponse
FN:23,normalizeKnowledgeGraphError
FN:36,buildQueryString
FN:39,(anonymous_4)
FN:45,(anonymous_5)
FN:57,(anonymous_6)
FN:61,(anonymous_7)
FN:76,(anonymous_8)
FN:94,(anonymous_9)
FN:112,(anonymous_10)
FN:130,(anonymous_11)
FN:155,(anonymous_12)
FNF:13
FNH:10
FNDA:3,ensureUserId
FNDA:2,unwrapApiResponse
FNDA:1,normalizeKnowledgeGraphError
FNDA:3,buildQueryString
FNDA:9,(anonymous_4)
FNDA:2,(anonymous_5)
FNDA:3,(anonymous_6)
FNDA:1,(anonymous_7)
FNDA:0,(anonymous_8)
FNDA:0,(anonymous_9)
FNDA:0,(anonymous_10)
FNDA:1,(anonymous_11)
FNDA:1,(anonymous_12)
DA:5,3
DA:6,0
DA:13,2
DA:14,0
DA:20,2
DA:24,1
DA:25,1
DA:33,0
DA:37,3
DA:39,3
DA:40,9
DA:41,2
DA:44,7
DA:45,2
DA:46,2
DA:49,5
DA:52,3
DA:53,3
DA:58,3
DA:62,1
DA:64,1
DA:65,1
DA:70,1
DA:72,0
DA:77,0
DA:78,0
DA:79,0
DA:82,0
DA:83,0
DA:88,0
DA:90,0
DA:95,0
DA:96,0
DA:97,0
DA:100,0
DA:101,0
DA:106,0
DA:108,0
DA:113,0
DA:114,0
DA:115,0
DA:118,0
DA:119,0
DA:124,0
DA:126,0
DA:131,1
DA:132,1
DA:133,0
DA:136,1
DA:137,1
DA:149,1
DA:151,0
DA:156,1
DA:158,1
DA:159,1
DA:164,0
DA:166,1
LF:57
LH:29
BRDA:4,0,0,0
BRDA:5,1,0,0
BRDA:5,1,1,3
BRDA:13,2,0,0
BRDA:13,2,1,2
BRDA:14,3,0,0
BRDA:14,3,1,0
BRDA:15,4,0,0
BRDA:15,4,1,0
BRDA:16,5,0,0
BRDA:16,5,1,0
BRDA:20,6,0,2
BRDA:20,6,1,0
BRDA:24,7,0,1
BRDA:24,7,1,0
BRDA:24,8,0,1
BRDA:24,8,1,1
BRDA:24,8,2,1
BRDA:25,9,0,1
BRDA:25,9,1,0
BRDA:27,10,0,1
BRDA:27,10,1,0
BRDA:36,11,0,0
BRDA:40,12,0,2
BRDA:40,12,1,7
BRDA:40,13,0,9
BRDA:40,13,1,7
BRDA:40,13,2,7
BRDA:44,14,0,2
BRDA:44,14,1,5
BRDA:53,15,0,2
BRDA:53,15,1,1
BRDA:57,16,0,0
BRDA:61,17,0,0
BRDA:61,18,0,0
BRDA:61,19,0,0
BRDA:76,20,0,0
BRDA:76,21,0,0
BRDA:76,22,0,0
BRDA:78,23,0,0
BRDA:78,23,1,0
BRDA:94,24,0,0
BRDA:96,25,0,0
BRDA:96,25,1,0
BRDA:96,26,0,0
BRDA:96,26,1,0
BRDA:112,27,0,0
BRDA:112,28,0,0
BRDA:114,29,0,0
BRDA:114,29,1,0
BRDA:114,30,0,0
BRDA:114,30,1,0
BRDA:130,31,0,0
BRDA:130,32,0,0
BRDA:130,33,0,0
BRDA:130,34,0,1
BRDA:130,35,0,1
BRDA:132,36,0,0
BRDA:132,36,1,1
BRDA:155,37,0,0
BRF:60
BRH:21
end_of_record
TN:
SF:src/types/knowledge-graph.js
FNF:0
FNH:0
DA:1,0
DA:13,0
DA:25,0
LF:3
LH:0
BRF:0
BRH:0
end_of_record
TN:
SF:src/utils/HttpClient.js
FN:5,mergeHeaders
FN:6,(anonymous_1)
FN:11,(anonymous_2)
FN:21,parseBody
FN:30,(anonymous_4)
FN:44,(anonymous_5)
FN:47,(anonymous_6)
FN:48,(anonymous_7)
FN:54,(anonymous_8)
FN:57,(anonymous_9)
FN:92,(anonymous_10)
FN:94,(anonymous_11)
FN:99,(anonymous_12)
FN:108,(anonymous_13)
FN:119,(anonymous_14)
FN:132,(anonymous_15)
FN:136,(anonymous_16)
FN:144,(anonymous_17)
FN:149,(anonymous_18)
FN:160,(anonymous_19)
FN:168,(anonymous_20)
FN:176,(anonymous_21)
FN:177,(anonymous_22)
FNF:23
FNH:20
FNDA:24,mergeHeaders
FNDA:60,(anonymous_1)
FNDA:46,(anonymous_2)
FNDA:10,parseBody
FNDA:10,(anonymous_4)
FNDA:9,(anonymous_5)
FNDA:11,(anonymous_6)
FNDA:2,(anonymous_7)
FNDA:10,(anonymous_8)
FNDA:0,(anonymous_9)
FNDA:2,(anonymous_10)
FNDA:2,(anonymous_11)
FNDA:2,(anonymous_12)
FNDA:1,(anonymous_13)
FNDA:1,(anonymous_14)
FNDA:0,(anonymous_15)
FNDA:1,(anonymous_16)
FNDA:1,(anonymous_17)
FNDA:12,(anonymous_18)
FNDA:10,(anonymous_19)
FNDA:9,(anonymous_20)
FNDA:3,(anonymous_21)
FNDA:0,(anonymous_22)
DA:3,8
DA:6,24
DA:7,60
DA:8,25
DA:11,35
DA:12,46
DA:13,46
DA:17,35
DA:22,10
DA:23,0
DA:26,10
DA:27,0
DA:30,10
DA:31,10
DA:32,0
DA:35,10
DA:36,10
DA:38,0
DA:45,9
DA:46,9
DA:47,11
DA:48,9
DA:49,9
DA:50,9
DA:51,9
DA:55,10
DA:56,10
DA:57,10
DA:59,10
DA:60,10
DA:71,10
DA:72,10
DA:74,10
DA:75,2
DA:78,8
DA:80,2
DA:86,2
DA:88,10
DA:93,2
DA:94,2
DA:95,2
DA:98,2
DA:99,2
DA:101,2
DA:102,2
DA:104,0
DA:107,2
DA:108,2
DA:109,1
DA:110,1
DA:119,2
DA:120,1
DA:121,1
DA:122,1
DA:123,0
DA:126,1
DA:128,0
DA:132,2
DA:133,0
DA:136,2
DA:137,1
DA:140,2
DA:143,2
DA:144,1
DA:150,12
DA:151,12
DA:153,12
DA:161,10
DA:162,10
DA:163,1
DA:165,10
DA:169,9
DA:170,9
DA:171,1
DA:173,9
DA:177,3
LF:76
LH:68
BRDA:7,0,0,25
BRDA:7,0,1,35
BRDA:12,1,0,46
BRDA:12,1,1,0
BRDA:12,2,0,46
BRDA:12,2,1,46
BRDA:12,2,2,46
BRDA:21,3,0,0
BRDA:22,4,0,0
BRDA:22,4,1,10
BRDA:26,5,0,0
BRDA:26,5,1,10
BRDA:31,6,0,0
BRDA:31,6,1,10
BRDA:44,7,0,0
BRDA:45,8,0,9
BRDA:45,8,1,0
BRDA:45,8,2,0
BRDA:46,9,0,9
BRDA:46,9,1,9
BRDA:47,10,0,9
BRDA:47,10,1,8
BRDA:48,11,0,9
BRDA:48,11,1,8
BRDA:49,12,0,9
BRDA:49,12,1,8
BRDA:50,13,0,9
BRDA:50,13,1,8
BRDA:51,14,0,9
BRDA:51,14,1,8
BRDA:54,15,0,0
BRDA:55,16,0,10
BRDA:55,16,1,8
BRDA:61,17,0,10
BRDA:61,17,1,6
BRDA:67,18,0,10
BRDA:67,18,1,10
BRDA:68,19,0,10
BRDA:68,19,1,10
BRDA:74,20,0,2
BRDA:74,20,1,8
BRDA:80,21,0,0
BRDA:80,21,1,2
BRDA:82,22,0,0
BRDA:82,22,1,2
BRDA:82,23,0,2
BRDA:82,23,1,0
BRDA:92,24,0,0
BRDA:95,25,0,2
BRDA:95,25,1,2
BRDA:101,26,0,2
BRDA:101,26,1,0
BRDA:101,27,0,2
BRDA:101,27,1,2
BRDA:107,28,0,2
BRDA:107,28,1,0
BRDA:109,29,0,1
BRDA:109,29,1,0
BRDA:121,30,0,1
BRDA:121,30,1,0
BRDA:122,31,0,0
BRDA:122,31,1,1
BRDA:122,32,0,1
BRDA:122,32,1,1
BRDA:149,33,0,0
BRDA:150,34,0,12
BRDA:150,34,1,12
BRDA:151,35,0,12
BRDA:151,35,1,2
BRDA:154,36,0,0
BRDA:154,36,1,12
BRDA:155,37,0,1
BRDA:155,37,1,11
BRDA:156,38,0,10
BRDA:156,38,1,2
BRF:75
BRH:55
end_of_record
TN:
SF:src/utils/documentCache.js
FN:3,getCachedDocument
FN:7,setCachedDocument
FN:11,clearDocumentCache
FNF:3
FNH:3
FNDA:5,getCachedDocument
FNDA:4,setCachedDocument
FNDA:12,clearDocumentCache
DA:1,3
DA:4,5
DA:8,4
DA:12,12
DA:15,3
LF:5
LH:5
BRDA:4,0,0,5
BRDA:4,0,1,5
BRF:2
BRH:2
end_of_record
TN:
SF:src/utils/errorLogger.js
FN:1,buildPayload
FN:14,sendToMonitoring
FN:32,logError
FN:48,logWarning
FNF:4
FNH:3
FNDA:6,buildPayload
FNDA:0,sendToMonitoring
FNDA:2,logError
FNDA:4,logWarning
DA:2,6
DA:15,0
DA:16,0
DA:19,0
DA:20,0
DA:28,0
DA:33,2
DA:35,2
DA:36,0
DA:37,0
DA:40,2
DA:41,2
DA:44,0
DA:45,0
DA:49,4
DA:51,4
DA:52,0
DA:55,4
DA:58,3
LF:19
LH:9
BRDA:1,0,0,0
BRDA:4,1,0,6
BRDA:4,1,1,3
BRDA:5,2,0,6
BRDA:5,2,1,0
BRDA:6,3,0,6
BRDA:6,3,1,0
BRDA:7,4,0,6
BRDA:7,4,1,6
BRDA:9,5,0,0
BRDA:9,5,1,6
BRDA:10,6,0,0
BRDA:10,6,1,6
BRDA:15,7,0,0
BRDA:15,7,1,0
BRDA:32,8,0,0
BRDA:35,9,0,0
BRDA:35,9,1,2
BRDA:40,10,0,2
BRDA:40,10,1,0
BRDA:48,11,0,0
BRDA:51,12,0,0
BRDA:51,12,1,4
BRF:23
BRH:11
end_of_record
TN:
SF:src/utils/errorTypes.js
FN:9,getSourceErrorType
FN:29,getSourceErrorMessage
FNF:2
FNH:2
FNDA:5,getSourceErrorType
FNDA:2,getSourceErrorMessage
DA:1,3
DA:10,5
DA:11,5
DA:14,0
DA:15,0
DA:18,0
DA:19,0
DA:22,0
DA:23,0
DA:26,0
DA:30,2
DA:32,2
DA:34,0
DA:36,0
DA:38,0
DA:40,0
LF:16
LH:5
BRDA:10,0,0,5
BRDA:10,0,1,0
BRDA:14,1,0,0
BRDA:14,1,1,0
BRDA:14,2,0,0
BRDA:14,2,1,0
BRDA:18,3,0,0
BRDA:18,3,1,0
BRDA:18,4,0,0
BRDA:18,4,1,0
BRDA:22,5,0,0
BRDA:22,5,1,0
BRDA:30,6,0,2
BRDA:30,6,1,0
BRDA:30,6,2,0
BRDA:30,6,3,0
BRDA:30,6,4,0
BRDA:40,7,0,0
BRDA:40,7,1,0
BRF:19
BRH:2
end_of_record
TN:
SF:src/utils/textHighlight.js
FN:1,escapeHtml
FN:10,highlightTextSnippet
FN:20,findTextOccurrences
FN:42,highlightSearchResult
FN:47,(anonymous_4)
FNF:5
FNH:4
FNDA:19,escapeHtml
FNDA:0,highlightTextSnippet
FNDA:19,findTextOccurrences
FNDA:10,highlightSearchResult
FNDA:4,(anonymous_4)
DA:2,19
DA:11,0
DA:12,0
DA:13,0
DA:16,0
DA:17,0
DA:21,19
DA:22,19
DA:23,16
DA:26,3
DA:27,3
DA:28,3
DA:30,3
DA:31,6
DA:36,6
DA:39,3
DA:43,10
DA:44,10
DA:46,10
DA:48,4
DA:49,4
DA:50,4
DA:51,4
DA:52,4
DA:56,10
DA:57,9
DA:58,9
DA:61,10
DA:64,3
LF:29
LH:24
BRDA:1,0,0,0
BRDA:10,1,0,0
BRDA:12,2,0,0
BRDA:12,2,1,0
BRDA:20,3,0,0
BRDA:20,4,0,0
BRDA:22,5,0,16
BRDA:22,5,1,3
BRDA:42,6,0,0
BRDA:42,7,0,0
BRDA:42,8,0,0
BRDA:46,9,0,2
BRDA:46,9,1,8
BRDA:51,10,0,2
BRDA:51,10,1,2
BRDA:56,11,0,9
BRDA:56,11,1,1
BRF:17
BRH:8
end_of_record
