TN:
SF:src/App.js
FN:11,App
FN:18,(anonymous_1)
FN:20,(anonymous_2)
FN:21,(anonymous_3)
FNF:4
FNH:3
FNDA:2,App
FNDA:1,(anonymous_1)
FNDA:1,(anonymous_2)
FNDA:0,(anonymous_3)
DA:12,2
DA:13,2
DA:14,2
DA:15,2
DA:16,2
DA:18,2
DA:19,1
DA:20,1
DA:22,0
DA:23,0
DA:27,2
DA:28,1
DA:31,1
LF:13
LH:11
BRDA:14,0,0,2
BRDA:14,0,1,2
BRDA:15,1,0,2
BRDA:15,1,1,2
BRDA:16,2,0,2
BRDA:16,2,1,2
BRDA:27,3,0,1
BRDA:27,3,1,1
BRDA:36,4,0,0
BRDA:36,4,1,1
BRDA:36,5,0,1
BRDA:36,5,1,0
BRF:12
BRH:10
end_of_record
TN:
SF:src/index.js
FNF:0
FNH:0
DA:6,0
DA:8,0
LF:2
LH:0
BRF:0
BRH:0
end_of_record
TN:
SF:src/components/AdminProgress/AdminProgress.jsx
FN:8,AdminProgress
FN:14,(anonymous_1)
FN:16,(anonymous_2)
FN:24,loadProgress
FN:57,(anonymous_4)
FN:89,(anonymous_5)
FN:89,(anonymous_6)
FNF:7
FNH:7
FNDA:10,AdminProgress
FNDA:4,(anonymous_1)
FNDA:5,(anonymous_2)
FNDA:4,loadProgress
FNDA:4,(anonymous_4)
FNDA:1,(anonymous_5)
FNDA:1,(anonymous_6)
DA:9,10
DA:10,10
DA:11,10
DA:12,10
DA:14,10
DA:16,10
DA:17,5
DA:18,1
DA:19,1
DA:22,4
DA:25,4
DA:26,4
DA:28,4
DA:29,4
DA:35,4
DA:37,4
DA:38,0
DA:41,4
DA:42,4
DA:45,0
DA:46,0
DA:49,4
DA:50,4
DA:55,4
DA:57,4
DA:58,4
DA:62,10
DA:63,1
DA:76,9
DA:89,1
LF:30
LH:27
BRDA:8,0,0,2
BRDA:17,1,0,1
BRDA:17,1,1,4
BRDA:37,2,0,0
BRDA:37,2,1,4
BRDA:38,3,0,0
BRDA:38,3,1,0
BRDA:41,4,0,4
BRDA:41,4,1,0
BRDA:45,5,0,0
BRDA:45,5,1,0
BRDA:46,6,0,0
BRDA:46,6,1,0
BRDA:49,7,0,4
BRDA:49,7,1,0
BRDA:62,8,0,1
BRDA:62,8,1,9
BRDA:95,9,0,4
BRDA:95,9,1,5
BRDA:96,10,0,0
BRDA:96,10,1,9
BRDA:96,11,0,9
BRDA:96,11,1,5
BRDA:98,12,0,5
BRDA:98,12,1,4
BRDA:98,13,0,9
BRDA:98,13,1,5
BRDA:98,13,2,5
BRF:28
BRH:18
end_of_record
TN:
SF:src/components/AdminProgress/FailedDocumentsList.jsx
FN:1,formatBytes
FN:12,formatDate
FN:19,FailedDocumentsList
FN:41,(anonymous_3)
FNF:4
FNH:4
FNDA:4,formatBytes
FNDA:4,formatDate
FNDA:5,FailedDocumentsList
FNDA:4,(anonymous_3)
DA:2,4
DA:3,0
DA:6,4
DA:7,4
DA:8,4
DA:9,4
DA:13,4
DA:20,5
DA:42,4
LF:9
LH:8
BRDA:2,0,0,0
BRDA:2,0,1,4
BRDA:9,1,0,0
BRDA:9,1,1,4
BRDA:26,2,0,1
BRDA:26,2,1,4
BRF:6
BRH:4
end_of_record
TN:
SF:src/components/AdminProgress/ProcessingDocumentsList.jsx
FN:3,formatDate
FN:10,formatDuration
FN:27,ProcessingDocumentsList
FN:30,(anonymous_3)
FN:31,(anonymous_4)
FN:32,(anonymous_5)
FN:56,(anonymous_6)
FNF:7
FNH:6
FNDA:8,formatDate
FNDA:4,formatDuration
FNDA:5,ProcessingDocumentsList
FNDA:4,(anonymous_3)
FNDA:0,(anonymous_4)
FNDA:4,(anonymous_5)
FNDA:4,(anonymous_6)
DA:4,8
DA:11,4
DA:12,4
DA:13,4
DA:14,4
DA:16,4
DA:17,0
DA:20,4
DA:21,4
DA:24,0
DA:28,5
DA:30,5
DA:31,4
DA:32,4
DA:35,5
DA:57,4
LF:16
LH:14
BRDA:16,0,0,0
BRDA:16,0,1,4
BRDA:20,1,0,4
BRDA:20,1,1,0
BRDA:41,2,0,1
BRDA:41,2,1,4
BRF:6
BRH:4
end_of_record
TN:
SF:src/components/AdminProgress/ProcessingStatistics.jsx
FN:8,percentage
FN:16,ProcessingStatistics
FN:26,(anonymous_2)
FNF:3
FNH:3
FNDA:20,percentage
FNDA:5,ProcessingStatistics
FNDA:20,(anonymous_2)
DA:1,2
DA:9,20
DA:10,0
DA:13,20
DA:17,5
DA:19,5
DA:27,20
DA:28,20
DA:30,20
LF:9
LH:8
BRDA:9,0,0,0
BRDA:9,0,1,20
BRDA:17,1,0,5
BRDA:17,1,1,0
BRDA:27,2,0,20
BRDA:27,2,1,0
BRF:6
BRH:3
end_of_record
TN:
SF:src/components/ChatWorkspace/ChatMessage.jsx
FN:3,ChatMessage
FN:14,(anonymous_1)
FNF:2
FNH:2
FNDA:24,ChatMessage
FNDA:1,(anonymous_1)
DA:4,24
DA:15,1
LF:2
LH:2
BRDA:7,0,0,6
BRDA:7,0,1,18
BRDA:11,1,0,3
BRDA:11,1,1,21
BRDA:12,2,0,1
BRDA:12,2,1,23
BRDA:12,3,0,24
BRDA:12,3,1,18
BRF:8
BRH:8
end_of_record
TN:
SF:src/components/ChatWorkspace/ChatWorkspace.jsx
FN:11,currentTimeLabel
FN:18,ChatWorkspace
FN:23,(anonymous_2)
FN:25,(anonymous_3)
FN:29,(anonymous_4)
FN:38,(anonymous_5)
FN:40,(anonymous_6)
FN:53,(anonymous_7)
FN:61,(anonymous_8)
FN:62,(anonymous_9)
FN:80,(anonymous_10)
FN:80,(anonymous_11)
FN:99,(anonymous_12)
FNF:13
FNH:12
FNDA:9,currentTimeLabel
FNDA:13,ChatWorkspace
FNDA:4,(anonymous_2)
FNDA:0,(anonymous_3)
FNDA:4,(anonymous_4)
FNDA:10,(anonymous_5)
FNDA:3,(anonymous_6)
FNDA:3,(anonymous_7)
FNDA:2,(anonymous_8)
FNDA:4,(anonymous_9)
FNDA:1,(anonymous_10)
FNDA:2,(anonymous_11)
FNDA:24,(anonymous_12)
DA:8,1
DA:9,1
DA:12,9
DA:19,13
DA:20,13
DA:21,13
DA:22,13
DA:23,13
DA:25,0
DA:28,13
DA:29,4
DA:38,13
DA:40,13
DA:41,3
DA:43,3
DA:44,0
DA:47,3
DA:48,3
DA:50,3
DA:51,3
DA:52,3
DA:53,3
DA:59,3
DA:60,3
DA:61,2
DA:62,4
DA:64,2
DA:65,0
DA:66,0
DA:69,2
DA:80,2
DA:81,1
DA:83,3
DA:87,13
DA:100,24
LF:35
LH:31
BRDA:8,0,0,1
BRDA:8,0,1,1
BRDA:18,1,0,13
BRDA:18,2,0,13
BRDA:18,2,1,13
BRDA:18,3,0,13
BRDA:43,4,0,0
BRDA:43,4,1,3
BRDA:43,5,0,3
BRDA:43,5,1,3
BRDA:64,6,0,0
BRDA:64,6,1,2
BRDA:65,7,0,0
BRDA:65,7,1,0
BRDA:75,8,0,2
BRDA:75,8,1,0
BRDA:102,9,0,1
BRDA:102,9,1,12
BRF:18
BRH:13
end_of_record
TN:
SF:src/components/ChatWorkspace/DocumentReference.jsx
FN:1,DocumentReference
FNF:1
FNH:1
FNDA:1,DocumentReference
DA:2,1
DA:4,1
LF:2
LH:2
BRDA:5,0,0,1
BRDA:5,0,1,0
BRF:2
BRH:1
end_of_record
TN:
SF:src/components/ChatWorkspace/QuestionInput.jsx
FN:5,QuestionInput
FN:6,(anonymous_1)
FN:8,(anonymous_2)
FN:23,(anonymous_3)
FNF:4
FNH:4
FNDA:13,QuestionInput
FNDA:10,(anonymous_1)
FNDA:3,(anonymous_2)
FNDA:3,(anonymous_3)
DA:3,1
DA:6,13
DA:8,13
DA:9,3
DA:10,3
DA:13,13
DA:23,3
LF:7
LH:7
BRDA:28,0,0,13
BRDA:28,0,1,10
BRDA:29,1,0,3
BRDA:29,1,1,10
BRF:4
BRH:4
end_of_record
TN:
SF:src/components/DevTools/DevPanel.jsx
FN:6,DevPanel
FN:11,(anonymous_1)
FN:17,(anonymous_2)
FN:28,(anonymous_3)
FN:28,(anonymous_4)
FN:40,(anonymous_5)
FN:41,(anonymous_6)
FN:42,(anonymous_7)
FNF:8
FNH:2
FNDA:3,DevPanel
FNDA:1,(anonymous_1)
FNDA:0,(anonymous_2)
FNDA:0,(anonymous_3)
FNDA:0,(anonymous_4)
FNDA:0,(anonymous_5)
FNDA:0,(anonymous_6)
FNDA:0,(anonymous_7)
DA:7,3
DA:8,3
DA:9,3
DA:11,3
DA:12,1
DA:13,0
DA:16,1
DA:17,1
DA:18,0
DA:22,3
DA:23,0
DA:26,3
DA:28,0
DA:40,0
DA:41,0
DA:42,0
LF:16
LH:9
BRDA:12,0,0,0
BRDA:12,0,1,1
BRDA:22,1,0,0
BRDA:22,1,1,3
BRDA:29,2,0,0
BRDA:29,2,1,3
BRDA:31,3,0,0
BRDA:31,3,1,3
BRDA:38,4,0,0
BRDA:38,4,1,0
BRF:10
BRH:4
end_of_record
TN:
SF:src/components/DocumentLibrary/DocumentLibrary.jsx
FN:9,normalizeDocuments
FN:12,(anonymous_1)
FN:15,mapFileType
FN:26,DocumentLibrary
FN:36,(anonymous_4)
FN:38,(anonymous_5)
FN:41,(anonymous_6)
FN:44,loadDocuments
FN:65,(anonymous_8)
FN:73,(anonymous_9)
FN:75,(anonymous_10)
FN:76,(anonymous_11)
FN:79,(anonymous_12)
FN:88,(anonymous_13)
FN:101,(anonymous_14)
FN:117,(anonymous_15)
FNF:16
FNH:0
FNDA:0,normalizeDocuments
FNDA:0,(anonymous_1)
FNDA:0,mapFileType
FNDA:0,DocumentLibrary
FNDA:0,(anonymous_4)
FNDA:0,(anonymous_5)
FNDA:0,(anonymous_6)
FNDA:0,loadDocuments
FNDA:0,(anonymous_8)
FNDA:0,(anonymous_9)
FNDA:0,(anonymous_10)
FNDA:0,(anonymous_11)
FNDA:0,(anonymous_12)
FNDA:0,(anonymous_13)
FNDA:0,(anonymous_14)
FNDA:0,(anonymous_15)
DA:7,0
DA:10,0
DA:12,0
DA:16,0
DA:17,0
DA:18,0
DA:20,0
DA:21,0
DA:23,0
DA:27,0
DA:28,0
DA:29,0
DA:30,0
DA:31,0
DA:32,0
DA:33,0
DA:34,0
DA:36,0
DA:38,0
DA:41,0
DA:42,0
DA:45,0
DA:46,0
DA:47,0
DA:48,0
DA:49,0
DA:50,0
DA:53,0
DA:54,0
DA:57,0
DA:58,0
DA:63,0
DA:65,0
DA:66,0
DA:67,0
DA:68,0
DA:73,0
DA:75,0
DA:76,0
DA:79,0
DA:80,0
DA:81,0
DA:82,0
DA:83,0
DA:84,0
DA:85,0
DA:88,0
DA:89,0
DA:90,0
DA:91,0
DA:92,0
DA:95,0
DA:96,0
DA:97,0
DA:98,0
DA:100,0
DA:101,0
DA:102,0
DA:104,0
DA:106,0
DA:108,0
DA:117,0
DA:118,0
DA:119,0
DA:121,0
DA:122,0
DA:124,0
DA:125,0
DA:129,0
LF:69
LH:0
BRDA:7,0,0,0
BRDA:7,0,1,0
BRDA:10,1,0,0
BRDA:10,1,1,0
BRDA:10,2,0,0
BRDA:10,2,1,0
BRDA:17,3,0,0
BRDA:17,3,1,0
BRDA:20,4,0,0
BRDA:20,4,1,0
BRDA:26,5,0,0
BRDA:26,6,0,0
BRDA:26,6,1,0
BRDA:26,7,0,0
BRDA:49,8,0,0
BRDA:49,8,1,0
BRDA:53,9,0,0
BRDA:53,9,1,0
BRDA:57,10,0,0
BRDA:57,10,1,0
BRDA:67,11,0,0
BRDA:67,11,1,0
BRDA:80,12,0,0
BRDA:80,12,1,0
BRDA:82,13,0,0
BRDA:82,13,1,0
BRDA:83,14,0,0
BRDA:83,14,1,0
BRDA:90,15,0,0
BRDA:90,15,1,0
BRF:30
BRH:0
end_of_record
TN:
SF:src/components/DocumentLibrary/DocumentList.jsx
FN:3,formatFileSize
FN:13,formatFileType
FN:17,formatUploadDate
FN:26,DocumentList
FN:49,(anonymous_4)
FNF:5
FNH:0
FNDA:0,formatFileSize
FNDA:0,formatFileType
FNDA:0,formatUploadDate
FNDA:0,DocumentList
FNDA:0,(anonymous_4)
DA:4,0
DA:5,0
DA:7,0
DA:8,0
DA:10,0
DA:14,0
DA:18,0
DA:27,0
DA:28,0
DA:31,0
DA:32,0
DA:35,0
DA:50,0
LF:13
LH:0
BRDA:4,0,0,0
BRDA:4,0,1,0
BRDA:7,1,0,0
BRDA:7,1,1,0
BRDA:27,2,0,0
BRDA:27,2,1,0
BRDA:31,3,0,0
BRDA:31,3,1,0
BRF:8
BRH:0
end_of_record
TN:
SF:src/components/DocumentLibrary/FileUpload.jsx
FN:4,validateFile
FN:10,(anonymous_1)
FN:23,FileUpload
FN:32,(anonymous_3)
FN:37,(anonymous_4)
FN:54,(anonymous_5)
FNF:6
FNH:0
FNDA:0,validateFile
FNDA:0,(anonymous_1)
FNDA:0,FileUpload
FNDA:0,(anonymous_3)
FNDA:0,(anonymous_4)
FNDA:0,(anonymous_5)
DA:1,0
DA:2,0
DA:5,0
DA:6,0
DA:9,0
DA:10,0
DA:12,0
DA:13,0
DA:16,0
DA:17,0
DA:20,0
DA:32,0
DA:33,0
DA:34,0
DA:37,0
DA:38,0
DA:41,0
DA:54,0
LF:18
LH:0
BRDA:5,0,0,0
BRDA:5,0,1,0
BRDA:12,1,0,0
BRDA:12,1,1,0
BRDA:16,2,0,0
BRDA:16,2,1,0
BRDA:61,3,0,0
BRDA:61,3,1,0
BRDA:62,4,0,0
BRDA:62,4,1,0
BRDA:63,5,0,0
BRDA:63,5,1,0
BRDA:64,6,0,0
BRDA:64,6,1,0
BRDA:70,7,0,0
BRDA:70,7,1,0
BRDA:70,7,2,0
BRDA:71,8,0,0
BRDA:71,8,1,0
BRF:19
BRH:0
end_of_record
TN:
SF:src/components/DocumentLibrary/StatusBadge.jsx
FN:8,StatusBadge
FNF:1
FNH:0
FNDA:0,StatusBadge
DA:1,0
DA:9,0
DA:11,0
LF:3
LH:0
BRDA:9,0,0,0
BRDA:9,0,1,0
BRF:2
BRH:0
end_of_record
TN:
SF:src/config/keycloak.js
FN:7,(anonymous_0)
FN:21,(anonymous_1)
FN:26,(anonymous_2)
FN:37,initKeycloak
FN:53,getAuthHeader
FN:57,getUserInfo
FNF:6
FNH:4
FNDA:1,(anonymous_0)
FNDA:0,(anonymous_1)
FNDA:0,(anonymous_2)
FNDA:1,initKeycloak
FNDA:1,getAuthHeader
FNDA:1,getUserInfo
DA:1,3
DA:8,1
DA:9,1
DA:10,1
DA:22,0
DA:23,0
DA:24,0
DA:27,0
DA:31,3
DA:38,1
DA:39,1
DA:46,1
DA:47,1
DA:50,1
DA:54,1
DA:58,1
DA:59,0
DA:62,1
LF:18
LH:13
BRDA:11,0,0,1
BRDA:11,0,1,1
BRDA:12,1,0,1
BRDA:12,1,1,1
BRDA:13,2,0,1
BRDA:13,2,1,1
BRDA:17,3,0,1
BRDA:17,3,1,1
BRDA:32,4,0,3
BRDA:32,4,1,3
BRDA:33,5,0,3
BRDA:33,5,1,3
BRDA:34,6,0,3
BRDA:34,6,1,3
BRDA:46,7,0,1
BRDA:46,7,1,0
BRDA:46,8,0,1
BRDA:46,8,1,0
BRDA:54,9,0,0
BRDA:54,9,1,1
BRDA:58,10,0,0
BRDA:58,10,1,1
BRDA:68,11,0,1
BRDA:68,11,1,0
BRDA:69,12,0,1
BRDA:69,12,1,0
BRF:26
BRH:20
end_of_record
TN:
SF:src/modules/chat-system/index.js
FNF:0
FNH:0
DA:9,0
LF:1
LH:0
BRF:0
BRH:0
end_of_record
TN:
SF:src/modules/chat-system/components/ChatWorkspace.jsx
FNF:0
FNH:0
LF:0
LH:0
BRF:0
BRH:0
end_of_record
TN:
SF:src/modules/chat-system/components/MessageList.jsx
FN:3,MessageList
FN:4,(anonymous_1)
FNF:2
FNH:0
FNDA:0,MessageList
FNDA:0,(anonymous_1)
DA:4,0
DA:5,0
LF:2
LH:0
BRDA:5,0,0,0
BRDA:5,0,1,0
BRF:2
BRH:0
end_of_record
TN:
SF:src/modules/chat-system/components/QueryInput.jsx
FNF:0
FNH:0
LF:0
LH:0
BRF:0
BRH:0
end_of_record
TN:
SF:src/modules/chat-system/hooks/useChatHistory.js
FN:3,useChatHistory
FN:8,(anonymous_1)
FN:8,(anonymous_2)
FN:9,(anonymous_3)
FNF:4
FNH:0
FNDA:0,useChatHistory
FNDA:0,(anonymous_1)
FNDA:0,(anonymous_2)
FNDA:0,(anonymous_3)
DA:4,0
DA:6,0
DA:8,0
DA:9,0
LF:4
LH:0
BRDA:3,0,0,0
BRF:1
BRH:0
end_of_record
TN:
SF:src/modules/chat-system/hooks/useChatQuery.js
FN:6,useChatQuery
FN:9,(anonymous_1)
FN:12,(anonymous_2)
FN:16,(anonymous_3)
FN:26,(anonymous_4)
FNF:5
FNH:0
FNDA:0,useChatQuery
FNDA:0,(anonymous_1)
FNDA:0,(anonymous_2)
FNDA:0,(anonymous_3)
FNDA:0,(anonymous_4)
DA:7,0
DA:8,0
DA:9,0
DA:10,0
DA:12,0
DA:13,0
DA:14,0
DA:15,0
DA:16,0
DA:17,0
DA:19,0
DA:20,0
DA:22,0
DA:26,0
LF:14
LH:0
BRDA:6,0,0,0
BRDA:12,1,0,0
BRF:2
BRH:0
end_of_record
TN:
SF:src/modules/chat-system/services/chatApi.js
FN:3,createChatApi
FN:7,(anonymous_1)
FNF:2
FNH:0
FNDA:0,createChatApi
FNDA:0,(anonymous_1)
DA:4,0
DA:6,0
DA:8,0
LF:3
LH:0
BRDA:3,0,0,0
BRDA:7,1,0,0
BRF:2
BRH:0
end_of_record
TN:
SF:src/modules/document-management/index.js
FNF:0
FNH:0
DA:9,0
LF:1
LH:0
BRF:0
BRH:0
end_of_record
TN:
SF:src/modules/document-management/components/DocumentLibrary.jsx
FNF:0
FNH:0
LF:0
LH:0
BRF:0
BRH:0
end_of_record
TN:
SF:src/modules/document-management/components/DocumentList.jsx
FNF:0
FNH:0
LF:0
LH:0
BRF:0
BRH:0
end_of_record
TN:
SF:src/modules/document-management/components/FileUpload.jsx
FNF:0
FNH:0
LF:0
LH:0
BRF:0
BRH:0
end_of_record
TN:
SF:src/modules/document-management/hooks/useDocumentList.js
FN:5,useDocumentList
FN:6,(anonymous_1)
FN:8,(anonymous_2)
FNF:3
FNH:0
FNDA:0,useDocumentList
FNDA:0,(anonymous_1)
FNDA:0,(anonymous_2)
DA:6,0
DA:8,0
DA:9,0
DA:12,0
LF:4
LH:0
BRDA:5,0,0,0
BRDA:8,1,0,0
BRDA:8,2,0,0
BRF:3
BRH:0
end_of_record
TN:
SF:src/modules/document-management/hooks/useDocumentUpload.js
FN:6,useDocumentUpload
FN:8,(anonymous_1)
FN:10,(anonymous_2)
FNF:3
FNH:0
FNDA:0,useDocumentUpload
FNDA:0,(anonymous_1)
FNDA:0,(anonymous_2)
DA:7,0
DA:8,0
DA:10,0
DA:11,0
DA:12,0
DA:13,0
DA:14,0
DA:15,0
DA:17,0
DA:18,0
DA:22,0
LF:11
LH:0
BRDA:6,0,0,0
BRDA:10,1,0,0
BRF:2
BRH:0
end_of_record
TN:
SF:src/modules/document-management/services/documentApi.js
FN:3,createDocumentApi
FN:7,(anonymous_1)
FN:10,(anonymous_2)
FN:13,(anonymous_3)
FNF:4
FNH:0
FNDA:0,createDocumentApi
FNDA:0,(anonymous_1)
FNDA:0,(anonymous_2)
FNDA:0,(anonymous_3)
DA:4,0
DA:6,0
DA:8,0
DA:11,0
DA:14,0
LF:5
LH:0
BRDA:3,0,0,0
BRDA:7,1,0,0
BRDA:10,2,0,0
BRDA:10,3,0,0
BRDA:13,4,0,0
BRF:5
BRH:0
end_of_record
TN:
SF:src/modules/shared/index.js
FNF:0
FNH:0
LF:0
LH:0
BRF:0
BRH:0
end_of_record
TN:
SF:src/modules/shared/components/ErrorBoundary.jsx
FN:4,(anonymous_0)
FN:9,(anonymous_1)
FN:13,(anonymous_2)
FNF:3
FNH:2
FNDA:1,(anonymous_0)
FNDA:0,(anonymous_1)
FNDA:1,(anonymous_2)
DA:5,1
DA:6,1
DA:10,0
DA:14,1
DA:15,0
DA:23,1
LF:6
LH:4
BRDA:14,0,0,0
BRDA:14,0,1,1
BRF:2
BRH:1
end_of_record
TN:
SF:src/modules/shared/components/Layout.jsx
FN:3,Layout
FNF:1
FNH:1
FNDA:1,Layout
DA:4,1
LF:1
LH:1
BRF:0
BRH:0
end_of_record
TN:
SF:src/modules/shared/components/LoadingSpinner.jsx
FN:1,LoadingSpinner
FNF:1
FNH:1
FNDA:1,LoadingSpinner
DA:2,1
LF:1
LH:1
BRDA:1,0,0,1
BRF:1
BRH:1
end_of_record
TN:
SF:src/modules/shared/components/Navigation.jsx
FN:3,Navigation
FNF:1
FNH:1
FNDA:1,Navigation
DA:4,1
LF:1
LH:1
BRDA:9,0,0,1
BRDA:9,0,1,0
BRF:2
BRH:1
end_of_record
TN:
SF:src/modules/shared/constants/apiEndpoints.js
FNF:0
FNH:0
DA:1,1
LF:1
LH:1
BRF:0
BRH:0
end_of_record
TN:
SF:src/modules/shared/contexts/NotificationContext.jsx
FN:5,(anonymous_0)
FN:8,NotificationProvider
FN:11,(anonymous_2)
FN:13,(anonymous_3)
FN:14,(anonymous_4)
FN:21,useNotifications
FNF:6
FNH:2
FNDA:0,(anonymous_0)
FNDA:1,NotificationProvider
FNDA:1,(anonymous_2)
FNDA:0,(anonymous_3)
FNDA:0,(anonymous_4)
FNDA:0,useNotifications
DA:3,1
DA:9,1
DA:11,1
DA:14,0
DA:18,1
DA:22,0
LF:6
LH:4
BRDA:13,0,0,0
BRF:1
BRH:0
end_of_record
TN:
SF:src/modules/shared/hooks/useApi.js
FN:5,useApi
FN:9,(anonymous_1)
FNF:2
FNH:0
FNDA:0,useApi
FNDA:0,(anonymous_1)
DA:6,0
DA:7,0
DA:9,0
DA:10,0
DA:11,0
DA:12,0
DA:14,0
DA:15,0
DA:17,0
DA:18,0
DA:20,0
DA:24,0
LF:12
LH:0
BRDA:5,0,0,0
BRF:1
BRH:0
end_of_record
TN:
SF:src/modules/shared/hooks/useNotification.js
FN:3,useNotification
FN:4,(anonymous_1)
FNF:2
FNH:0
FNDA:0,useNotification
FNDA:0,(anonymous_1)
DA:4,0
DA:5,0
DA:6,0
DA:12,0
LF:4
LH:0
BRDA:4,0,0,0
BRDA:5,1,0,0
BRDA:5,1,1,0
BRF:3
BRH:0
end_of_record
TN:
SF:src/modules/shared/services/apiClient.js
FN:3,createApiClient
FNF:1
FNH:0
FNDA:0,createApiClient
DA:4,0
LF:1
LH:0
BRDA:3,0,0,0
BRF:1
BRH:0
end_of_record
TN:
SF:src/modules/shared/services/errorHandler.js
FNF:0
FNH:0
LF:0
LH:0
BRF:0
BRH:0
end_of_record
TN:
SF:src/modules/shared/utils/formatting.js
FN:1,formatRole
FN:5,formatTimestamp
FNF:2
FNH:0
FNDA:0,formatRole
FNDA:0,formatTimestamp
DA:2,0
DA:6,0
DA:7,0
DA:10,0
LF:4
LH:0
BRDA:2,0,0,0
BRDA:2,0,1,0
BRDA:6,1,0,0
BRDA:6,1,1,0
BRF:4
BRH:0
end_of_record
TN:
SF:src/modules/shared/utils/validation.js
FN:1,requireValue
FN:7,isNonEmptyString
FNF:2
FNH:0
FNDA:0,requireValue
FNDA:0,isNonEmptyString
DA:2,0
DA:3,0
DA:8,0
LF:3
LH:0
BRDA:2,0,0,0
BRDA:2,0,1,0
BRDA:2,1,0,0
BRDA:2,1,1,0
BRDA:2,1,2,0
BRDA:8,2,0,0
BRDA:8,2,1,0
BRF:7
BRH:0
end_of_record
TN:
SF:src/modules/user-management/index.js
FNF:0
FNH:0
DA:9,1
LF:1
LH:1
BRF:0
BRH:0
end_of_record
TN:
SF:src/modules/user-management/components/AdminPanel.jsx
FN:3,AdminPanel
FNF:1
FNH:1
FNDA:1,AdminPanel
DA:4,1
LF:1
LH:1
BRF:0
BRH:0
end_of_record
TN:
SF:src/modules/user-management/components/LoginForm.jsx
FN:1,LoginForm
FNF:1
FNH:0
FNDA:0,LoginForm
DA:2,0
LF:1
LH:0
BRF:0
BRH:0
end_of_record
TN:
SF:src/modules/user-management/components/UserProfile.jsx
FN:3,UserProfile
FNF:1
FNH:0
FNDA:0,UserProfile
DA:4,0
DA:6,0
LF:2
LH:0
BRF:0
BRH:0
end_of_record
TN:
SF:src/modules/user-management/hooks/useAuth.js
FN:5,useAuth
FN:6,(anonymous_1)
FNF:2
FNH:0
FNDA:0,useAuth
FNDA:0,(anonymous_1)
DA:6,0
DA:7,0
DA:8,0
DA:10,0
LF:4
LH:0
BRDA:5,0,0,0
BRDA:7,1,0,0
BRDA:7,1,1,0
BRDA:7,1,2,0
BRDA:8,2,0,0
BRDA:8,2,1,0
BRDA:8,2,2,0
BRF:7
BRH:0
end_of_record
TN:
SF:src/modules/user-management/hooks/useUserProfile.js
FN:5,useUserProfile
FN:6,(anonymous_1)
FNF:2
FNH:0
FNDA:0,useUserProfile
FNDA:0,(anonymous_1)
DA:6,0
DA:7,0
DA:8,0
DA:10,0
LF:4
LH:0
BRDA:5,0,0,0
BRDA:7,1,0,0
BRDA:7,1,1,0
BRDA:7,1,2,0
BRDA:8,2,0,0
BRDA:8,2,1,0
BRDA:8,2,2,0
BRF:7
BRH:0
end_of_record
TN:
SF:src/modules/user-management/services/authApi.js
FN:1,createAuthApi
FN:3,(anonymous_1)
FNF:2
FNH:0
FNDA:0,createAuthApi
FNDA:0,(anonymous_1)
DA:2,0
DA:4,0
LF:2
LH:0
BRDA:1,0,0,0
BRDA:5,1,0,0
BRDA:5,1,1,0
BRDA:5,1,2,0
BRDA:6,2,0,0
BRDA:6,2,1,0
BRDA:6,2,2,0
BRDA:7,3,0,0
BRDA:7,3,1,0
BRDA:7,3,2,0
BRF:10
BRH:0
end_of_record
TN:
SF:src/routes/AppRoutes.js
FN:6,(anonymous_0)
FN:6,(anonymous_1)
FN:7,(anonymous_2)
FN:7,(anonymous_3)
FN:8,(anonymous_4)
FN:8,(anonymous_5)
FN:9,(anonymous_6)
FN:9,(anonymous_7)
FN:11,AppRoutes
FNF:9
FNH:3
FNDA:0,(anonymous_0)
FNDA:0,(anonymous_1)
FNDA:0,(anonymous_2)
FNDA:0,(anonymous_3)
FNDA:0,(anonymous_4)
FNDA:0,(anonymous_5)
FNDA:1,(anonymous_6)
FNDA:1,(anonymous_7)
FNDA:1,AppRoutes
DA:6,1
DA:7,1
DA:8,1
DA:9,1
DA:12,1
DA:14,1
LF:6
LH:6
BRDA:12,0,0,1
BRDA:12,0,1,0
BRF:2
BRH:1
end_of_record
TN:
SF:src/services/ApiClient.js
FN:7,checkBackendHealth
FN:16,(anonymous_1)
FN:19,(anonymous_2)
FN:20,(anonymous_3)
FN:23,(anonymous_4)
FN:34,(anonymous_5)
FN:38,(anonymous_6)
FN:46,(anonymous_7)
FN:50,(anonymous_8)
FN:54,(anonymous_9)
FN:58,(anonymous_10)
FNF:11
FNH:5
FNDA:1,checkBackendHealth
FNDA:1,(anonymous_1)
FNDA:0,(anonymous_2)
FNDA:0,(anonymous_3)
FNDA:1,(anonymous_4)
FNDA:1,(anonymous_5)
FNDA:0,(anonymous_6)
FNDA:0,(anonymous_7)
FNDA:1,(anonymous_8)
FNDA:0,(anonymous_9)
FNDA:0,(anonymous_10)
DA:8,1
DA:9,1
DA:10,0
DA:12,1
DA:17,1
DA:19,0
DA:20,0
DA:23,1
DA:34,1
DA:38,0
DA:42,1
DA:43,1
DA:47,0
DA:51,1
DA:55,0
DA:59,0
LF:16
LH:9
BRDA:8,0,0,1
BRDA:8,0,1,1
BRDA:9,1,0,0
BRDA:9,1,1,1
BRDA:16,2,0,0
BRDA:19,3,0,1
BRDA:19,3,1,0
BRDA:20,4,0,1
BRDA:20,4,1,0
BRDA:20,5,0,0
BRDA:20,5,1,0
BRDA:20,5,2,0
BRDA:22,6,0,1
BRDA:22,6,1,1
BRDA:33,7,0,1
BRDA:33,7,1,1
BRDA:37,8,0,1
BRDA:37,8,1,1
BRF:18
BRH:11
end_of_record
TN:
SF:src/services/ChatApiClient.js
FN:7,(anonymous_0)
FN:11,(anonymous_1)
FNF:2
FNH:2
FNDA:3,(anonymous_0)
FNDA:2,(anonymous_1)
DA:4,4
DA:8,3
DA:12,2
DA:13,0
DA:18,2
LF:5
LH:4
BRDA:7,0,0,0
BRDA:11,1,0,0
BRDA:11,2,0,0
BRDA:12,3,0,0
BRDA:12,3,1,2
BRDA:12,4,0,2
BRDA:12,4,1,2
BRF:7
BRH:3
end_of_record
TN:
SF:src/services/DocumentApiClient.js
FN:7,(anonymous_0)
FN:10,ensureUserId
FN:18,validateFile
FN:40,(anonymous_3)
FN:44,(anonymous_4)
FN:60,(anonymous_5)
FN:69,(anonymous_6)
FNF:7
FNH:7
FNDA:12,(anonymous_0)
FNDA:5,ensureUserId
FNDA:2,validateFile
FNDA:3,(anonymous_3)
FNDA:2,(anonymous_4)
FNDA:2,(anonymous_5)
FNDA:1,(anonymous_6)
DA:4,4
DA:5,4
DA:7,12
DA:11,5
DA:12,0
DA:19,2
DA:20,0
DA:25,2
DA:26,2
DA:27,0
DA:32,2
DA:33,0
DA:41,3
DA:45,2
DA:46,2
DA:48,2
DA:49,2
DA:50,2
DA:52,2
DA:61,2
DA:63,2
DA:70,1
DA:72,1
LF:23
LH:19
BRDA:4,0,0,4
BRDA:4,0,1,4
BRDA:5,1,0,4
BRDA:5,1,1,4
BRDA:10,2,0,0
BRDA:11,3,0,0
BRDA:11,3,1,5
BRDA:19,4,0,0
BRDA:19,4,1,2
BRDA:26,5,0,0
BRDA:26,5,1,2
BRDA:26,6,0,2
BRDA:26,6,1,2
BRDA:32,7,0,0
BRDA:32,7,1,2
BRDA:40,8,0,0
BRDA:44,9,0,0
BRDA:60,10,0,0
BRDA:60,11,0,0
BRDA:63,12,0,1
BRDA:63,12,1,1
BRDA:69,13,0,0
BRF:22
BRH:12
end_of_record
TN:
SF:src/services/ErrorHandler.js
FN:17,(anonymous_0)
FN:27,toApiError
FN:58,mapHttpError
FNF:3
FNH:3
FNDA:4,(anonymous_0)
FNDA:3,toApiError
FNDA:2,mapHttpError
DA:1,6
DA:3,6
DA:18,4
DA:19,4
DA:20,4
DA:21,4
DA:22,4
DA:23,4
DA:28,3
DA:29,1
DA:32,2
DA:33,1
DA:39,1
DA:40,1
DA:46,0
DA:47,0
DA:53,0
DA:59,2
DA:61,2
DA:68,6
LF:20
LH:17
BRDA:17,0,0,0
BRDA:20,1,0,4
BRDA:20,1,1,2
BRDA:21,2,0,4
BRDA:21,2,1,2
BRDA:22,3,0,4
BRDA:22,3,1,2
BRDA:23,4,0,4
BRDA:23,4,1,2
BRDA:28,5,0,1
BRDA:28,5,1,2
BRDA:32,6,0,1
BRDA:32,6,1,1
BRDA:39,7,0,1
BRDA:39,7,1,0
BRDA:46,8,0,0
BRDA:46,8,1,0
BRDA:53,9,0,0
BRDA:53,9,1,0
BRDA:59,10,0,2
BRDA:59,10,1,2
BRDA:59,10,2,1
BRDA:59,10,3,0
BRDA:63,11,0,2
BRDA:63,11,1,2
BRDA:63,11,2,2
BRF:26
BRH:19
end_of_record
TN:
SF:src/utils/HttpClient.js
FN:5,mergeHeaders
FN:6,(anonymous_1)
FN:11,(anonymous_2)
FN:21,parseBody
FN:30,(anonymous_4)
FN:44,(anonymous_5)
FN:47,(anonymous_6)
FN:48,(anonymous_7)
FN:54,(anonymous_8)
FN:57,(anonymous_9)
FN:92,(anonymous_10)
FN:94,(anonymous_11)
FN:97,(anonymous_12)
FN:102,(anonymous_13)
FN:113,(anonymous_14)
FN:126,(anonymous_15)
FN:130,(anonymous_16)
FN:138,(anonymous_17)
FN:143,(anonymous_18)
FN:154,(anonymous_19)
FN:162,(anonymous_20)
FN:170,(anonymous_21)
FN:171,(anonymous_22)
FNF:23
FNH:20
FNDA:14,mergeHeaders
FNDA:35,(anonymous_1)
FNDA:26,(anonymous_2)
FNDA:5,parseBody
FNDA:5,(anonymous_4)
FNDA:5,(anonymous_5)
FNDA:6,(anonymous_6)
FNDA:2,(anonymous_7)
FNDA:5,(anonymous_8)
FNDA:0,(anonymous_9)
FNDA:2,(anonymous_10)
FNDA:2,(anonymous_11)
FNDA:2,(anonymous_12)
FNDA:1,(anonymous_13)
FNDA:1,(anonymous_14)
FNDA:0,(anonymous_15)
FNDA:1,(anonymous_16)
FNDA:1,(anonymous_17)
FNDA:7,(anonymous_18)
FNDA:5,(anonymous_19)
FNDA:5,(anonymous_20)
FNDA:2,(anonymous_21)
FNDA:0,(anonymous_22)
DA:3,5
DA:6,14
DA:7,35
DA:8,15
DA:11,20
DA:12,26
DA:13,26
DA:17,20
DA:22,5
DA:23,0
DA:26,5
DA:27,0
DA:30,5
DA:31,5
DA:32,0
DA:35,5
DA:36,5
DA:38,0
DA:45,5
DA:46,5
DA:47,6
DA:48,5
DA:49,5
DA:50,5
DA:51,5
DA:55,5
DA:56,5
DA:57,5
DA:59,5
DA:60,5
DA:71,5
DA:72,5
DA:74,5
DA:75,1
DA:78,4
DA:80,1
DA:86,1
DA:88,5
DA:93,2
DA:94,2
DA:95,2
DA:97,2
DA:98,2
DA:101,2
DA:102,2
DA:103,1
DA:104,1
DA:113,2
DA:114,1
DA:115,1
DA:116,1
DA:117,0
DA:120,1
DA:122,0
DA:126,2
DA:127,0
DA:130,2
DA:131,1
DA:134,2
DA:137,2
DA:138,1
DA:144,7
DA:145,7
DA:147,7
DA:155,5
DA:156,5
DA:157,1
DA:159,5
DA:163,5
DA:164,5
DA:165,1
DA:167,5
DA:171,2
LF:73
LH:66
BRDA:7,0,0,15
BRDA:7,0,1,20
BRDA:12,1,0,26
BRDA:12,1,1,0
BRDA:12,2,0,26
BRDA:12,2,1,26
BRDA:12,2,2,26
BRDA:21,3,0,0
BRDA:22,4,0,0
BRDA:22,4,1,5
BRDA:26,5,0,0
BRDA:26,5,1,5
BRDA:31,6,0,0
BRDA:31,6,1,5
BRDA:44,7,0,0
BRDA:45,8,0,5
BRDA:45,8,1,0
BRDA:45,8,2,0
BRDA:46,9,0,5
BRDA:46,9,1,5
BRDA:47,10,0,5
BRDA:47,10,1,4
BRDA:48,11,0,5
BRDA:48,11,1,4
BRDA:49,12,0,5
BRDA:49,12,1,4
BRDA:50,13,0,5
BRDA:50,13,1,4
BRDA:51,14,0,5
BRDA:51,14,1,4
BRDA:54,15,0,0
BRDA:55,16,0,5
BRDA:55,16,1,3
BRDA:61,17,0,5
BRDA:61,17,1,3
BRDA:67,18,0,5
BRDA:67,18,1,5
BRDA:68,19,0,5
BRDA:68,19,1,5
BRDA:74,20,0,1
BRDA:74,20,1,4
BRDA:80,21,0,0
BRDA:80,21,1,1
BRDA:82,22,0,0
BRDA:82,22,1,1
BRDA:82,23,0,1
BRDA:82,23,1,0
BRDA:92,24,0,0
BRDA:95,25,0,2
BRDA:95,25,1,2
BRDA:101,26,0,2
BRDA:101,26,1,0
BRDA:103,27,0,1
BRDA:103,27,1,0
BRDA:115,28,0,1
BRDA:115,28,1,0
BRDA:116,29,0,0
BRDA:116,29,1,1
BRDA:116,30,0,1
BRDA:116,30,1,1
BRDA:143,31,0,0
BRDA:144,32,0,7
BRDA:144,32,1,7
BRDA:145,33,0,7
BRDA:145,33,1,2
BRDA:148,34,0,0
BRDA:148,34,1,7
BRDA:149,35,0,1
BRDA:149,35,1,6
BRDA:150,36,0,5
BRDA:150,36,1,2
BRF:71
BRH:52
end_of_record
